<?xml version="1.0" encoding="UTF-8"?>
<testsuite xmlns:xsi="http://www.w3.org/2001/XMLSchema-instance" xsi:noNamespaceSchemaLocation="https://maven.apache.org/surefire/maven-surefire-plugin/xsd/surefire-test-report.xsd" name="RunCucumberTest" time="49.383" tests="7" errors="0" skipped="0" failures="7">
  <properties>
    <property name="gopherProxySet" value="false"/>
    <property name="awt.toolkit" value="sun.lwawt.macosx.LWCToolkit"/>
    <property name="file.encoding.pkg" value="sun.io"/>
    <property name="java.specification.version" value="1.8"/>
    <property name="sun.cpu.isalist" value=""/>
    <property name="sun.jnu.encoding" value="UTF-8"/>
    <property name="java.class.path" value="/Users/jqorri/workspace/TestingExercises/target/test-classes:/Users/jqorri/workspace/TestingExercises/target/classes:/Users/jqorri/.m2/repository/io/cucumber/cucumber-java8/4.8.0/cucumber-java8-4.8.0.jar:/Users/jqorri/.m2/repository/io/cucumber/cucumber-java/4.8.0/cucumber-java-4.8.0.jar:/Users/jqorri/.m2/repository/org/apiguardian/apiguardian-api/1.1.0/apiguardian-api-1.1.0.jar:/Users/jqorri/.m2/repository/net/jodah/typetools/0.5.0/typetools-0.5.0.jar:/Users/jqorri/.m2/repository/io/cucumber/cucumber-testng/4.8.0/cucumber-testng-4.8.0.jar:/Users/jqorri/.m2/repository/io/cucumber/cucumber-picocontainer/4.8.0/cucumber-picocontainer-4.8.0.jar:/Users/jqorri/.m2/repository/org/picocontainer/picocontainer/2.15/picocontainer-2.15.jar:/Users/jqorri/.m2/repository/io/cucumber/cucumber-core/4.8.0/cucumber-core-4.8.0.jar:/Users/jqorri/.m2/repository/io/cucumber/gherkin/5.1.0/gherkin-5.1.0.jar:/Users/jqorri/.m2/repository/io/cucumber/tag-expressions/1.1.1/tag-expressions-1.1.1.jar:/Users/jqorri/.m2/repository/io/cucumber/cucumber-expressions/7.0.2/cucumber-expressions-7.0.2.jar:/Users/jqorri/.m2/repository/io/cucumber/datatable/1.1.14/datatable-1.1.14.jar:/Users/jqorri/.m2/repository/io/cucumber/datatable-dependencies/1.1.14/datatable-dependencies-1.1.14.jar:/Users/jqorri/.m2/repository/org/testng/testng/6.14.3/testng-6.14.3.jar:/Users/jqorri/.m2/repository/com/beust/jcommander/1.72/jcommander-1.72.jar:/Users/jqorri/.m2/repository/org/apache-extras/beanshell/bsh/2.0b6/bsh-2.0b6.jar:/Users/jqorri/.m2/repository/org/seleniumhq/selenium/selenium-java/3.141.59/selenium-java-3.141.59.jar:/Users/jqorri/.m2/repository/org/seleniumhq/selenium/selenium-api/3.141.59/selenium-api-3.141.59.jar:/Users/jqorri/.m2/repository/org/seleniumhq/selenium/selenium-chrome-driver/3.141.59/selenium-chrome-driver-3.141.59.jar:/Users/jqorri/.m2/repository/org/seleniumhq/selenium/selenium-edge-driver/3.141.59/selenium-edge-driver-3.141.59.jar:/Users/jqorri/.m2/repository/org/seleniumhq/selenium/selenium-firefox-driver/3.141.59/selenium-firefox-driver-3.141.59.jar:/Users/jqorri/.m2/repository/org/seleniumhq/selenium/selenium-ie-driver/3.141.59/selenium-ie-driver-3.141.59.jar:/Users/jqorri/.m2/repository/org/seleniumhq/selenium/selenium-opera-driver/3.141.59/selenium-opera-driver-3.141.59.jar:/Users/jqorri/.m2/repository/org/seleniumhq/selenium/selenium-remote-driver/3.141.59/selenium-remote-driver-3.141.59.jar:/Users/jqorri/.m2/repository/org/seleniumhq/selenium/selenium-safari-driver/3.141.59/selenium-safari-driver-3.141.59.jar:/Users/jqorri/.m2/repository/org/seleniumhq/selenium/selenium-support/3.141.59/selenium-support-3.141.59.jar:/Users/jqorri/.m2/repository/net/bytebuddy/byte-buddy/1.8.15/byte-buddy-1.8.15.jar:/Users/jqorri/.m2/repository/org/apache/commons/commons-exec/1.3/commons-exec-1.3.jar:/Users/jqorri/.m2/repository/com/google/guava/guava/25.0-jre/guava-25.0-jre.jar:/Users/jqorri/.m2/repository/com/google/code/findbugs/jsr305/1.3.9/jsr305-1.3.9.jar:/Users/jqorri/.m2/repository/org/checkerframework/checker-compat-qual/2.0.0/checker-compat-qual-2.0.0.jar:/Users/jqorri/.m2/repository/com/google/errorprone/error_prone_annotations/2.1.3/error_prone_annotations-2.1.3.jar:/Users/jqorri/.m2/repository/com/google/j2objc/j2objc-annotations/1.1/j2objc-annotations-1.1.jar:/Users/jqorri/.m2/repository/org/codehaus/mojo/animal-sniffer-annotations/1.14/animal-sniffer-annotations-1.14.jar:/Users/jqorri/.m2/repository/com/squareup/okhttp3/okhttp/3.11.0/okhttp-3.11.0.jar:/Users/jqorri/.m2/repository/com/squareup/okio/okio/1.14.0/okio-1.14.0.jar:/Users/jqorri/.m2/repository/org/seleniumhq/selenium/selenium-server/3.141.59/selenium-server-3.141.59.jar:/Users/jqorri/.m2/repository/net/jcip/jcip-annotations/1.0/jcip-annotations-1.0.jar:/Users/jqorri/.m2/repository/org/seleniumhq/selenium/jetty-repacked/9.4.12.v20180830/jetty-repacked-9.4.12.v20180830.jar:/Users/jqorri/.m2/repository/javax/servlet/javax.servlet-api/3.1.0/javax.servlet-api-3.1.0.jar:/Users/jqorri/.m2/repository/org/yaml/snakeyaml/1.19/snakeyaml-1.19.jar:/Users/jqorri/.m2/repository/io/github/bonigarcia/webdrivermanager/3.3.0/webdrivermanager-3.3.0.jar:/Users/jqorri/.m2/repository/org/slf4j/slf4j-api/1.7.25/slf4j-api-1.7.25.jar:/Users/jqorri/.m2/repository/commons-io/commons-io/2.6/commons-io-2.6.jar:/Users/jqorri/.m2/repository/com/google/code/gson/gson/2.8.5/gson-2.8.5.jar:/Users/jqorri/.m2/repository/org/apache/commons/commons-lang3/3.8.1/commons-lang3-3.8.1.jar:/Users/jqorri/.m2/repository/org/apache/httpcomponents/httpclient/4.5.6/httpclient-4.5.6.jar:/Users/jqorri/.m2/repository/org/apache/httpcomponents/httpcore/4.4.10/httpcore-4.4.10.jar:/Users/jqorri/.m2/repository/commons-logging/commons-logging/1.2/commons-logging-1.2.jar:/Users/jqorri/.m2/repository/commons-codec/commons-codec/1.10/commons-codec-1.10.jar:/Users/jqorri/.m2/repository/org/rauschig/jarchivelib/1.0.0/jarchivelib-1.0.0.jar:/Users/jqorri/.m2/repository/org/apache/commons/commons-compress/1.18/commons-compress-1.18.jar:/Users/jqorri/.m2/repository/org/jsoup/jsoup/1.11.3/jsoup-1.11.3.jar:/Users/jqorri/.m2/repository/io/appium/java-client/7.3.0/java-client-7.3.0.jar:/Users/jqorri/.m2/repository/cglib/cglib/3.2.12/cglib-3.2.12.jar:/Users/jqorri/.m2/repository/org/ow2/asm/asm/7.1/asm-7.1.jar:/Users/jqorri/.m2/repository/commons-validator/commons-validator/1.6/commons-validator-1.6.jar:/Users/jqorri/.m2/repository/commons-beanutils/commons-beanutils/1.9.2/commons-beanutils-1.9.2.jar:/Users/jqorri/.m2/repository/commons-digester/commons-digester/1.8.1/commons-digester-1.8.1.jar:/Users/jqorri/.m2/repository/commons-collections/commons-collections/3.2.2/commons-collections-3.2.2.jar:/Users/jqorri/.m2/repository/org/springframework/spring-context/5.1.8.RELEASE/spring-context-5.1.8.RELEASE.jar:/Users/jqorri/.m2/repository/org/springframework/spring-aop/5.1.8.RELEASE/spring-aop-5.1.8.RELEASE.jar:/Users/jqorri/.m2/repository/org/springframework/spring-beans/5.1.8.RELEASE/spring-beans-5.1.8.RELEASE.jar:/Users/jqorri/.m2/repository/org/springframework/spring-core/5.1.8.RELEASE/spring-core-5.1.8.RELEASE.jar:/Users/jqorri/.m2/repository/org/springframework/spring-jcl/5.1.8.RELEASE/spring-jcl-5.1.8.RELEASE.jar:/Users/jqorri/.m2/repository/org/springframework/spring-expression/5.1.8.RELEASE/spring-expression-5.1.8.RELEASE.jar:/Users/jqorri/.m2/repository/org/aspectj/aspectjweaver/1.9.4/aspectjweaver-1.9.4.jar:/Users/jqorri/.m2/repository/org/apache/maven/surefire/surefire-testng-utils/2.22.0/surefire-testng-utils-2.22.0.jar:/Users/jqorri/.m2/repository/org/apache/maven/surefire/surefire-grouper/2.22.0/surefire-grouper-2.22.0.jar:"/>
    <property name="java.vm.vendor" value="Oracle Corporation"/>
    <property name="sun.arch.data.model" value="64"/>
    <property name="java.vendor.url" value="http://java.oracle.com/"/>
    <property name="user.timezone" value=""/>
    <property name="java.vm.specification.version" value="1.8"/>
    <property name="os.name" value="Mac OS X"/>
    <property name="user.country" value="US"/>
    <property name="sun.java.launcher" value="SUN_STANDARD"/>
    <property name="sun.boot.library.path" value="/Library/Java/JavaVirtualMachines/jdk1.8.0_221.jdk/Contents/Home/jre/lib"/>
    <property name="sun.java.command" value="/Users/jqorri/workspace/TestingExercises/target/surefire/surefirebooter2245893087214504455.jar /Users/jqorri/workspace/TestingExercises/target/surefire 2020-01-22T16-46-53_913-jvmRun1 surefire7790405460935964712tmp surefire_06778705867019329789tmp"/>
    <property name="http.nonProxyHosts" value="local|*.local|169.254/16|*.169.254/16"/>
    <property name="surefire.test.class.path" value="/Users/jqorri/workspace/TestingExercises/target/test-classes:/Users/jqorri/workspace/TestingExercises/target/classes:/Users/jqorri/.m2/repository/io/cucumber/cucumber-java8/4.8.0/cucumber-java8-4.8.0.jar:/Users/jqorri/.m2/repository/io/cucumber/cucumber-java/4.8.0/cucumber-java-4.8.0.jar:/Users/jqorri/.m2/repository/org/apiguardian/apiguardian-api/1.1.0/apiguardian-api-1.1.0.jar:/Users/jqorri/.m2/repository/net/jodah/typetools/0.5.0/typetools-0.5.0.jar:/Users/jqorri/.m2/repository/io/cucumber/cucumber-testng/4.8.0/cucumber-testng-4.8.0.jar:/Users/jqorri/.m2/repository/io/cucumber/cucumber-picocontainer/4.8.0/cucumber-picocontainer-4.8.0.jar:/Users/jqorri/.m2/repository/org/picocontainer/picocontainer/2.15/picocontainer-2.15.jar:/Users/jqorri/.m2/repository/io/cucumber/cucumber-core/4.8.0/cucumber-core-4.8.0.jar:/Users/jqorri/.m2/repository/io/cucumber/gherkin/5.1.0/gherkin-5.1.0.jar:/Users/jqorri/.m2/repository/io/cucumber/tag-expressions/1.1.1/tag-expressions-1.1.1.jar:/Users/jqorri/.m2/repository/io/cucumber/cucumber-expressions/7.0.2/cucumber-expressions-7.0.2.jar:/Users/jqorri/.m2/repository/io/cucumber/datatable/1.1.14/datatable-1.1.14.jar:/Users/jqorri/.m2/repository/io/cucumber/datatable-dependencies/1.1.14/datatable-dependencies-1.1.14.jar:/Users/jqorri/.m2/repository/org/testng/testng/6.14.3/testng-6.14.3.jar:/Users/jqorri/.m2/repository/com/beust/jcommander/1.72/jcommander-1.72.jar:/Users/jqorri/.m2/repository/org/apache-extras/beanshell/bsh/2.0b6/bsh-2.0b6.jar:/Users/jqorri/.m2/repository/org/seleniumhq/selenium/selenium-java/3.141.59/selenium-java-3.141.59.jar:/Users/jqorri/.m2/repository/org/seleniumhq/selenium/selenium-api/3.141.59/selenium-api-3.141.59.jar:/Users/jqorri/.m2/repository/org/seleniumhq/selenium/selenium-chrome-driver/3.141.59/selenium-chrome-driver-3.141.59.jar:/Users/jqorri/.m2/repository/org/seleniumhq/selenium/selenium-edge-driver/3.141.59/selenium-edge-driver-3.141.59.jar:/Users/jqorri/.m2/repository/org/seleniumhq/selenium/selenium-firefox-driver/3.141.59/selenium-firefox-driver-3.141.59.jar:/Users/jqorri/.m2/repository/org/seleniumhq/selenium/selenium-ie-driver/3.141.59/selenium-ie-driver-3.141.59.jar:/Users/jqorri/.m2/repository/org/seleniumhq/selenium/selenium-opera-driver/3.141.59/selenium-opera-driver-3.141.59.jar:/Users/jqorri/.m2/repository/org/seleniumhq/selenium/selenium-remote-driver/3.141.59/selenium-remote-driver-3.141.59.jar:/Users/jqorri/.m2/repository/org/seleniumhq/selenium/selenium-safari-driver/3.141.59/selenium-safari-driver-3.141.59.jar:/Users/jqorri/.m2/repository/org/seleniumhq/selenium/selenium-support/3.141.59/selenium-support-3.141.59.jar:/Users/jqorri/.m2/repository/net/bytebuddy/byte-buddy/1.8.15/byte-buddy-1.8.15.jar:/Users/jqorri/.m2/repository/org/apache/commons/commons-exec/1.3/commons-exec-1.3.jar:/Users/jqorri/.m2/repository/com/google/guava/guava/25.0-jre/guava-25.0-jre.jar:/Users/jqorri/.m2/repository/com/google/code/findbugs/jsr305/1.3.9/jsr305-1.3.9.jar:/Users/jqorri/.m2/repository/org/checkerframework/checker-compat-qual/2.0.0/checker-compat-qual-2.0.0.jar:/Users/jqorri/.m2/repository/com/google/errorprone/error_prone_annotations/2.1.3/error_prone_annotations-2.1.3.jar:/Users/jqorri/.m2/repository/com/google/j2objc/j2objc-annotations/1.1/j2objc-annotations-1.1.jar:/Users/jqorri/.m2/repository/org/codehaus/mojo/animal-sniffer-annotations/1.14/animal-sniffer-annotations-1.14.jar:/Users/jqorri/.m2/repository/com/squareup/okhttp3/okhttp/3.11.0/okhttp-3.11.0.jar:/Users/jqorri/.m2/repository/com/squareup/okio/okio/1.14.0/okio-1.14.0.jar:/Users/jqorri/.m2/repository/org/seleniumhq/selenium/selenium-server/3.141.59/selenium-server-3.141.59.jar:/Users/jqorri/.m2/repository/net/jcip/jcip-annotations/1.0/jcip-annotations-1.0.jar:/Users/jqorri/.m2/repository/org/seleniumhq/selenium/jetty-repacked/9.4.12.v20180830/jetty-repacked-9.4.12.v20180830.jar:/Users/jqorri/.m2/repository/javax/servlet/javax.servlet-api/3.1.0/javax.servlet-api-3.1.0.jar:/Users/jqorri/.m2/repository/org/yaml/snakeyaml/1.19/snakeyaml-1.19.jar:/Users/jqorri/.m2/repository/io/github/bonigarcia/webdrivermanager/3.3.0/webdrivermanager-3.3.0.jar:/Users/jqorri/.m2/repository/org/slf4j/slf4j-api/1.7.25/slf4j-api-1.7.25.jar:/Users/jqorri/.m2/repository/commons-io/commons-io/2.6/commons-io-2.6.jar:/Users/jqorri/.m2/repository/com/google/code/gson/gson/2.8.5/gson-2.8.5.jar:/Users/jqorri/.m2/repository/org/apache/commons/commons-lang3/3.8.1/commons-lang3-3.8.1.jar:/Users/jqorri/.m2/repository/org/apache/httpcomponents/httpclient/4.5.6/httpclient-4.5.6.jar:/Users/jqorri/.m2/repository/org/apache/httpcomponents/httpcore/4.4.10/httpcore-4.4.10.jar:/Users/jqorri/.m2/repository/commons-logging/commons-logging/1.2/commons-logging-1.2.jar:/Users/jqorri/.m2/repository/commons-codec/commons-codec/1.10/commons-codec-1.10.jar:/Users/jqorri/.m2/repository/org/rauschig/jarchivelib/1.0.0/jarchivelib-1.0.0.jar:/Users/jqorri/.m2/repository/org/apache/commons/commons-compress/1.18/commons-compress-1.18.jar:/Users/jqorri/.m2/repository/org/jsoup/jsoup/1.11.3/jsoup-1.11.3.jar:/Users/jqorri/.m2/repository/io/appium/java-client/7.3.0/java-client-7.3.0.jar:/Users/jqorri/.m2/repository/cglib/cglib/3.2.12/cglib-3.2.12.jar:/Users/jqorri/.m2/repository/org/ow2/asm/asm/7.1/asm-7.1.jar:/Users/jqorri/.m2/repository/commons-validator/commons-validator/1.6/commons-validator-1.6.jar:/Users/jqorri/.m2/repository/commons-beanutils/commons-beanutils/1.9.2/commons-beanutils-1.9.2.jar:/Users/jqorri/.m2/repository/commons-digester/commons-digester/1.8.1/commons-digester-1.8.1.jar:/Users/jqorri/.m2/repository/commons-collections/commons-collections/3.2.2/commons-collections-3.2.2.jar:/Users/jqorri/.m2/repository/org/springframework/spring-context/5.1.8.RELEASE/spring-context-5.1.8.RELEASE.jar:/Users/jqorri/.m2/repository/org/springframework/spring-aop/5.1.8.RELEASE/spring-aop-5.1.8.RELEASE.jar:/Users/jqorri/.m2/repository/org/springframework/spring-beans/5.1.8.RELEASE/spring-beans-5.1.8.RELEASE.jar:/Users/jqorri/.m2/repository/org/springframework/spring-core/5.1.8.RELEASE/spring-core-5.1.8.RELEASE.jar:/Users/jqorri/.m2/repository/org/springframework/spring-jcl/5.1.8.RELEASE/spring-jcl-5.1.8.RELEASE.jar:/Users/jqorri/.m2/repository/org/springframework/spring-expression/5.1.8.RELEASE/spring-expression-5.1.8.RELEASE.jar:/Users/jqorri/.m2/repository/org/aspectj/aspectjweaver/1.9.4/aspectjweaver-1.9.4.jar:/Users/jqorri/.m2/repository/org/apache/maven/surefire/surefire-testng-utils/2.22.0/surefire-testng-utils-2.22.0.jar:/Users/jqorri/.m2/repository/org/apache/maven/surefire/surefire-grouper/2.22.0/surefire-grouper-2.22.0.jar:"/>
    <property name="sun.cpu.endian" value="little"/>
    <property name="user.home" value="/Users/jqorri"/>
    <property name="user.language" value="en"/>
    <property name="java.specification.vendor" value="Oracle Corporation"/>
    <property name="java.home" value="/Library/Java/JavaVirtualMachines/jdk1.8.0_221.jdk/Contents/Home/jre"/>
    <property name="basedir" value="/Users/jqorri/workspace/TestingExercises"/>
    <property name="file.separator" value="/"/>
    <property name="line.separator" value="&#10;"/>
    <property name="idea.version2019.2.3" value="true"/>
    <property name="java.vm.specification.vendor" value="Oracle Corporation"/>
    <property name="java.specification.name" value="Java Platform API Specification"/>
    <property name="java.awt.graphicsenv" value="sun.awt.CGraphicsEnvironment"/>
    <property name="device" value="android"/>
    <property name="surefire.real.class.path" value="/Users/jqorri/workspace/TestingExercises/target/surefire/surefirebooter2245893087214504455.jar"/>
    <property name="sun.boot.class.path" value="/Library/Java/JavaVirtualMachines/jdk1.8.0_221.jdk/Contents/Home/jre/lib/resources.jar:/Library/Java/JavaVirtualMachines/jdk1.8.0_221.jdk/Contents/Home/jre/lib/rt.jar:/Library/Java/JavaVirtualMachines/jdk1.8.0_221.jdk/Contents/Home/jre/lib/sunrsasign.jar:/Library/Java/JavaVirtualMachines/jdk1.8.0_221.jdk/Contents/Home/jre/lib/jsse.jar:/Library/Java/JavaVirtualMachines/jdk1.8.0_221.jdk/Contents/Home/jre/lib/jce.jar:/Library/Java/JavaVirtualMachines/jdk1.8.0_221.jdk/Contents/Home/jre/lib/charsets.jar:/Library/Java/JavaVirtualMachines/jdk1.8.0_221.jdk/Contents/Home/jre/lib/jfr.jar:/Library/Java/JavaVirtualMachines/jdk1.8.0_221.jdk/Contents/Home/jre/classes"/>
    <property name="sun.management.compiler" value="HotSpot 64-Bit Tiered Compilers"/>
    <property name="ftp.nonProxyHosts" value="local|*.local|169.254/16|*.169.254/16"/>
    <property name="java.runtime.version" value="1.8.0_221-b11"/>
    <property name="user.name" value="jqorri"/>
    <property name="path.separator" value=":"/>
    <property name="os.version" value="10.14.6"/>
    <property name="java.endorsed.dirs" value="/Library/Java/JavaVirtualMachines/jdk1.8.0_221.jdk/Contents/Home/jre/lib/endorsed"/>
    <property name="java.runtime.name" value="Java(TM) SE Runtime Environment"/>
    <property name="file.encoding" value="UTF-8"/>
    <property name="java.vm.name" value="Java HotSpot(TM) 64-Bit Server VM"/>
    <property name="localRepository" value="/Users/jqorri/.m2/repository"/>
    <property name="java.vendor.url.bug" value="http://bugreport.sun.com/bugreport/"/>
    <property name="java.io.tmpdir" value="/var/folders/r6/6d5sssdn3jn19pdmny4cxygr0000gr/T/"/>
    <property name="java.version" value="1.8.0_221"/>
    <property name="user.dir" value="/Users/jqorri/workspace/TestingExercises"/>
    <property name="os.arch" value="x86_64"/>
    <property name="java.vm.specification.name" value="Java Virtual Machine Specification"/>
    <property name="java.awt.printerjob" value="sun.lwawt.macosx.CPrinterJob"/>
    <property name="sun.os.patch.level" value="unknown"/>
    <property name="java.library.path" value="/Users/jqorri/Library/Java/Extensions:/Library/Java/Extensions:/Network/Library/Java/Extensions:/System/Library/Java/Extensions:/usr/lib/java:."/>
    <property name="java.vm.info" value="mixed mode"/>
    <property name="java.vendor" value="Oracle Corporation"/>
    <property name="java.vm.version" value="25.221-b11"/>
    <property name="java.ext.dirs" value="/Users/jqorri/Library/Java/Extensions:/Library/Java/JavaVirtualMachines/jdk1.8.0_221.jdk/Contents/Home/jre/lib/ext:/Library/Java/Extensions:/Network/Library/Java/Extensions:/System/Library/Java/Extensions:/usr/lib/java"/>
    <property name="sun.io.unicode.encoding" value="UnicodeBig"/>
    <property name="java.class.version" value="52.0"/>
    <property name="socksNonProxyHosts" value="local|*.local|169.254/16|*.169.254/16"/>
  </properties>
  <testcase name="runScenario" classname="RunCucumberTest" time="18.045">
    <failure message="Unable to create a new remote session. Please check the server log for more details. Original error: An unknown server-side error occurred while processing the command. Original error: The instrumentation process cannot be initialized. Make sure the application under test does not crash and investigate the logcat output.&#10;Build info: version: &apos;3.141.59&apos;, revision: &apos;e82be7d358&apos;, time: &apos;2018-11-14T08:17:03&apos;&#10;System info: host: &apos;COV-JQORRI-MBP.fios-router.home&apos;, ip: &apos;192.168.1.151&apos;, os.name: &apos;Mac OS X&apos;, os.arch: &apos;x86_64&apos;, os.version: &apos;10.14.6&apos;, java.version: &apos;1.8.0_221&apos;&#10;Driver info: driver.version: AndroidDriver&#10;remote stacktrace: UnknownError: An unknown server-side error occurred while processing the command. Original error: The instrumentation process cannot be initialized. Make sure the application under test does not crash and investigate the logcat output.&#10;    at getResponseForW3CError (/usr/local/lib/node_modules/appium/node_modules/appium-base-driver/lib/protocol/errors.js:804:9)&#10;    at asyncHandler (/usr/local/lib/node_modules/appium/node_modules/appium-base-driver/lib/protocol/protocol.js:388:37)&#10;Build info: version: &apos;3.141.59&apos;, revision: &apos;e82be7d358&apos;, time: &apos;2018-11-14T08:17:03&apos;&#10;System info: host: &apos;COV-JQORRI-MBP.fios-router.home&apos;, ip: &apos;192.168.1.151&apos;, os.name: &apos;Mac OS X&apos;, os.arch: &apos;x86_64&apos;, os.version: &apos;10.14.6&apos;, java.version: &apos;1.8.0_221&apos;&#10;Driver info: driver.version: AndroidDriver" type="org.openqa.selenium.SessionNotCreatedException">org.openqa.selenium.SessionNotCreatedException: 
Unable to create a new remote session. Please check the server log for more details. Original error: An unknown server-side error occurred while processing the command. Original error: The instrumentation process cannot be initialized. Make sure the application under test does not crash and investigate the logcat output.
Build info: version: '3.141.59', revision: 'e82be7d358', time: '2018-11-14T08:17:03'
System info: host: 'COV-JQORRI-MBP.fios-router.home', ip: '192.168.1.151', os.name: 'Mac OS X', os.arch: 'x86_64', os.version: '10.14.6', java.version: '1.8.0_221'
Driver info: driver.version: AndroidDriver
remote stacktrace: UnknownError: An unknown server-side error occurred while processing the command. Original error: The instrumentation process cannot be initialized. Make sure the application under test does not crash and investigate the logcat output.
    at getResponseForW3CError (/usr/local/lib/node_modules/appium/node_modules/appium-base-driver/lib/protocol/errors.js:804:9)
    at asyncHandler (/usr/local/lib/node_modules/appium/node_modules/appium-base-driver/lib/protocol/protocol.js:388:37)
Build info: version: '3.141.59', revision: 'e82be7d358', time: '2018-11-14T08:17:03'
System info: host: 'COV-JQORRI-MBP.fios-router.home', ip: '192.168.1.151', os.name: 'Mac OS X', os.arch: 'x86_64', os.version: '10.14.6', java.version: '1.8.0_221'
Driver info: driver.version: AndroidDriver
Caused by: java.lang.reflect.InvocationTargetException
Caused by: org.openqa.selenium.WebDriverException: 
An unknown server-side error occurred while processing the command. Original error: The instrumentation process cannot be initialized. Make sure the application under test does not crash and investigate the logcat output.
Build info: version: '3.141.59', revision: 'e82be7d358', time: '2018-11-14T08:17:03'
System info: host: 'COV-JQORRI-MBP.fios-router.home', ip: '192.168.1.151', os.name: 'Mac OS X', os.arch: 'x86_64', os.version: '10.14.6', java.version: '1.8.0_221'
Driver info: driver.version: AndroidDriver
remote stacktrace: UnknownError: An unknown server-side error occurred while processing the command. Original error: The instrumentation process cannot be initialized. Make sure the application under test does not crash and investigate the logcat output.
    at getResponseForW3CError (/usr/local/lib/node_modules/appium/node_modules/appium-base-driver/lib/protocol/errors.js:804:9)
    at asyncHandler (/usr/local/lib/node_modules/appium/node_modules/appium-base-driver/lib/protocol/protocol.js:388:37)
</failure>
    <system-out><![CDATA[&amp#27;[35m[Appium]&amp#27;[39m Welcome to Appium v1.15.1
&amp#27;[35m[Appium]&amp#27;[39m Welcome to Appium v1.15.1
&amp#27;[35m[Appium]&amp#27;[39m Non-default server args:
&amp#27;[35m[Appium]&amp#27;[39m   port: 3341
&amp#27;[35m[Appium]&amp#27;[39m Welcome to Appium v1.15.1
&amp#27;[35m[Appium]&amp#27;[39m Welcome to Appium v1.15.1
&amp#27;[35m[Appium]&amp#27;[39m Non-default server args:
&amp#27;[35m[Appium]&amp#27;[39m   port: 18860
&amp#27;[35m[Appium]&amp#27;[39m Non-default server args:
&amp#27;[35m[Appium]&amp#27;[39m   port: 28661
&amp#27;[35m[Appium]&amp#27;[39m Welcome to Appium v1.15.1
&amp#27;[35m[Appium]&amp#27;[39m Non-default server args:
&amp#27;[35m[Appium]&amp#27;[39m Non-default server args:
&amp#27;[35m[Appium]&amp#27;[39m   port: 34237
&amp#27;[35m[Appium]&amp#27;[39m Welcome to Appium v1.15.1
&amp#27;[35m[Appium]&amp#27;[39m   port: 41120
&amp#27;[35m[Appium]&amp#27;[39m Non-default server args:
&amp#27;[35m[Appium]&amp#27;[39m   port: 20072
&amp#27;[35m[Appium]&amp#27;[39m Appium REST http interface listener started on 0.0.0.0:20072
&amp#27;[35m[Appium]&amp#27;[39m Appium REST http interface listener started on 0.0.0.0:34237
&amp#27;[35m[Appium]&amp#27;[39m Appium REST http interface listener started on 0.0.0.0:18860
&amp#27;[35m[Appium]&amp#27;[39m Appium REST http interface listener started on 0.0.0.0:28661
&amp#27;[35m[Appium]&amp#27;[39m Appium REST http interface listener started on 0.0.0.0:41120
&amp#27;[35m[Appium]&amp#27;[39m Appium REST http interface listener started on 0.0.0.0:3341
&amp#27;[35m[Appium]&amp#27;[39m Welcome to Appium v1.15.1
&amp#27;[35m[Appium]&amp#27;[39m Non-default server args:
&amp#27;[35m[Appium]&amp#27;[39m   port: 28515
&amp#27;[35m[Appium]&amp#27;[39m Appium REST http interface listener started on 0.0.0.0:28515
&amp#27;[35m[HTTP]&amp#27;[39m &amp#27;[37m-->&amp#27;[39m &amp#27;[37mGET&amp#27;[39m &amp#27;[37m/wd/hub/status&amp#27;[39m
&amp#27;[35m[HTTP]&amp#27;[39m &amp#27;[90m{}&amp#27;[39m
&amp#27;[35m[HTTP]&amp#27;[39m &amp#27;[37m-->&amp#27;[39m &amp#27;[37mGET&amp#27;[39m &amp#27;[37m/wd/hub/status&amp#27;[39m
&amp#27;[35m[HTTP]&amp#27;[39m &amp#27;[90m{}&amp#27;[39m
[debug] &amp#27;[35m[GENERIC]&amp#27;[39m Calling AppiumDriver.getStatus() with args: []
&amp#27;[35m[HTTP]&amp#27;[39m &amp#27;[37m-->&amp#27;[39m &amp#27;[37mGET&amp#27;[39m &amp#27;[37m/wd/hub/status&amp#27;[39m
&amp#27;[35m[HTTP]&amp#27;[39m &amp#27;[90m{}&amp#27;[39m
[debug] &amp#27;[35m[GENERIC]&amp#27;[39m Responding to client with driver.getStatus() result: {"build":{"version":"1.15.1"}}
[debug] &amp#27;[35m[GENERIC]&amp#27;[39m Calling AppiumDriver.getStatus() with args: []
[debug] &amp#27;[35m[GENERIC]&amp#27;[39m Responding to client with driver.getStatus() result: {"build":{"version":"1.15.1"}}
[debug] &amp#27;[35m[GENERIC]&amp#27;[39m Calling AppiumDriver.getStatus() with args: []
&amp#27;[35m[HTTP]&amp#27;[39m &amp#27;[37m<-- GET /wd/hub/status &amp#27;[39m&amp#27;[32m200&amp#27;[39m &amp#27;[90m7 ms - 68&amp#27;[39m
&amp#27;[35m[HTTP]&amp#27;[39m &amp#27;[90m&amp#27;&amp#27;[[335m9m[HTTP]&amp#27;[39
m &amp#27;[37m<-- GET /wd/hub/status &amp#27;[39m&amp#27;[32m200&amp#27;[39m &amp#27;[90m8 ms - 68&amp#27;[39m
&amp#27;[35m[HTTP]&amp#27;[39m &amp#27;[90m&amp#27;[39m
&amp#27;[35m[HTTP]&amp#27;[39m &amp#27;[37m-->&amp#27;[39m &amp#27;[37mGET&amp#27;[39m &amp#27;[37m/wd/hub/status&amp#27;[39m
&amp#27;[35m[HTTP]&amp#27;[39m &amp#27;[90m{}&amp#27;[39m
&amp#27;[35m[HTTP]&amp#27;[39m &amp#27;[37m-->&amp#27;[39m &amp#27;[37mGET&amp#27;[39m &amp#27;[37m/wd/hub/status&amp#27;[39m
&amp#27;[35m[HTTP]&amp#27;[39m &amp#27;[37m-->&amp#27;[39m &amp#27;[37mGET&amp#27;[39m &amp#27;[37m/wd/hub/status&amp#27;[39m
&amp#27;[35m[HTTP]&amp#27;[39m &amp#27;[90m{}&amp#27;[39m
[debug] &amp#27;[35m[GENERIC]&amp#27;[39m Calling AppiumDriver.getStatus() with args: []
[debug] &amp#27;[35m[GENERIC]&amp#27;[39m Responding to client with driver.getStatus() result: {"build":{"version":"1.15.1"}}
[debug] &amp#27;[35m[GENERIC]&amp#27;[39m Calling AppiumDriver.getStatus() with args: []
[debug] &amp#27;[35m[GENERIC]&amp#27;[39m Responding to client with driver.getStatus() result: {"build":{"version":"1.15.1"}}
&amp#27;[35m[HTTP]&amp#27;[39m &amp#27;[90m{}&amp#27;[39m
[debug] &amp#27;[35m[GENERIC]&amp#27;[39m Calling AppiumDriver.getStatus() with args: []
[debug] &amp#27;[35m[GENERIC]&amp#27;[39m Responding to client with driver.getStatus() result: {"build":{"version":"1.15.1"}}
&amp#27;[35m[HTTP]&amp#27;[39m &amp#27;[37m<-- GET /wd/hub/status &amp#27;[39m&amp#27;[32m200&amp#27;[39m &amp#27;[90m18 ms - 68&amp#27;[39m
&amp#27;[35m[HTTP]&amp#27;[39m &amp#27;[37m<-- GET /wd/hub/status &amp#27;[39m&amp#27;[32m200&amp#27;[39m &amp#27;[90m20 ms - 68&amp#27;[39m
&amp#27;[35m[HTTP]&amp#27;[39m &amp#27;[90m&amp#27;[39m
&amp#27;[35m[HTTP]&amp#27;[39m &amp#27;[90m&amp#27;[39m
&amp#27;[35m[HTTP]&amp#27;[39m &amp#27;[37m-->&amp#27;[39m &amp#27;[37mGET&amp#27;[39m &amp#27;[37m/wd/hub/status&amp#27;[39m
&amp#27;[35m[HTTP]&amp#27;[39m &amp#27;[90m{}&amp#27;[39m
[debug] &amp#27;[35m[GENERIC]&amp#27;[39m Responding to client with driver.getStatus() result: {"build":{"version":"1.15.1"}}
&amp#27;[35m[HTTP]&amp#27;[39m &amp#27;[37m<-- GET /wd/hub/status &amp#27;[39m&amp#27;[32m200&amp#27;[39m &amp#27;[90m18 ms - 68&amp#27;[39m
&amp#27;[35m[HTTP]&amp#27;[39m &amp#27;[90m&amp#27;[39m
[debug] &amp#27;[35m[GENERIC]&amp#27;[39m Calling AppiumDriver.getStatus() with args: []
[debug] &amp#27;[35m[GENERIC]&amp#27;[39m Responding to client with driver.getStatus() result: {"build":{"version":"1.15.1"}}
&amp#27;[35m[HTTP]&amp#27;[39m &amp#27;[37m<-- GET /wd/hub/status &amp#27;[39m&amp#27;[32m200&amp#27;[39m &amp#27;[90m46 ms - 68&amp#27;[39m
&amp#27;[35m[HTTP]&amp#27;[39m &amp#27;[90m&amp#27;[39m
&amp#27;[35m[HTTP]&amp#27;[39m &amp#27;[37m<-- GET /wd/hub/status &amp#27;[39m&amp#27;[32m200&amp#27;[39m &amp#27;[90m6 ms - 68&amp#27;[39m
&amp#27;[35m[HTTP]&amp#27;[39m &amp#27;[90m&amp#27;[39m
&amp#27;[35m[HTTP]&amp#27;[39m &amp#27;[37m-->&amp#27;[39m &amp#27;[37mGET&amp#27;[39m &amp#27;[37m/wd/hub/status&amp#27;[39m
&amp#27;[35m[HTTP]&amp#27;[39m &amp#27;[90m{}&amp#27;[39m
[debug] &amp#27;[35m[GENERIC]&amp#27;[39m Calling AppiumDriver.getStatus() with args: []
[debug] &amp#27;[35m[GENERIC]&amp#27;[39m Responding to client with driver.getStatus() result: {"build":{"version":"1.15.1"}}
&amp#27;[35m[HTTP]&amp#27;[39m &amp#27;[37m<-- GET /wd/hub/status &amp#27;[39m&amp#27;[32m200&amp#27;[39m &amp#27;[90m1 ms - 68&amp#27;[39m
&amp#27;[35m[HTTP]&amp#27;[39m &amp#27;[90m&amp#27;[39m
&amp#27;[35m[HTTP]&amp#27;[39m &amp#27;[37m-->&amp#27;[39m &amp#27;[37mGET&amp#27;[39m &amp#27;[37m/wd/hub/status&amp#27;[39m
&amp#27;[35m[HTTP]&amp#27;[39m &amp#27;[90m{}&amp#27;[39m
[debug] &amp#27;[35m[GENERIC]&amp#27;[39m Calling AppiumDriver.getStatus() with args: []
[debug] &amp#27;[35m[GENERIC]&amp#27;[39m Responding to client with driver.getStatus() result: {"build":{"version":"1.15.1"}}
&amp#27;[35m[HTTP]&amp#27;[39m &amp#27;[37m<-- GET /wd/hub/status &amp#27;[39m&amp#27;[32m200&amp#27;[39m &amp#27;[90m1 ms - 68&amp#27;[39m
&amp#27;[35m[HTTP]&amp#27;[39m &amp#27;[90m&amp#27;[39m
&amp#27;[35m[HTTP]&amp#27;[39m &amp#27;[37m-->&amp#27;[39m &amp#27;[37mGET&amp#27;[39m &amp#27;[37m/wd/hub/status&amp#27;[39m
&amp#27;[35m[HTTP]&amp#27;[39m &amp#27;[90m{}&amp#27;[39m
[debug] &amp#27;[35m[GENERIC]&amp#27;[39m Calling AppiumDriver.getStatus() with args: []
[debug] &amp#27;[35m[GENERIC]&amp#27;[39m Responding to client with driver.getStatus() result: {"build":{"version":"1.15.1"}}
&amp#27;[35m[HTTP]&amp#27;[39m &amp#27;[37m<-- GET /wd/hub/status &amp#27;[39m&amp#27;[32m200&amp#27;[39m &amp#27;[90m1 ms - 68&amp#27;[39m
&amp#27;[35m[HTTP]&amp#27;[39m &amp#27;[90m&amp#27;[39m
&amp#27;[35m[HTTP]&amp#27;[39m &amp#27;[37m-->&amp#27;[39m &amp#27;[37mGET&amp#27;[39m &amp#27;[37m/wd/hub/status&amp#27;[39m
&amp#27;[35m[HTTP]&amp#27;[39m &amp#27;[90m{}&amp#27;[39m
[debug] &amp#27;[35m[GENERIC]&amp#27;[39m Calling AppiumDriver.getStatus() with args: []
[debug] &amp#27;[35m[GENERIC]&amp#27;[39m Responding to client with driver.getStatus() result: {"build":{"version":"1.15.1"}}
&amp#27;[35m[HTTP]&amp#27;[39m &amp#27;[37m<-- GET /wd/hub/status &amp#27;[39m&amp#27;[32m200&amp#27;[39m &amp#27;[90m4 ms - 68&amp#27;[39m
&amp#27;[35m[HTTP]&amp#27;[39m &amp#27;[90m&amp#27;[39m
&amp#27;[35m[HTTP]&amp#27;[39m &amp#27;[37m-->&amp#27;[39m &amp#27;[37mGET&amp#27;[39m &amp#27;[37m/wd/hub/status&amp#27;[39m
&amp#27;[35m[HTTP]&amp#27;[39m &amp#27;[90m{}&amp#27;[39m
[debug] &amp#27;[35m[GENERIC]&amp#27;[39m Calling AppiumDriver.getStatus() with args: []
[debug] &amp#27;[35m[GENERIC]&amp#27;[39m Responding to client with driver.getStatus() result: {"build":{"version":"1.15.1"}}
&amp#27;[35m[HTTP]&amp#27;[39m &amp#27;[37m<-- GET /wd/hub/status &amp#27;[39m&amp#27;[32m200&amp#27;[39m &amp#27;[90m2 ms - 68&amp#27;[39m
&amp#27;[35m[HTTP]&amp#27;[39m &amp#27;[90m&amp#27;[39m
&amp#27;[35m[HTTP]&amp#27;[39m &amp#27;[37m-->&amp#27;[39m &amp#27;[37mPOST&amp#27;[39m &amp#27;[37m/wd/hub/session&amp#27;[39m
&amp#27;[35m[HTTP]&amp#27;[39m &amp#27;[90m{"desiredCapabilities":{"browserName":"chrome"&amp#27;[35m[HTTP]&amp#27;[39m &amp#27;[37m-->&amp#27;[39m &amp#27;[37mPOST&amp#27;[39m &amp#27;[37m/wd/hub/session&amp#27;[39m
&amp#27;[35m[HTTP]&amp#27;[39m &amp#27;[90m{"desiredCapabilities":{"browserName":"chrome",","chromedriverExecutable":"/Users/jqorri/.m2/repository/webdriver/chromedriver/mac64/79.0.3945.36/chromedriver","platformName":"android","deviceName":"Gal&amp#27;[35m[HTTP]&amp#27;[39m &amp#27;[37m-->&amp#27;[39m &amp#27;[37mPOST&amp#27;[39m &amp#27;[37m/wd/hub/session&amp#27;[39m
&amp#27;[35m[HTTP]&amp#27;[39m &amp#27;[90m{"desiredCapabilities":{"browserName":"chrome","chromedriverExecutable":"/Users/jqorri/.m2/repository/webdriver/chromedriver/mac64/79.0.3945.36/chromedriver","platformName":"android","deviceName":"GalaxyS8-2","newCommandTimeout":90},"capabilities":{"firstMatch":[{"browserName":"chrome","appium:chromedriverExecutable":"/Users/jqorri/.m2/repository/webdriver/chromedriver/mac64/79.0.3945.36/chromedriver","appium:deviceName":"GalaxyS8-2","appium:newCommandTimeout":90,"platformName":"android"}]}}&amp#27;[39m
[debug] &amp#27;[35m[W3C]&amp#27;[39m Calling AppiumDriver.createSession() with args: [{"browserName":"chrome","chromedriverExecutable":"/Users/jqorri/.m2/repository/webdriver/chromedriver/mac64/79.0.3945.3c6hromedriverExecutable":"/Users/jqorri/.m2/repository/webdriver/chromedriver/mac64/79.0.3945.36/chromedriver","platformName":"android","deviceName":"GalaxyS8-2","newCommandTimeout":90},"capabiaxyS8-2","newCommandTimeout":90},"capabilities":{"firstMatch":[{"browserName":"chrome","appium:chromedriverExecutable":"l/citi/es":{"firstMatch":[{"hbrUsowrosemrName":"chrome","appium:chromedriverExecutable":"/Users/jqorri/.m2/repository/webdriverers/c/jqorri/.m2/redepository/webdriver/chromedriver/mac64/79.0.3945.36/chromedriver","appium:dehromedriver/mac64/79.0.3945.36/chromedriver","apviceNrampiume"iver","p:":dGalatlaevicexyS8formN-2Na",am"ameppe":"andium":"Gal:neroid"wCoaxySmman,"deviceNa8dTi-me2"me,"":"appout":9ium:newCommandTimeout":90,"platfGalaxyS8o-2","newCrommNmaandTimeout":90},null,{"firstMatch"0,"platformName":":[{"bmerowserNaam":"ande"nd:"crohrromeid","oid"a}p]}}"}]&amp#27;[39pim
}}&amp#27;[deum:chrbug] &amp#27;[39m[3ome5m[
W3d[debug] ri&amp#27;[C35m[W3veC]&amp#27;]&amp#27;[[39rExem 3Callicung 9m CaAptapillinumblDrg Aiver.createSession() with are":"gsppiumD: [{"b/UserrowserNarivms/jqorre":"cher.crroi/.mme",eat"chr2/omeSeedrepriverssiExeosicuon(tatoble) w":"ry/webd/Useith args:rs/jrivqorri/ [{.m2er/r"bepo/csirowsertohromedry/weNabdririvver/mec"h:roer/mamedr"chiverc/mrac64/7964/7o9..0.3940.394me5.35.6/","chr36ch/comedrihromroedriver",ve"appmeiurExm:drideecutavicever"Nameble":"/Use","platf:rs/j"GalormName":"anaxyS8qorri/.m-2"d,"a2/rppium:newroCommaepndTidimeositout"",:9or0,"p"devlay/webtidfroicever/chromermdrNiavme":"NamGaer/malae":"anxyc64/7S8dro-2","n9.0ewCommandTimeido.3945.3ut"}":6/90},nu]}]
[ll,{chr"fdeiromestMbug]atdrich": &amp#27;[{ver",""br[35m[BaseDrowplaseiver]rNatformme":&amp#27;["chromNae"39m,"me"app Eveium::"anchntromedrivdroier 'Executabd"le":"/Users/jqonewrr,"i/.m2Session/reposdeviitoRery/cewebdrqueiveNarme":"steGal/chaxd' yroSl8-2ogged at 1me579",729dr617614 (16:46"n:57 ivGMewComT-0500er (EasternmandT S/mtaimendacaroutd Time64/))":9
&amp#27;[79350},null,{"firstMatch":[m[A.0.39ppiu{"m]&amp#27;[3945.3m bro
&amp#27;[35m6/chro[Appwsiumedrim]erName&amp#27;[39m ve====":==r"=="c=====,"a====hro========ppiu===me","==m:d====appiu=====ev==m:=====ice==ch=========Na===rome===me=======
&amp#27;[35m[Appium]&amp#27;driver[39m  ":"GalaxyS DEExecutablPRE8-2",e":"/UsCAer"as/jqTION Worrppiumi/ARNIN.m2:n/reposG:
&amp#27;itewCommory/webdri[3veran/chrome5m[Appdriver/madTc64/79ium]&amp#27;[39m 
.0.imeo3945.&amp#27;[36/utchrome35mdriver":90,"",[App"appplatfiuium]&amp#27;m:deviceName":"GaormName":"android"}]}]
l[[39debaxug]m   Th &amp#27;yS8[3e 'aut5momationN-2"am[BaseDe' ca,"apabilriity wppas not provivedeiumd r]&amp#27;[39in th:nee dm Event 'newSessionRequeeswCommirsteded 
&amp#27;[35m[Appium]&amp#27;[39m   capabandilities'  fTimeout":or tlohi90s Agged at 15ndroi,"pd s797ession
&amp#27;[la3529m[Appitfum]61&amp#27;[ormName"39m76 
&amp#27;[:"android"35m[A38ppium]&amp#27;[39m  }] S (1ett}]in6:46:g '
[au57tomdebat Gioug] nName=UMT-0500 (EiAu&amp#27;[35mtomatorastern 2' by defa[BaseDult Stanrivd using tanheer]&amp#27;[39m Event 'ne 
&amp#27;[dar35m[AwSessionReppd Time))
iuqum]&amp#27;ested' log[39m   ged at 1579UiAuto7296ma17608 (1t6or:46:57 G2 MTDr-0500 (Eaiver
&amp#27;[35m[Appium]&amp#27;[39m 
&amp#27;[35m[Appium]stern &amp#27;[3Sta9mndard  Time  ))
The next major version of Appium (2.x) will **require** the 
&amp#27;[35m[Appium]&amp#27;[39m   'automationName' capability to be set for all sessions on all 
&amp#27;[35m[Appium]&amp#27;[39m   platforms
&amp#27;[35m[Appium]&amp#27;[39m 
&amp#27;[35m[Appium]&amp#27;[39m   In previous versions (Appium <= 1.13.x), the default was 
&amp#27;[35m[Appium]&amp#27;[39m   'automationName=UiAutomator1'
&amp#27;[35m[Appium]&amp#27;[39m 
&amp#27;[35m[Appium]&amp#27;[39m   If you wish to use that automation instead of UiAutomator2, please 
&amp#27;[35m[Appium]&amp#27;[39m   add 'automationName=UiAutomator1' to your desired capabilities
&amp#27;[35m[Appium]&amp#27;[39m 
&amp#27;[35m[Appium]&amp#27;[39m   For more information about drivers, please visit 
&amp#27;[35m[Appium]&amp#27;[39m   http://appium.io/docs/en/about-appium/intro/ and explore the 
&amp#27;[35m[Appium]&amp#27;[39m   'Drivers' menu
&amp#27;[35m[Appium]&amp#27;[39m 
&amp#27;[35m[Appium]&amp#27;[39m ======================================================================
&amp#27;[35m[Appium]&amp#27;[39m 
&amp#27;[35m[HTTP]&amp#27;[39m &amp#27;[37m-->&amp#27;[39m &amp#27;[37mPOST&amp#27;[39m &amp#27;[37m/wd/hub/session&amp#27;[39m
&amp#27;[35m[HTTP]&amp#27;[39m &amp#27;[90m{"desiredCapabilities":{"browserName":"chrome","chromedriverExecutable":"/Users/jqorri/.m2/repository/webdriver/chromedriver/mac64/79.0.3945.36/chromedriver","platformName":"android","deviceName":"GalaxyS8-2","newCommandTimeout":90},"capabilities":{"firstMatch":[{"browserName":"chrome","appium:chromedriverExecutable":"/Users/jqorri/.m2/repository/webdriver/chromedriver/mac64/79.0.3945.36/chromedriver","appium:deviceName":"GalaxyS8-2","appium:newCommandTimeout":90,"platformName":"android"}]}}&amp#27;[39m
[debug] &amp#27;[35m[W3C]&amp#27;[39m Calling AppiumDriver.createSession() with args: [{"browserName":"chrome","chromedriverExecutable":"/Users/jqorri/.m2/repository/webdriver/chromedriver/mac64/79.0.3945.36/chromedriver","platformName":"android","deviceName":"GalaxyS8-2","newCommandTimeout":90},null,{"firstMatch":[{"browserName":"chrome","appium:chromedriverExecutable":"/Users/jqorri/.m2/repository/webdriver/chromedriver/mac64/79.0.3945.36/chromedriver","appium:deviceName":"GalaxyS8-2","appium:newCommandTimeout":90,"platformName":"android"}]}]
&amp#27;[35m[Appium]&amp#27;[39m 
&amp#27;[35m[Appium]&amp#27;[39m =======[=====de======bug] &amp#27;[35m[B====aseDr======iver]&amp#27;=====[39m ==Ev=en=t 'n====ewSes==sion==Requ===es====ted'==== logged =a=t =====15==797296=====
17653 (16:46:57 GMT-0500 (Eastern Standard Time))
&amp#27;[35m[Appium]&amp#27;[39m   DEPRECATION WARNING:
&amp#27;[35m[Appium]&amp#27;[39m 
&amp#27;[35m[Appium]&amp#27;[39m   The 'automationName' capability was not provided in the desired 
&amp#27;[35m[Appium]&amp#27;[39m   capabilities for this Android session
&amp#27;[35m[Appium]&amp#27;[39m 
&amp#27;[35m[Appium]&amp#27;[39m   Setting 'automationName=UiAutomator2' by default and using the 
&amp#27;[35m[Appium]&amp#27;[39m   UiAutomator2 Driver
&amp#27;[35m[Appium]&amp#27;[39m 
&amp#27;[35m[Appium]&amp#27;[39m   The next major version of Appium (2.x) will **require** the 
&amp#27;[35m[Appium]&amp#27;[39m   'automationName' capability to be set for all sessions on all 
&amp#27;[35m[Appium]&amp#27;[39m   platforms
&amp#27;[35m[Appium]&amp#27;[39m 
&amp#27;[35m[Appium]&amp#27;[39m   In previous versions (Appium <= 1.13.x), the default was 
&amp#27;[35m[Appium]&amp#27;[39m   'automationName=UiAutomator1'
&amp#27;[35m[Appium]&amp#27;[39m 
&amp#27;[35m[Appium]&amp#27;[39m   If you wish to use that automation instead of UiAutomator2, please 
&amp#27;[35m[Appi&amp#27;[um]&amp#27;[3359m m[Ap  pium]&amp#27;[39m ad
d 'automationName=UiAutomator1' to your desired capabilities
&amp#27;[35m[Appium]&amp#27;[39m ======================================================================
&amp#27;[35m[Appium]&amp#27;[39m 
&amp#27;[35m[Appium]&amp#27;[39m   DEPRECATION WARNING:
&amp#27;[35m[Appium]&amp#27;[39m   For more information about drivers, please visit 
&amp#27;[35m[Appium]&amp#27;[39m 
&amp#27;[35m[Appium]&amp#27;[39m   http://appium.io/docs/en/about-appium/intro/ and explore the 
&amp#27;[35m[Appium]&amp#27;&amp#27;[[3935m   'Drivm[Appiumers' ]&amp#27;[men39mu
   The 'automationName' capability was not provided in the desired 
&amp#27;[35m[Appium]&amp#27;[39m 
&amp#27;[35m[Appium]&amp#27;[39m   capabilities for this Android session
&amp#27;[35m[Appium]&amp#27;[39m ==========&amp#27;=[3=========5m==[A==ppium=========]&amp#27;[39m 
=====================================
&amp#27;[35m[Appiu&amp#27;[35m]&amp#27;m[[3Ap9m pium
]&amp#27;[39m   Setting 'automationName=UiAutomator2' by default and using the 
&amp#27;[35m[Appium]&amp#27;[39m   UiAutomator2 Driver
&amp#27;[35m[Appium]&amp#27;[39m 
&amp#27;[35m[HTTP]&amp#27;[39m &amp#27;[37m&amp#27;[3-->&amp#27;[39m &amp#27;5m[Ap[37mpiumPOST]&amp#27;[39&amp#27;[39mm   The  &amp#27;[3next 7m/wmajd/hub/sesor sion&amp#27;[39verm
sion o&amp#27;[f Appium (235m.x) w[Hill **reTTPquir]&amp#27;e**[39 thm e &amp#27;[
90m&amp#27;[35m[A{"ppiudesm]&amp#27;[3iredCapa9mbilit   'ies"automationNa:{"bromewserN' caampabe":il"city to bhrome","ce sehromedrit verExecutablefor ":"al/Users/l jqorrsei/.m2/ressionsposit oory/wn alleb 
drive&amp#27;r[35m[A/cppihrum]&amp#27;[om3edri9m  ver p/mlatfac64/79orms.0.
3945.36/chromedriver","platformName":"android","deviceName":"GalaxyS8-2","newCommandTimeout":90},"capabilities":{"firstMatch":[{"browserName":"chrome","appium:chromedriverExecutable":"/Users/jqorri/.m2/repository/webdriver/chromedriver/mac64/79.0.3945.36/chromedriver","appium:deviceName":"GalaxyS8-2","appium:newCommandTimeout":90,"platformName":"android"}]}}&amp#27;[39m
[debug] &amp#27;[35m[W3&amp#27;[35C]&amp#27;m[Appium][39m C&amp#27;[39m alling
 AppiumDriver.createSession() with args: [{"browserName":"chrome","chromedriverExecutable":"/User&amp#27;[3s/j5m[Aqporripiu/.m2/repm]&amp#27;[osi3to9m ry/web  driver/chromInedriver p/marec64vi/79.0.3945.3ous6/ch verorsionmes dri(Aver","pppiumlat <formN= ame1.1":"android3.x),","de thvicee dNamefault we":"Galaas 
xyS8-2","newCommandTimeout":90},null,{"firstMatch":[{"browserName":"chrome","appium:chromedriverExecutable":"/Users/jqorri/.m2/repository/webdriver/chromedriver/mac64/79.0.3945.36/chromedriver","appium:deviceName":"GalaxyS8-2","appium:newCommandTimeout":90,"platformName":"android"}]}]
&amp#27;[35m[Appium]&amp#27;[39m   'automationName=UiAutomator1'
&amp#27;[35m[Appium]&amp#27;[39m 
[debug] &amp#27;[35m[BaseDriver]&amp#27;[39m Event 'newSessionRequested' logged at 1579729617677 (16:46:57 GMT-0500 (Eastern Standard Time))
&amp#27;[35m[Appium]&amp#27;[39m   If you wish to use that automation instead of UiAutomator2, please 
&amp#27;[35m[Appium]&amp#27;[39m   add 'automationName=UiAutomator1' to your desired capabilities
&amp#27;[35m[Appium]&amp#27;[39m 
&amp#27;[35m[Appium]&amp#27;[39m   For more information about drivers, please visit 
&amp#27;[35m[Appium]&amp#27;[39m   http://appium.io/docs/en/about-appium/intro/ and explore the 
&amp#27;[35m[Appium]&amp#27;[39m   'Drivers' menu
&amp#27;[35m[Appium]&amp#27;[39m 
&amp#27;[35m[Appium]&amp#27;[39m ======================================================================
&amp#27;[35m[Appium]&amp#27;[39m 
&amp#27;[35m[Appium]&amp#27;[39m 
&amp#27;[35m[Appium]&amp#27;[39m ======================================================================
&amp#27;[35m[Appium]&amp#27;[39m   DEPRECATION WARNING:
&amp#27;[35m[Appium]&amp#27;[39m 
&amp#27;[35m[Appium]&amp#27;[39m   The 'automationName' capability was not provided in the desired 
&amp#27;[35m[Appium]&amp#27;[39m   capabilities for this Android session
&amp#27;[35m[Appium]&amp#27;[39m 
&amp#27;[35m[Appium]&amp#27;[39m   Setting 'automationName=UiAutomator2' by default and using the 
&amp#27;[35m[Appium]&amp#27;[39m   UiAutomator2 Driver
&amp#27;[35m[Appium]&amp#27;[39m 
&amp#27;[35m[Appium]&amp#27;[39m   The next major version of Appium (2.x) will **require** the 
&amp#27;[35m[Appium]&amp#27;[39m   'automationName' capability to be set for all sessions on all 
&amp#27;[35m[Appium]&amp#27;[39m   platforms
&amp#27;[35m[Appium]&amp#27;[39m 
&amp#27;[35m[Appium]&amp#27;[39m   In previous versions (Appium <= 1.13.x), the default was 
&amp#27;[35m[Appium]&amp#27;[39m   'automationName=UiAutomator1'
&amp#27;[35m[Appium]&amp#27;[39m 
&amp#27;[35m[Appium]&amp#27;[39m   If you wish to use that automation instead of UiAutomator2, please 
&amp#27;&amp#27;[3[35m[Appium]&amp#27;[5m39m 
[Appium]&amp#27;[39m   add 'automationName=UiAutomator1' to your desired capabilities
&amp#27;[35m[Appium]&amp#27;[39m 
&amp#27;[35m[Appium]&amp#27;[39m ============================================================&amp#27;[35m===[Ap==pium]&amp#27;==[39==m   Fo=
r&amp#27; m[35more inf[Aormatippiuon am]bou&amp#27;[39m t dr  DiversEPRECAT, ION WARplease NIvisit 
NG:
&amp#27;[35m[Appium]&amp#27;[39m 
&amp#27;[35m[Appium]&amp#27;[39m   The 'automationName&amp#27;[3' capabi5m[Ality wasp notpium] p&amp#27;[3ro9mvi  ded in  htthtpe de://asiredppiu 
m.io/docs/en/about-appium/intro/ and explore the 
&amp#27;[35m[Appium]&amp#27;[39m   capabilities for this Android s&amp#27;[essio35mn
[Appium]&amp#27;[39m   'Drivers' menu
&amp#27;[35m[Appium]&amp#27;[39m 
&amp#27;[35m[Appium]&amp#27;[39m 
&amp#27;[35m[Appium]&amp#27;[39m ======================================================================
&amp#27;[35m[Appium]&amp#27;[39m 
&amp#27;[35m[Appium]&amp#27;[39m   Setting 'automationName=UiAutomator2' by default and using the 
&amp#27;[35m[Appium]&amp#27;[39m   UiAutomator2 Driver
&amp#27;[35m[Appium]&amp#27;[39m 
&amp#27;[35m[Appium]&amp#27;[39m   The next major version of Appium (2.x) will **require** the 
&amp#27;[35m[Appium]&amp#27;[39m   'automationName' capability to be set for all sessions on all 
&amp#27;[35m[Appium]&amp#27;[39m   platforms
&amp#27;[35m[Appium]&amp#27;[39m 
&amp#27;[35m[Appium]&amp#27;[39m   In previous versions (Appium <= 1.13.x), the default was 
&amp#27;[35m[Appium]&amp#27;[39m   'automationName=UiAutomator1'
&amp#27;[35m[Appium]&amp#27;[39m 
&amp#27;[35m[Appium]&amp#27;[39m   If you wish to use that automation instead of UiAutomator2, please 
&amp#27;[35m[Appium]&amp#27;[39m   add 'automationName=UiAutomator1' to your desired capabilities
&amp#27;[35m[Appium]&amp#27;[39m 
&amp#27;[35m[Appium]&amp#27;[39m   For more information about drivers, please visit 
&amp#27;[35m[Appium]&amp#27;[39m   http://appium.io/docs/en/about-appium/intro/ and explore the 
&amp#27;[35m[Appium]&amp#27;[39m   'Drivers' menu
&amp#27;[35m[Appium]&amp#27;[39m 
&amp#27;[35m[Appium]&amp#27;[39m ======================================================================
&amp#27;[35m[Appium]&amp#27;[39m 
&amp#27;[35m[HTTP]&amp#27;[39m &amp#27;[37m-->&amp#27;[39m &amp#27;[37mGET&amp#27;[39m &amp#27;[37m/wd/hub/status&amp#27;[39m
&amp#27;[35m[HTTP]&amp#27;[39m &amp#27;[90m{}&amp#27;[39m
[debug] &amp#27;[35m[GENERIC]&amp#27;[39m Calling AppiumDriver.getStatus() with args: []
[debug] &amp#27;[35m[GENERIC]&amp#27;[39m Responding to client with driver.getStatus() result: {"build":{"version":"1.15.1"}}
&amp#27;[35m[HTTP]&amp#27;[39m &amp#27;[37m<-- GET /wd/hub/status &amp#27;[39m&amp#27;[32m200&amp#27;[39m &amp#27;[90m1 ms - 68&amp#27;[39m
&amp#27;[35m[HTTP]&amp#27;[39m &amp#27;[90m&amp#27;[39m
&amp#27;[35m[HTTP]&amp#27;[39m &amp#27;[37m-->&amp#27;[39m &amp#27;[37mPOST&amp#27;[39m &amp#27;[37m/wd/hub/session&amp#27;[39m
&amp#27;[35m[HTTP]&amp#27;[39m &amp#27;[90m{"desiredCapabilities":{"browserName":"chrome","chromedriverExecutable":"/Users/jqorri/.m2/repository/webdriver/chromedriver/mac64/79.0.3945.36/chromedriver","platformName":"android","deviceName":"GalaxyS8-2","newCommandTimeout":90},"capabilities":{"firstMatch":[{"browserName":"chrome","appium:chromedriverExecutable":"/Users/jqorri/.m2/repository/webdriver/chromedriver/mac64/79.0.3945.36/chromedriver","appium:deviceName":"GalaxyS8-2","appium:newCommandTimeout":90,"platformName":"android"}]}}&amp#27;[39m
[debug] &amp#27;[35m[W3C]&amp#27;[39m Calling AppiumDriver.createSession() with args: [{"browserName":"chrome","chromedriverExecutable":"/Users/jqorri/.m2/repository/webdriver/chromedriver/mac64/79.0.3945.36/chromedriver","platformName":"android","deviceName":"GalaxyS8-2","newCommandTimeout":90},null,{"firstMatch":[{"browserName":"chrome","appium:chromedriverExecutable":"/Users/jqorri/.m2/repository/webdriver/chromedriver/mac64/79.0.3945.36/chromedriver","appium:deviceName":"GalaxyS8-2","appium:newCommandTimeout":90,"platformName":"android"}]}]
[debug] &amp#27;[35m[BaseDriver]&amp#27;[39m Event 'newSessionRequested' logged at 1579729617804 (16:46:57 GMT-0500 (Eastern Standard Time))
&amp#27;[35m[Appium]&amp#27;[39m 
&amp#27;[35m[Appium]&amp#27;[39m ======================================================================
&amp#27;[35m[Appium]&amp#27;[39m   DEPRECATION WARNING:
&amp#27;[35m[Appium]&amp#27;[39m 
&amp#27;[35m[Appium]&amp#27;[39m   The 'automationName' capability was not provided in the desired 
&amp#27;[35m[Appium]&amp#27;[39m   capabilities for this Android session
&amp#27;[35m[Appium]&amp#27;[39m 
&amp#27;[35m[Appium]&amp#27;[39m   Setting 'automationName=UiAutomator2' by default and using the 
&amp#27;[35m[Appium]&amp#27;[39m   UiAutomator2 Driver
&amp#27;[35m[Appium]&amp#27;[39m 
&amp#27;[35m[Appium]&amp#27;[39m   The next major version of Appium (2.x) will **require** the 
&amp#27;[35m[Appium]&amp#27;[39m   'automationName' capability to be set for all sessions on all 
&amp#27;[35m[Appium]&amp#27;[39m   platforms
&amp#27;[35m[Appium]&amp#27;[39m 
&amp#27;[35m[Appium]&amp#27;[39m   In previous versions (Appium <= 1.13.x), the default was 
&amp#27;[35m[Appium]&amp#27;[39m   'automationName=UiAutomator1'
&amp#27;[35m[Appium]&amp#27;[39m 
&amp#27;[35m[Appium]&amp#27;[39m   If you wish to use that automation instead of UiAutomator2, please 
&amp#27;[35m[Appium]&amp#27;[39m   add 'automationName=UiAutomator1' to your desired capabilities
&amp#27;[35m[Appium]&amp#27;[39m 
&amp#27;[35m[Appium]&amp#27;[39m   For more information about drivers, please visit 
&amp#27;[35m[Appium]&amp#27;[39m   http://appium.io/docs/en/about-appium/intro/ and explore the 
&amp#27;[35m[Appium]&amp#27;[39m   'Drivers' menu
&amp#27;[35m[Appium]&amp#27;[39m 
&amp#27;[35m[Appium]&amp#27;[39m ======================================================================
&amp#27;[35m[Appium]&amp#27;[39m 
&amp#27;[35m[HTTP]&amp#27;[39m &amp#27;[37m-->&amp#27;[39m &amp#27;[37mGET&amp#27;[39m &amp#27;[37m/wd/hub/status&amp#27;[39m
&amp#27;[35m[HTTP]&amp#27;[39m &amp#27;[90m{}&amp#27;[39m
[debug] &amp#27;[35m[GENERIC]&amp#27;[39m Calling AppiumDriver.getStatus() with args: []
[debug] &amp#27;[35m[GENERIC]&amp#27;[39m Responding to client with driver.getStatus() result: {"build":{"version":"1.15.1"}}
&amp#27;[35m[HTTP]&amp#27;[39m &amp#27;[37m<-- GET /wd/hub/status &amp#27;[39m&amp#27;[32m200&amp#27;[39m &amp#27;[90m5 ms - 68&amp#27;[39m
&amp#27;[35m[HTTP]&amp#27;[39m &amp#27;[90m&amp#27;[39m
&amp#27;[35m[HTTP]&amp#27;[39m &amp#27;[37m-->&amp#27;[39m &amp#27;[37mPOST&amp#27;[39m &amp#27;[37m/wd/hub/session&amp#27;[39m
&amp#27;[35m[HTTP]&amp#27;[39m &amp#27;[90m{"desiredCapabilities":{"browserName":"chrome","chromedriverExecutable":"/Users/jqorri/.m2/repository/webdriver/chromedriver/mac64/79.0.3945.36/chromedriver","platformName":"android","deviceName":"GalaxyS8-2","newCommandTimeout":90},"capabilities":{"firstMatch":[{"browserName":"chrome","appium:chromedriverExecutable":"/Users/jqorri/.m2/repository/webdriver/chromedriver/mac64/79.0.3945.36/chromedriver","appium:deviceName":"GalaxyS8-2","appium:newCommandTimeout":90,"platformName":"android"}]}}&amp#27;[39m
[debug] &amp#27;[35m[W3C]&amp#27;[39m Calling AppiumDriver.createSession() with args: [{"browserName":"chrome","chromedriverExecutable":"/Users/jqorri/.m2/repository/webdriver/chromedriver/mac64/79.0.3945.36/chromedriver","platformName":"android","deviceName":"GalaxyS8-2","newCommandTimeout":90},null,{"firstMatch":[{"browserName":"chrome","appium:chromedriverExecutable":"/Users/jqorri/.m2/repository/webdriver/chromedriver/mac64/79.0.3945.36/chromedriver","appium:deviceName":"GalaxyS8-2","appium:newCommandTimeout":90,"platformName":"android"}]}]
[debug] &amp#27;[35m[BaseDriver]&amp#27;[39m Event 'newSessionRequested' logged at 1579729617938 (16:46:57 GMT-0500 (Eastern Standard Time))
&amp#27;[35m[Appium]&amp#27;[39m 
&amp#27;[35m[Appium]&amp#27;[39m ======================================================================
&amp#27;[35m[Appium]&amp#27;[39m   DEPRECATION WARNING:
&amp#27;[35m[Appium]&amp#27;[39m 
&amp#27;[35m[Appium]&amp#27;[39m   The 'automationName' capability was not provided in the desired 
&amp#27;[35m[Appium]&amp#27;[39m   capabilities for this Android session
&amp#27;[35m[Appium]&amp#27;[39m 
&amp#27;[35m[Appium]&amp#27;[39m   Setting 'automationName=UiAutomator2' by default and using the 
&amp#27;[35m[Appium]&amp#27;[39m   UiAutomator2 Driver
&amp#27;[35m[Appium]&amp#27;[39m 
&amp#27;[35m[Appium]&amp#27;[39m   The next major version of Appium (2.x) will **require** the 
&amp#27;[35m[Appium]&amp#27;[39m   'automationName' capability to be set for all sessions on all 
&amp#27;[35m[Appium]&amp#27;[39m   platforms
&amp#27;[35m[Appium]&amp#27;[39m 
&amp#27;[35m[Appium]&amp#27;[39m   In previous versions (Appium <= 1.13.x), the default was 
&amp#27;[35m[Appium]&amp#27;[39m   'automationName=UiAutomator1'
&amp#27;[35m[Appium]&amp#27;[39m 
&amp#27;[35m[Appium]&amp#27;[39m   If you wish to use that automation instead of UiAutomator2, please 
&amp#27;[35m[Appium]&amp#27;[39m   add 'automationName=UiAutomator1' to your desired capabilities
&amp#27;[35m[Appium]&amp#27;[39m 
&amp#27;[35m[Appium]&amp#27;[39m   For more information about drivers, please visit 
&amp#27;[35m[Appium]&amp#27;[39m   http://appium.io/docs/en/about-appium/intro/ and explore the 
&amp#27;[35m[Appium]&amp#27;[39m   'Drivers' menu
&amp#27;[35m[Appium]&amp#27;[39m 
&amp#27;[35m[Appium]&amp#27;[39m ======================================================================
&amp#27;[35m[Appium]&amp#27;[39m 
&amp#27;[35m[Appium]&amp#27;[39m Appium v1.15.&amp#27;[31 cr5m[Apeatpium]&amp#27;[39ing nem Aw Appium v1.15.1 creating nendroiw AndroidUiautdUiautomator2omator2DriveDriver (v1.3r (7.2) sessvi1on
.37.2) session
&amp#27;[35m[Appium]&amp#27;[39m Appium v1.15.1 creatin[debugg n] &amp#27;[35m[Baseew A[debug] &amp#27;[35m[BDriver]&amp#27;[39m W3C aseDriver]ndr&amp#27;[39m W3C capabilicapabilitieties aoidUiautomator2Driver (vnd MJSOs and MJSONWP dNWP1.37.2) session
 desired capaesired capbilities were provided
abili[debug] ties &amp#27;[35were provided
m[BaseDriver]&amp#27;[39m Creating session with W3C capabilities: {
[debug] &amp#27;[35m[BaseDriver]&amp#27;[39m   "alwaysMatch": {
[debug] &amp#27;[35m[B[deaseDriver]&amp#27;[bug] &amp#27;[3539mm[BaseDriver]&amp#27;[39m Cr     "browserName"eat: "ing sechrome",
ssi[debug] &amp#27;[35on m[Basewith W3C Driver]&amp#27;[cap39mabilit   ies: {  "
p[debug]latformName" &amp#27;[35m[BaseDriv: "android",er]&amp#27;[3
9[m  debug] "alwaysMatc &amp#27;[h": {
35m[de[BaseDrivbug] &amp#27;er][35m[B&amp#27;[39m ase    "appium:chromedriverDriExever]&amp#27;[39m     "brocutable": "/wseUserNars/jqome": "rri/.mchrome2/r",
[debugepo] &amp#27;sitory[35m[BaseDriver]&amp#27;[/webdrive39mr/c   hro  "platfomedrmName": "androriver/macid",
6[debug4/79.0.3] &amp#27;[35m945.3[BaseDriver]&amp#27;[36/c9m     "ahroppium:medchroriver"medr,
[debug]iverExecutab &amp#27;[35m[BaseDriver]&amp#27;[39m     "ale": "/Users/jqorrppium:devi/.icem2/repNameository": "Ga/weblaxyS8-2",
[debug] &amp#27;driver/ch[35romm[BaseedrDriver]&amp#27;[iver/mac64/79.0.3945.39m36/chrome     "appium:newCodriver",
[debug] &amp#27;[35m[BaseDriver]&amp#27;[39m     "appium:deviceName": "GalaxyS8-mmandT2",imeout": 9
[debug] 0
[d&amp#27;[35m[BaseDrebug] iver]&amp#27;[39m     "appium:new&amp#27;[3CommandTimeout":5m[BaseD ri90
[debug] &amp#27;[35m[BaseDrivever]&amp#27;[39m   },
r][&amp#27;[39m   },
[ddebug] ebug&amp#27;[35] &amp#27;[m[Base35mDriver]&amp#27;[39m [BaseDriver]  "firstM&amp#27;[39match": [
[debug] &amp#27;[35m[Bas   "firstMatch": [
[debug] &amp#27;[35m[BaseDreDriveiver]&amp#27;[39m     {}
r]&amp#27;[39m  [debug] &amp#27;[35m[BaseDriver]&amp#27;   {}
[debug] &amp#27;[35m[BaseDriv[39m   ]
er]&amp#27;[39m   []debu
[debug] g] &amp#27;[35m[&amp#27;[35m[BaseDrBaseDriveiver]&amp#27;r]&amp#27;[39m [39m }}

&amp#27;[35m[BaseDriver]&amp#27;[39m Session created with session id: 5fd24ff0-9a41-4fba-9f95-a0729e31fdc8
&amp#27;[35m[BaseDriver]&amp#27;[39m Session created with session id: 1b0589cd-48ff-4660-90ca-8e7e&amp#27;[35m[UiAuto54e5986c
mator2]&amp#27;[39m We're going to run a Chrome-based session
&amp#27;[35m[UiAutomator2]&amp#27;[39m Chrome-type package and activity are com.android.chrome and com.google.android.apps.chrome.Main
&amp#27;[35m[UiAu&amp#27;[toma35m[UiAutomator2]&amp#27;[39m We're going to run a Chrotorme-bas2]&amp#27;[39m Started session
i&amp#27;n[35m[Ug 'comiAu.android.chrome' directly on the devicetomator
2]&amp#27;[39m Chrome-type package and activity are com.android.chrome and com.google.android.apps.chrome.Main
&amp#27;[35m[UiAutomator2]&amp#27;[39m Starting 'com.android.chrome' directly on the device
[debug] &amp#27;[35m[BaseDriver]&amp#27;[39m W3C capabilities and MJSONWP desired capabilities were provided
[debug] &amp#27;[35m[BaseDriver]&amp#27;[39m Creating session with W3C capabilities: {
[debug] &amp#27;[35m[BaseDriver]&amp#27;[39m   "alwaysMatch": {
[debug] &amp#27;[35m[BaseDriver]&amp#27;[39m     "browserName": "chrome",
[debug] &amp#27;[35m[BaseDriver]&amp#27;[39m     "platformName": "android",
[debug] &amp#27;[35m[BaseDriver]&amp#27;[39m     "appium:chromedriverExecutable": "/Users/jqorri/.m2/repository/webdriver/chromedriver/mac64/79.0.3945.36/chromedriver",
[debug] &amp#27;[35m[BaseDriver]&amp#27;[39m     "appium:deviceName": "GalaxyS8-2",
[debug] &amp#27;[35m[BaseDriver]&amp#27;[39m     "appium:newCommandTimeout": 90
[debug] &amp#27;[35m[BaseDriver]&amp#27;[39m   },
[debug] &amp#27;[35m[BaseDriver]&amp#27;[39m   "firstMatch": [
[debug] &amp#27;[35m[BaseDriver]&amp#27;[39m     {}
[debug] &amp#27;[35m[BaseDriver]&amp#27;[39m   ]
[debug] &amp#27;[35m[BaseDriver]&amp#27;[39m }
&amp#27;[35m[Appium]&amp#27;[39m Appium v1.15.1 creating new AndroidUiautomator2Driver (v1.37.2) session
[debug] &amp#27;[35m[BaseDriver]&amp#27;[39m W3C capabilities and MJSONWP desired capabilities were provided
[debug] &amp#27;[35m[BaseDriver]&amp#27;[39m Creating session with W3C capabilities: {
[debug] &amp#27;[35m[BaseDriver]&amp#27;[39m   "alwaysMatch": {
[debug] &amp#27;[35m[BaseDriver]&amp#27;[39m     "browserName": "chrome",
[debug] &amp#27;[35m[BaseDriver]&amp#27;[39m     "platformName": "android",
[debug] &amp#27;[35m[BaseDriver]&amp#27;[39m     "appium:chromedriverExecutable": "/Users/jqorri/.m2/repository/webdriver/chromedriver/mac64/79.0.3945.36/chromedriver",
[debug] &amp#27;[35m[BaseDriver]&amp#27;[39m     "appium:deviceName": "GalaxyS8-2",
[debug] &amp#27;[35m[BaseDriver]&amp#27;[39m     "appium:newCommandTimeout": 90
[debug] &amp#27;[35m[BaseDriver]&amp#27;[39m   },
[debug] &amp#27;[35m[BaseDriver]&amp#27;[39m   "firstMatch": [
[debug] &amp#27;[35m[BaseDriver]&amp#27;[39m     {}
[debug] &amp#27;[35m[BaseDriver]&amp#27;[39m   ]
[debug] &amp#27;[35m[BaseDriver]&amp#27;[39m }
&amp#27;[35m[ADB]&amp#27;[39m Found 1 'build-tools' folders under '/Users/jqorri/Library/Android/sdk' (newest first):
&amp#27;[35m[ADB]&amp#27;[39m     /Users/jqorri/Library/Android/sdk/build-tools/29.0.2
&amp#27;[35m[ADB]&amp#27;[39m Using 'adb' from '/Users/jqorri/Library/Android/sdk/platform-tools/adb'
&amp#27;[35m[AndroidDriver]&amp#27;[39m Retrieving device list
[debug] &amp#27;[35m[ADB]&amp#27;[39m Trying to find a connected android device
[debug] &amp#27;[35m[ADB]&amp#27;[39m Getting connected devices...
&amp#27;[35m[BaseDriver]&amp#27;[39m Session created with session id: e8ef0301-8d82-45df-b48c-4947ec3a4ff6
&amp#27;[35m[UiAutomator2]&amp#27;[39m We're going to run a Chrome-based session
&amp#27;[35m[UiAutomator2]&amp#27;[39m Chrome-type package and activity are com.android.chrome and com.google.android.apps.chrome.Main
&amp#27;[35m[UiAutomator2]&amp#27;[39m Starting 'com.android.chrome' directly on the device
&amp#27;[35m[Appium]&amp#27;[39m Appium v1.15.1 creating new AndroidUiautomator2Driver (v1.37.2) session
[debug] &amp#27;[35m[BaseDriver]&amp#27;[39m W3C capabilities and MJSONWP desired capabilities were provided
[debug] &amp#27;[35m[BaseDriver]&amp#27;[39m Creating session with W3C capabilities: {
[debug] &amp#27;[35m[BaseDriver]&amp#27;[39m   "alwaysMatch": {
[debug] &amp#27;[35m[BaseDriver]&amp#27;[39m     "browserName": "chrome",
[debug] &amp#27;[35m[BaseDriver]&amp#27;[39m     "platformName": "android",
[debug] &amp#27;[35m[BaseDriver]&amp#27;[39m     "appium:chromedriverExecutable": "/Users/jqorri/.m2/repository/webdriver/chromedriver/mac64/79.0.3945.36/chromedriver",
[debug] &amp#27;[35m[BaseDriver]&amp#27;[39m     "appium:deviceName": "GalaxyS8-2",
[debug] &amp#27;[35m[BaseDriver]&amp#27;[39m     "appium:newCommandTimeout": 90
[debug] &amp#27;[35m[BaseDriver]&amp#27;[39m   },
[debug] &amp#27;[35m[BaseDriver]&amp#27;[39m   "firstMatch": [
[debug] &amp#27;[35m[BaseDriver]&amp#27;[39m     {}
[debug] &amp#27;[35m[BaseDriver]&amp#27;[39m   ]
[debug] &amp#27;[35m[BaseDriver]&amp#27;[39m }
&amp#27;[35m[ADB]&amp#27;[39m Found 1 'build-tools' folders under '/Users/jqorri/Library/Android/sdk' (newest first):
&amp#27;[35m[ADB]&amp#27;[39m     /Users/jqorri/Library/Android/sdk/build-tools/29.0.2
&amp#27;[35m[ADB]&amp#27;[39m Using 'adb' from '/Users/jqorri/Library/Android/sdk/platform-tools/adb'
&amp#27;[35m[AndroidDriver]&amp#27;[39m Retrieving device list
[debug] &amp#27;[35m[ADB]&amp#27;[39m Trying to find a connected android device
[debug] &amp#27;[35m[ADB]&amp#27;[39m Getting connected devices...
[debug] &amp#27;[35m[ADB]&amp#27;[39m Connected devices: [{"udid":"192.168.56.101:5555","state":"device"}]
&amp#27;[35m[AndroidDriver]&amp#27;[39m Using device: 192.168.56.101:5555
&amp#27;[35m[ADB]&amp#27;[39m Using 'adb' from '/Users/jqorri/Library/Android/sdk/platform-tools/adb'
[debug] &amp#27;[35m[ADB]&amp#27;[39m Setting device id to 192.168.56.101:5555
[debug] &amp#27;[35m[ADB]&amp#27;[39m Running '/Users/jqorri/Library/Android/sdk/platform-tools/adb -P 5037 -s 192.168.56.101\:5555 shell getprop ro.build.version.sdk'
&amp#27;[35m[BaseDriver]&amp#27;[39m Session created with session id: a3b29f3f-a56f-4210-b5d6-2fb9332b9167
&amp#27;[35m[UiAutomator2]&amp#27;[39m We're going to run a Chrome-based session
&amp#27;[35m[UiAutomator2]&amp#27;[39m Chrome-type package and activity are com.android.chrome and com.google.android.apps.chrome.Main
&amp#27;[35m[UiAutomator2]&amp#27;[39m Starting 'com.android.chrome' directly on the device
&amp#27;[35m[BaseDriver]&amp#27;[39m Session created with session id: c8fd5af6-3b77-4c7d-bc28-7326ba371a18
&amp#27;[35m[UiAutomator2]&amp#27;[39m We're going to run a Chrome-based session
&amp#27;[35m[UiAutomator2]&amp#27;[39m Chrome-type package and activity are com.android.chrome and com.google.android.apps.chrome.Main
&amp#27;[35m[UiAutomator2]&amp#27;[39m Starting 'com.android.chrome' directly on the device
&amp#27;[35m[ADB]&amp#27;[39m Found 1 'build-tools' folders under '/Users/jqorri/Library/Android/sdk' (newest first):
&amp#27;[35m[ADB]&amp#27;[39m     /Users/jqorri/Library/Android/sdk/build-tools/29.0.2
&amp#27;[35m[ADB]&amp#27;[39m Using 'adb' from '/Users/jqorri/Library/Android/sdk/platform-tools/adb'
&amp#27;[35m[AndroidDriver]&amp#27;[39m Retrieving device list
[debug] &amp#27;[35m[ADB]&amp#27;[39m Trying to find a connected android device
&amp#27;[35m[Appium]&amp#27;[39m Appium v1.15.1 creating new AndroidUiautomator2Driver (v1.37.2) session
[debug] &amp#27;[35m[ADB]&amp#27;[39m Getting connected devices...
&amp#27;[35m[Appium]&amp#27;[39m Appium v1.15.1 creating new AndroidUiautomator2Driver (v1.37.2) session
[debug] &amp#27;[35m[BaseDriver]&amp#27;[39m W3C capabilities and MJSONWP desired capabilities were provided
[de[debug] &amp#27;[35m[Basebug] &amp#27;[35mDriver]&amp#27;[39m W3C capabilities and MJS[ADB]&amp#27;[ON39m CWP deusired rrencapabt device ilities were provided
property 'ro.build.version.sdk': 24
[debug] &amp#27;[35m[BaseDriver[debug]&amp#27;[39m] &amp#27; Creat[35ing sessiom[An withDB]&amp#27;[ W39m Connected devic3C capabilies: [{"udidtie":"s1:92.168.56.10 {
1:5[5deb55"ug],"s &amp#27;[35m[Basetate":"deDrivervic]&amp#27;[39m   e"}]
"al&amp#27;w[a3y5sMam[Atchndr": {
[debug] &amp#27;[oid35m[BaDriver]seD&amp#27;[3river]9&amp#27;[3m U9m sin    "bg drowserNamevie": "cce:hro 19me"2.1,
[debug] &amp#27;[35m[B68.56.101aseDriv:5er]&amp#27;[3555
9m     "platformName": "android",
[debug] &amp#27;[35m[BaseDriver]&amp#27;[39m     "appium:chromedriverExecutable": "/Users/jqorri/.m2/&amp#27;r[35m[ADBeposit]&amp#27;[3ory/webdr9m Using iver/chrom'adb' from '/Users/jqedriver/mac64/79.orri/Librar0.394y5.36//Android/sdk/plchromedatform-tools/ariver",db'
[debug] &amp#27;[35m
[[BdebuaseDriveg] r&amp#27;]&amp#27;[[35m[ADB]&amp#27;39m[39m Sett   ing devi  "appce id to 19ium:de2.1viceName": "GalaxyS68.56.101:558-2",
55
[debug] &amp#27;[35m[BaseDriver]&amp#27;[39m     "appium:newCommandTimeout": 90
[debug] &amp#27;[35m[BaseDriver]&amp#27;[39m   },
[debug] &amp#27;[35m[BaseDriver]&amp#27;[39m   "firs[detMatch": [dbug] &amp#27;[3ebug] &amp#27;[35m[[
[[dedebuADB5m[ADB]&amp#27;[39m]&amp#27;[39m Running '/Usg] &amp#27;bug] &amp#27;[35m[ADB]&amp#27;[39m De[35mers Connected dev/jqorri/Li[BaseDrivvicer]brices: [{"udid":"192.ary/A&amp#27;[39m e API  ndro168id/s  {} lev
[debug] &amp#27;[35m[Bd.5k/platfoaseDriel: 24
ver]&amp#27;[39m rm-&amp#27;[to6.101:5555ols35m  ]
[debug] &amp#27;[[And/adb -P 5037 -","s 192roi35m[BaseDriver]dDriver]&amp#27;[.168.5state":"device"}]
6&amp#27;.[130139m N&amp#27;o5[m3\[:A559m }
 a55 sndhell gppetroiprop  srodDri.bent iuiver]&amp#27;[39ld.ven, rsion.sdm k'
not Usinpag drsievng paiceckag: 1e/a92ctivi.168.56ty
.101:5555
[debug] &amp#27;[35m[ADB]&amp#27;[39m Running '/Users/jqorri/Library/Android/sdk/platform-tools/adb -P 5037 -s 192.168.56.101\:5555 wait-for-device'
&amp#27;[35m[ADB]&amp#27;[39m Using 'adb' from '/Users/jqorri/Library/Android/sdk/platform-tools/adb'
[debug] &amp#27;[35m[ADB]&amp#27;[39m Setting device id to 192.168.56.101:5555
[debug] &amp#27;[35m[BaseDriver]&amp#27;[39m Creating session with W3C capabilities: {
[debug] &amp#27;[35m[ADB]&amp#27;[39m Running '/Users/jqorri/Library/Android/sdk/platform-tools/adb -P 5037 -s 192.168.56.101\:5555 shell getprop ro.build.version.sdk'
[debug] &amp#27;[35m[BaseDriver]&amp#27;[39m   "alwaysMatch": {
[debug] &amp#27;[35m[BaseDriver]&amp#27;[39m     "browserName": "chrome",
[debug] &amp#27;[35m[BaseDriver]&amp#27;[39m     "platformName": "android",
[debug] &amp#27;[35m[BaseDriver]&amp#27;[39m     "appium:chromedriverExecutable": "/Users/jqorri/.m2/repository/webdriver/chromedriver/mac64/79.0.3945.36/chromedriver",
[debug] &amp#27;[35m[BaseDriver]&amp#27;[39m     "appium:deviceName": "GalaxyS8-2",
[debug] &amp#27;[35m[BaseDriver]&amp#27;[39m     "appium:newCommandTimeout": 90
&amp#27;[35m[BaseDriver]&amp#27;[39m Session created with session id: 48e5bb0b-e933-4969-815c-5aefdd8d0796
&amp#27;[35m[UiAutomator2]&amp#27;[39m We're going to run a Chrome-based session
&amp#27;[35m[UiAutomator2]&amp#27;[39m Chrome-type package and act[idvity arebuge c] &amp#27;om.[3andr5m[oidADB]&amp#27;[39m Running '/.chUsers/jqorri/romLibe and com.google.android.apps.chrome.Main
rar&amp#27;y[/3A5nmd[rUoiiAdu/tsodmka/tploratf2]&amp#27;[39m Starting 'com.android.chorm-tools/adb -P 5037 -roms 192.168.56.e' d101\:5555ire shctly on the device
ell echo ping'
[debug] &amp#27;[35m[BaseDriver]&amp#27;[39m   },
[debug] &amp#27;[35m[BaseDriver]&amp#27;[39m   "firstMatch": [
[debug] &amp#27;[35m[ADB]&amp#27;[39m Current device property 'ro.build.version.sdk': 24
[debug] &amp#27;[35m[ADB]&amp#27;[39m Device API level: 24
&amp#27;[35m[AndroidDriver]&amp#27;[39m No app sent in, not parsing package/activity
[debug] &amp#27;[35m[ADB]&amp#27;[39m Running '/Users/jqorri/Library/Android/sdk/platform-tools/adb -P 5037 -s 192.168.56.101\:5555 wait-for-device'
&amp#27;[35m[ADB]&amp#27;[39m Found 1 'build-tools' folders under '/Users/jqorri/Library/Android/sdk' (newest first):
&amp#27;[35m[ADB]&amp#27;[39m     /Users/jqorri/Library/Android/sdk/build-tools/29.0.2
&amp#27;[[debug]3 &amp#27;[35m[B5m[ADB]&amp#27;[39m Using 'aasedb'Driver fr]&amp#27;om[3 '/9m Use  rs/jqorr i /{Library/A}
ndroid/sdk/platform-tools/adb'
&amp#27;[35m[AndroidDriver]&amp#27;[39m Retrieving device list
[debug] &amp#27;[35m[ADB]&amp#27;[39m Trying to find a connected android device
[debug] &amp#27;[35m[ADB]&amp#27;[39m Getting connected devices...
[debug] &amp#27;[35m[BaseDriver]&amp#27;[39m   ]
[debug] &amp#27;[35m[BaseDriver]&amp#27;[39m }
[debug] &amp#27;[35m[ADB]&amp#27;[39m Current device property 'ro.build.version.sdk': 24
[debug] &amp#27;[35m[ADB]&amp#27;[39m Device API level: 24
&amp#27;[35m[AndroidDriver]&amp#27;[39m No app sent in, not parsing package/activity
[[ddebug]ebug] &amp#27; &amp#27;[35m[AndroidDriver]&amp#27;[39m Pushing s[35metti[ADBng]&amp#27;[39m Runns[deb aping 'k to devicuge./U..
] &amp#27;s[35mers/j[Aqorri/DB]&amp#27;[39m LibraRunryning/ '/AndUseroirs/d/sjqordkri/Libra/pry/latAndrfooid/sdk/plarm-tools/atform-toodb -P 5037ls/ -s 192ad.16b -8.56.101\:5555P 503 shell ec7 -s 192.168.56.ho ping'
101\:5555 wait-for-device'
[debug] &amp#27;[35m[ADB]&amp#27;[39m Getting install status for io.appium.settings
[debug] &amp#27;[35m[ADB]&amp#27;[39m Running '/Users/jqorri/Library/Android/sdk/platform-tools/adb -P 5037 -s 192.168.56.101\:5555 shell dumpsys package io.appium.settings'
[debug] &amp#27;[35m[ADB]&amp#27;[39m Connected devices: [{"udid":"192.168.56.101:5555","state":"device"}]
&amp#27;[35m[AndroidDriver]&amp#27;[39m Using device: 192.168.56.101:5555
&amp#27;[35m[ADB]&amp#27;[39m Using 'adb' from '/Users/jqorri/Library/Android/sdk/platform-tools/adb'
[debug] &amp#27;[35m[ADB]&amp#27;[39m Setting device id to 192.168.56.101:5555
[debug] &amp#27;[35m[ADB]&amp#27;[39m Running '/Users/jqorri/Library/Android/sdk/platform-tools/adb -P 5037 -s 192.168.56.101\:5555 shell getprop ro.build.version.sdk'
[debug] &amp#27;[35m[ADB]&amp#27;[39m Running '/Users/jqorri/Library/Android/sdk/platform-tools/adb -P 5037 -s 192.168.56.101\:5555 shell echo ping'
[debug] &amp#27;[35m[AndroidDriver]&amp#27;[39m Pushing settings apk to device...
[debug] &amp#27;[35m[ADB]&amp#27;[39m Getting install status for io.appium.settings
[debug] &amp#27;[35m[ADB]&amp#27;[39m Running '/Users/jqorri/Library/Android/sdk/platform-tools/adb -P 5037 -s 192.168.56.101\:5555 shell dumpsys package io.appium.settings'
&amp#27;[35m[BaseDriver]&amp#27;[39m Session created with session id: cbf3d110-ca80-44fc-a2b6-ade0b653d973
&amp#27;[35m[UiAutomator2]&amp#27;[39m We're going to run a Chrome-based session
&amp#27;[35m[UiAutomator2]&amp#27;[39m Chrome-type package and activity are com.android.chrome and com.google.android.apps.chrome.Main
&amp#27;[35m[UiAutomator2]&amp#27;[39m Starting 'com.android.chrome' directly on the device
[debug] &amp#27;[35m[ADB]&amp#27;[39m 'io.appium.settings' is installed
[debug] &amp#27;[35m[ADB]&amp#27;[39m Getting package info for 'io.appium.settings'
[debug] &amp#27;[35m[ADB]&amp#27;[39m Running '/Users/jqorri/Library/Android/sdk/platform-tools/adb -P 5037 -s 192.168.56.101\:5555 shell dumpsys package io.appium.settings'
[debug] &amp#27;[35m[AndroidDriver]&amp#27;[39m Pushing settings apk to device...
[debug] &amp#27;[35m[ADB]&amp#27;[39m Getting install status for io.appium.settings
[debug] &amp#27;[35m[ADB]&amp#27;[39m Running '/Users/jqorri/Library/Android/sdk/platform-tools/adb -P 5037 -s 192.168.56.101\:5555 shell dumpsys package io.appium.settings'
&amp#27;[35m[ADB]&amp#27;[39m Found 1 'build-tools' folders under '/Users/jqorri/Library/Android/sdk' (newest first):
&amp#27;[35m[ADB]&amp#27;[39m     /Users/jqorri/Library/Android/sdk/build-tools/29.0.2
&amp#27;[35m[ADB]&amp#27;[39m Using 'adb' from '/Users/jqorri/Library/Android/sdk/platform-tools/adb'
&amp#27;[35m[AndroidDriver]&amp#27;[39m Retrieving device list
[debug] &amp#27;[35m[ADB]&amp#27;[39m Trying to find a connected android device
[debug] &amp#27;[35m[ADB]&amp#27;[39m Getting connected devices...
[debug] &amp#27;[35m[ADB]&amp#27;[39m 'io.appium.settings' is installed
[debug] &amp#27;[35m[ADB]&amp#27;[39m Getting package info for 'io.appium.settings'
[debug] &amp#27;[35m[ADB]&amp#27;[39m Running '/Users/jqorri/Library/Android/sdk/platform-tools/adb -P 5037 -s 192.168.56.101\:5555 shell dumpsys package io.appium.settings'
&amp#27;[35m[ADB]&amp#27;[39m Found 1 'build-tools' folders under '/Users/jqorri/Library/Android/sdk' (newest first):
&amp#27;[35m[ADB]&amp#27;[39m     /Users/jqorri/Library/Android/sdk/build-tools/29.0.2
[debug] &amp#27;[35m[ADB]&amp#27;[39m Current device property 'ro.build.version.sdk': 24
&amp#27;[35m[ADB]&amp#27;[39m Using 'adb' from '/Users/jqorri/Library/Android/sdk/platform-tools/adb'
&amp#27;[35m[AndroidDriver]&amp#27;[39m Retrieving device list
[debug] &amp#27;[35m[ADB]&amp#27;[39m Trying to find a connected android device
[debug] &amp#27;[35m[ADB]&amp#27;[39m Getting connected devices...
[debug] &amp#27;[35m[ADB]&amp#27;[39m Device API level: 24
&amp#27;[35m[AndroidDriver]&amp#27;[39m No app sent in, not parsing package/activity
[debug] &amp#27;[35m[ADB]&amp#27;[39m Running '/Users/jqorri/Library/Android/sdk/platform-tools/adb -P 5037 -s 192.168.56.101\:5555 wait-for-device'
&amp#27;[35m[ADB]&amp#27;[39m Using 'apkanalyzer' from '/Users/jqorri/Library/Android/sdk/tools/bin/apkanalyzer'
[debug] &amp#27;[35m[ADB]&amp#27;[39m Starting '/Users/jqorri/Library/Android/sdk/tools/bin/apkanalyzer' with args ["manifest","print","/usr/local/lib/node_modules/appium/node_modules/io.appium.settings/apks/settings_apk-debug.apk"]
[debug] &amp#27;[35m[ADB]&amp#27;[39m 'io.appium.settings' is installed
[debug] &amp#27;[35m[ADB]&amp#27;[39m Getting package info for 'io.appium.settings'
[debug] &amp#27;[35m[ADB]&amp#27;[39m Running '/Users/jqorri/Library/Android/sdk/platform-tools/adb -P 5037 -s 192.168.56.101\:5555 shell dumpsys package io.appium.settings'
[debug] &amp#27;[35m[ADB]&amp#27;[39m Connected devices: [{"udid":"192.168.56.101:5555","state":"device"}]
&amp#27;[35m[AndroidDriver]&amp#27;[39m Using device: 192.168.56.101:5555
&amp#27;[35m[ADB]&amp#27;[39m Using 'adb' from '/Users/jqorri/Library/Android/sdk/platform-tools/adb'
[debug] &amp#27;[35m[ADB]&amp#27;[39m Setting device id to 192.168.56.101:5555
[debug] &amp#27;[35m[ADB]&amp#27;[39m Running '/Users/jqorri/Library/Android/sdk/platform-tools/adb -P 5037 -s 192.168.56.101\:5555 shell echo ping'
&amp#27;[35m[ADB]&amp#27;[39m Using 'apkanalyzer' from '/Users/jqorri/Library/Android/sdk/tools/bin/apkanalyzer'
[debug] &amp#27;[35m[ADB]&amp#27;[39m Starting '/Users/jqorri/Library/Android/sdk/tools/bin/apkanalyzer' with args ["manifest","print","/usr/local/lib/node_modules/appium/node_modules/io.appium.settings/apks/settings_apk-debug.apk"]
[debug] &amp#27;[35m[ADB]&amp#27;[39m Connected devices: [{"udid":"192.168.56.101:5555","state":"device"}]
&amp#27;[35m[AndroidDriver]&amp#27;[39m Using device: 192.168.56.101:5555
&amp#27;[35m[ADB]&amp#27;[39m Using 'adb' from '/Users/jqorri/Library/Android/sdk/platform-tools/adb'
[debug] &amp#27;[35m[ADB]&amp#27;[39m Setting device id to 192.168.56.101:5555
[debug] &amp#27;[35m[ADB]&amp#27;[39m Running '/Users/jqorri/Library/Android/sdk/platform-tools/adb -P 5037 -s 192.168.56.101\:5555 shell getprop ro.build.version.sdk'
[debug] &amp#27;[35m[AndroidDriver]&amp#27;[39m Pushing settings apk to device...
[debug] &amp#27;[35m[ADB]&amp#27;[39m Getting install status for io.appium.settings
[debug] &amp#27;[35m[ADB]&amp#27;[39m Running '/Users/jqorri/Library/Android/sdk/platform-tools/adb -P 5037 -s 192.168.56.101\:5555 shell dumpsys package io.appium.settings'
[debug] &amp#27;[35m[ADB]&amp#27;[39m Running '/Users/jqorri/Library/Android/sdk/platform-tools/adb -P 5037 -s 192.168.56.101\:5555 shell getprop ro.build.version.sdk'
&amp#27;[35m[ADB]&amp#27;[39m Found 1 'build-tools' folders under '/Users/jqorri/Library/Android/sdk' (newest first):
&amp#27;[35m[ADB]&amp#27;[39m     /Users/jqorri/Library/Android/sdk/build-tools/29.0.2
&amp#27;[35m[ADB]&amp#27;[39m Using 'apkanalyzer' from '/Users/jqorri/Library/Android/sdk/tools/bin/apkanalyzer'
[debug] &amp#27;[35m[ADB]&amp#27;[39m Starting '/Users/jqorri/Library/Android/sdk/tools/bin/apkanalyzer' with args ["manifest","print","/usr/local/lib/node_modules/appium/node_modules/io.appium.settings/apks/settings_apk-debug.apk"]
&amp#27;[35m[ADB]&amp#27;[39m Using 'adb' from '/Users/jqorri/Library/Android/sdk/platform-tools/adb'
&amp#27;[35m[AndroidDriver]&amp#27;[39m Retrieving device list
[debug] &amp#27;[35m[ADB]&amp#27;[39m Trying to find a connected android device
[debug] &amp#27;[35m[ADB]&amp#27;[39m Getting connected devices...
[debug] &amp#27;[35m[ADB]&amp#27;[39m Current device property 'ro.build.version.sdk': 24
[debug] &amp#27;[35m[ADB]&amp#27;[39m Device API level: 24
&amp#27;[35m[AndroidDriver]&amp#27;[39m No app sent in, not parsing package/activity
[debug] &amp#27;[35m[ADB]&amp#27;[39m Running '/Users/jqorri/Library/Android/sdk/platform-tools/adb -P 5037 -s 192.168.56.101\:5555 wait-for-device'
[debug] &amp#27;[35m[ADB]&amp#27;[39m Current device property 'ro.build.version.sdk': 24
[debug] &amp#27;[35m[ADB]&amp#27;[39m Device API level: 24
&amp#27;[35m[AndroidDriver]&amp#27;[39m No app sent in, not parsing package/activity
[debug] &amp#27;[35m[ADB]&amp#27;[39m Running '/Users/jqorri/Library/Android/sdk/platform-tools/adb -P 5037 -s 192.168.56.101\:5555 wait-for-device'
[debug] &amp#27;[35m[ADB]&amp#27;[39m Connected devices: [{"udid":"192.168.56.101:5555","state":"device"}]
&amp#27;[35m[AndroidDriver]&amp#27;[39m Using device: 192.168.56.101:5555
&amp#27;[35m[ADB]&amp#27;[39m Using 'adb' from '/Users/jqorri/Library/Android/sdk/platform-tools/adb'
[debug] &amp#27;[35m[ADB]&amp#27;[39m Setting device id to 192.168.56.101:5555
[debug] &amp#27;[35m[ADB]&amp#27;[39m Running '/Users/jqorri/Library/Android/sdk/platform-tools/adb -P 5037 -s 192.168.56.101\:5555 shell getprop ro.build.version.sdk'
[debug] &amp#27;[35m[ADB]&amp#27;[39m Running '/Users/jqorri/Library/Android/sdk/platform-tools/adb -P 5037 -s 192.168.56.101\:5555 shell echo ping'
[debug] &amp#27;[35m[ADB]&amp#27;[39m 'io.appium.settings' is installed
[debug] &amp#27;[35m[ADB]&amp#27;[39m Getting package info for 'io.appium.settings'
[debug] &amp#27;[35m[ADB]&amp#27;[39m Running '/Users/jqorri/Library/Android/sdk/platform-tools/adb -P 5037 -s 192.168.56.101\:5555 shell dumpsys package io.appium.settings'
[debug] &amp#27;[35m[ADB]&amp#27;[39m Running '/Users/jqorri/Library/Android/sdk/platform-tools/adb -P 5037 -s 192.168.56.101\:5555 shell echo ping'
[debug] &amp#27;[35m[ADB]&amp#27;[39m Current device property 'ro.build.version.sdk': 24
[debug] &amp#27;[35m[ADB]&amp#27;[39m Device API level: 24
&amp#27;[35m[AndroidDriver]&amp#27;[39m No app sent in, not parsing package/activity
[debug] &amp#27;[35m[ADB]&amp#27;[39m Running '/Users/jqorri/Library/Android/sdk/platform-tools/adb -P 5037 -s 192.168.56.101\:5555 wait-for-device'
[debug] &amp#27;[35m[AndroidDriver]&amp#27;[39m Pushing settings apk to device...
[debug] &amp#27;[35m[ADB]&amp#27;[39m Getting install status for io.appium.settings
[debug] &amp#27;[35m[ADB]&amp#27;[39m Running '/Users/jqorri/Library/Android/sdk/platform-tools/adb -P 5037 -s 192.168.56.101\:5555 shell dumpsys package io.appium.settings'
[debug] &amp#27;[35m[AndroidDriver]&amp#27;[39m Pushing settings apk to device...
[debug] &amp#27;[35m[ADB]&amp#27;[39m Getting install status for io.appium.settings
[debug] &amp#27;[35m[ADB]&amp#27;[39m Running '/Users/jqorri/Library/Android/sdk/platform-tools/adb -P 5037 -s 192.168.56.101\:5555 shell dumpsys package io.appium.settings'
[debug] &amp#27;[35m[ADB]&amp#27;[39m Running '/Users/jqorri/Library/Android/sdk/platform-tools/adb -P 5037 -s 192.168.56.101\:5555 shell echo ping'
[debug] &amp#27;[35m[AndroidDriver]&amp#27;[39m Pushing settings apk to device...
&amp#27;[35m[ADB]&amp#27;[39m Using 'apkanalyzer' from '/Users/jqorri/Library/Android/sdk/tools/bin/apkanalyzer'
[debug] &amp#27;[35m[ADB]&amp#27;[39m Starting '/Users/jqorri/Library/Android/sdk/tools/bin/apkanalyzer' with args ["manifest","print","/usr/local/lib/node_modules/appium/node_modules/io.appium.settings/apks/settings_apk-debug.apk"]
[debug] &amp#27;[35m[ADB]&amp#27;[39m Getting install status for io.appium.settings
[debug] &amp#27;[35m[ADB]&amp#27;[39m Running '/Users/jqorri/Library/Android/sdk/platform-tools/adb -P 5037 -s 192.168.56.101\:5555 shell dumpsys package io.appium.settings'
[debug] &amp#27;[35m[ADB]&amp#27;[39m 'io.appium.settings' is installed
[debug] &amp#27;[35m[ADB]&amp#27;[39m Getting package info for 'io.appium.settings'
[debug] &amp#27;[35m[ADB]&amp#27;[39m Running '/Users/jqorri/Library/Android/sdk/platform-tools/adb -P 5037 -s 192.168.56.101\:5555 shell dumpsys package io.appium.settings'
[debug] &amp#27;[35m[ADB]&amp#27;[39m 'io.appium.settings' is installed
[debug] &amp#27;[35m[ADB]&amp#27;[39m Getting package info for 'io.appium.settings'
[debug] &amp#27;[35m[ADB]&amp#27;[39m Running '/Users/jqorri/Library/Android/sdk/platform-tools/adb -P 5037 -s 192.168.56.101\:5555 shell dumpsys package io.appium.settings'
[debug] &amp#27;[35m[ADB]&amp#27;[39m 'io.appium.settings' is installed
[debug] &amp#27;[35m[ADB]&amp#27;[39m Getting package info for 'io.appium.settings'
[debug] &amp#27;[35m[ADB]&amp#27;[39m Running '/Users/jqorri/Library/Android/sdk/platform-tools/adb -P 5037 -s 192.168.56.101\:5555 shell dumpsys package io.appium.settings'
&amp#27;[35m[ADB]&amp#27;[39m Using 'apkanalyzer' from '/Users/jqorri/Library/Android/sdk/tools/bin/apkanalyzer'
[debug] &amp#27;[35m[ADB]&amp#27;[39m Starting '/Users/jqorri/Library/Android/sdk/tools/bin/apkanalyzer' with args ["manifest","print","/usr/local/lib/node_modules/appium/node_modules/io.appium.settings/apks/settings_apk-debug.apk"]
&amp#27;[35m[ADB]&amp#27;[39m Using 'apkanalyzer' from '/Users/jqorri/Library/Android/sdk/tools/bin/apkanalyzer'
[debug] &amp#27;[35m[ADB]&amp#27;[39m Starting '/Users/jqorri/Library/Android/sdk/tools/bin/apkanalyzer' with args ["manifest","print","/usr/local/lib/node_modules/appium/node_modules/io.appium.settings/apks/settings_apk-debug.apk"]
&amp#27;[35m[ADB]&amp#27;[39m Using 'apkanalyzer' from '/Users/jqorri/Library/Android/sdk/tools/bin/apkanalyzer'
[debug] &amp#27;[35m[ADB]&amp#27;[39m Starting '/Users/jqorri/Library/Android/sdk/tools/bin/apkanalyzer' with args ["manifest","print","/usr/local/lib/node_modules/appium/node_modules/io.appium.settings/apks/settings_apk-debug.apk"]
[debug] &amp#27;[35m[ADB]&amp#27;[39m The version name of the installed 'io.appium.settings' is greater or equal to the application version name ('2.14.2' >= '2.14.2')
[debug] &amp#27;[35m[ADB]&amp#27;[39m There is no need to install/upgrade '/usr/local/lib/node_modules/appium/node_modules/io.appium.settings/apks/settings_apk-debug.apk'
[debug] &amp#27;[35m[ADB]&amp#27;[39m Getting IDs of all 'io.appium.settings' processes
[debug] &amp#27;[35m[ADB]&amp#27;[39m Running '/Users/jqorri/Library/Andro[diebd/sdk/platfug] &amp#27;orm-tools[35m[/adADB]&amp#27;[39m The version name ob -f the installed 'io.aP 50ppium.se37 -stting 192.16s' i8.56.1s greater o01\:5555 shell 'pgrep r equ--heal lp;to th echo $?''
e application version name ('2.14.2' >= '2.14.2')
[debug] &amp#27;[35m[ADB]&amp#27;[39m There is no need to install/upgrade '/usr/local/lib/node_modules/appium/node_modules/io.appium.settings/apks/settings_apk-debug.apk'
[debug] &amp#27;[35m[ADB]&amp#27;[39m Getting IDs of all 'io.appium.settings' processes
[debug] &amp#27;[35m[ADB]&amp#27;[39m Running '/Users/jqorri/Library/Android/sdk/platform-tools/adb -P 5037 -s 192.168.56.101\:5555 shell 'pgrep --help; echo $?''
[debug] &amp#27;[35m[ADB]&amp#27;[39m Running '/Users/jqorri/Library/Android/sdk/platform-tools/adb -P 5037 -s 192.168.56.101\:5555 shell pgrep \^appium\\.settings\$'
[debug] &amp#27;[35m[ADB]&amp#27;[39m Running '/Users/jqorri/Library/Android/sdk/platform-tools/adb -P 5037 -s 192.168.56.101\:5555 shell pgrep \^appium\\.settings\$'
[debug] &amp#27;[35m[ADB]&amp#27;[39m The version name of the installed 'io.appium.settings' is greater or equal to the application version name ('2.14.2' >= '2.14.2')
[debug] &amp#27;[35m[ADB]&amp#27;[39m There is no need to install/upgrade '/usr/local/lib/node_modules/appium/node_modules/io.appium.settings/apks/settings_apk-debug.apk'
[debug] &amp#27;[35m[ADB]&amp#27;[39m Getting IDs of all 'io.appium.settings' processes
[debug] &amp#27;[35m[ADB]&amp#27;[39m Running '/Users/jqorri/Library/Android/sdk/platform-tools/adb -P 5037 -s 192.168.56.101\:5555 shell 'pgrep --help; echo $?''
[debug] &amp#27;[35m[ADB]&amp#27;[39m The version name of the installed 'io.appium.settings' is greater or equal to the application version name ('2.14.2' >= '2.14.2')
[debug] &amp#27;[35m[ADB]&amp#27;[39m There is no need to install/upgrade '/usr/local/lib/node_modules/appium/node_modules/io.appium.settings/apks/settings_apk-debug.apk'
[debug] &amp#27;[35m[ADB]&amp#27;[39m Getting IDs of all 'io.appium.settings' processes
[debug] &amp#27;[35m[ADB]&amp#27;[39m Running '/Users/jqorri/Library/Android/sdk/platform-tools/adb -P 5037 -s 192.168.56.101\:5555 shell 'pgrep --help; echo $?''
[debug] &amp#27;[35m[AndroidDriver]&amp#27;[39m io.appium.settings is already running. There is no need to reset its permissions.
[debug] &amp#27;[35m[ADB]&amp#27;[39m Running '/Users/jqorri/Library/Android/sdk/platform-tools/adb -P 5037 -s 192.168.56.101\:5555 shell appops set io.appium.settings android\:mock_location allow'
[debug] &amp#27;[35m[AndroidDriver]&amp#27;[39m io.appium.settings is already running. There is no need to reset its permissions.
[debug] &amp#27;[35m[ADB]&amp#27;[39m Running '/Users/jqorri/Library/Android/sdk/platform-tools/adb -P 5037 -s 192.168.56.101\:5555 shell appops set io.appium.settings android\:mock_location allow'
[debug] &amp#27;[35m[ADB]&amp#27;[39m Running '/Users/jqorri/Library/Android/sdk/platform-tools/adb -P 5037 -s 192.168.56.101\:5555 shell pgrep \^appium\\.settings\$'
[debug] &amp#27;[35m[ADB]&amp#27;[39m Running '/Users/jqorri/Library/Android/sdk/platform-tools/adb -P 5037 -s 192.168.56.101\:5555 shell pgrep \^appium\\.settings\$'
[debug] &amp#27;[35m[Logcat]&amp#27;[39m Starting logcat capture
[debug] &amp#27;[35m[AndroidDriver]&amp#27;[39m io.appium.settings is already running. There is no need to reset its permissions.
[debug] &amp#27;[35m[ADB]&amp#27;[39m Running '/Users/jqorri/Library/Android/sdk/platform-tools/adb -P 5037 -s 192.168.56.101\:5555 shell appops set io.appium.settings android\:mock_location allow'
[debug] &amp#27;[35m[Logcat]&amp#27;[39m Starting logcat capture
[debug] &amp#27;[35m[AndroidDriver]&amp#27;[39m io.appium.settings is already running. There is no need to reset its permissions.
[debug] &amp#27;[35m[ADB]&amp#27;[39m Running '/Users/jqorri/Library/Android/sdk/platform-tools/adb -P 5037 -s 192.168.56.101\:5555 shell appops set io.appium.settings android\:mock_location allow'
[debug] &amp#27;[35m[ADB]&amp#27;[39m Getting install status for io.appium.uiautomator2.server
[debug] &amp#27;[35m[ADB]&amp#27;[39m Running '/Users/jqorri/Library/Android/sdk/platform-tools/adb -P 5037 -s 192.168.56.101\:5555 shell dumpsys package io.appium.uiautomator2.server'
[debug] &amp#27;[35m[ADB]&amp#27;[39m Getting install status for io.appium.uiautomator2.server
[debug] &amp#27;[35m[ADB]&amp#27;[39m Running '/Users/jqorri/Library/Android/sdk/platform-tools/adb -P 5037 -s 192.168.56.101\:5555 shell dumpsys package io.appium.uiautomator2.server'
[debug] &amp#27;[35m[Logcat]&amp#27;[39m Starting logcat capture
[debug] &amp#27;[35m[ADB]&amp#27;[39m The version name of the installed 'io.appium.settings' is greater or equal to the application version name ('2.14.2' >= '2.14.2')
[debug] &amp#27;[35m[ADB]&amp#27;[39m There is no need to install/upgrade '/usr/local/lib/node_modules/appium/node_modules/io.appium.settings/apks/settings_apk-debug.apk'
[debug] &amp#27;[35m[ADB]&amp#27;[39m Getting IDs of all 'io.appium.settings' processes
[debug] &amp#27;[35m[ADB]&amp#27;[39m Running '/Users/jqorri/Library/Android/sdk/platform-tools/adb -P 5037 -s 192.168.56.101\:5555 shell 'pgrep --help; echo $?''
[debug] &amp#27;[35m[ADB]&amp#27;[39m 'io.appium.uiautomator2.server' is installed
[debug] &amp#27;[35m[ADB]&amp#27;[39m Getting package info for 'io.appium.uiautomator2.server'
[debug] &amp#27;[35m[ADB]&amp#27;[39m Running '/Users/jqorri/Library/Android/sdk/platform-tools/adb -P 5037 -s 192.168.56.101\:5555 shell dumpsys package io.appium.uiautomator2.server'
[debug] &amp#27;[35m[Logcat]&amp#27;[39m Starting logcat capture
[debug] &amp#27;[35m[ADB]&amp#27;[39m The version name of the installed 'io.appium.settings' is greater or equal to the application version name ('2.14.2' >= '2.14.2')
[debug] &amp#27;[35m[ADB]&amp#27;[39m There is no need to install/upgrade '/usr/local/lib/node_modules/appium/node_modules/io.appium.settings/apks/settings_apk-debug.apk'
[debug] &amp#27;[35m[ADB]&amp#27;[39m Getting IDs of all 'io.appium.settings' processes
[debug] &amp#27;[35m[ADB]&amp#27;[39m Running '/Users/jqorri/Library/Android/sdk/platform-tools/adb -P 5037 -s 192.168.56.101\:5555 shell 'pgrep --help; echo $?''
[debug] &amp#27;[35m[ADB]&amp#27;[39m 'io.appium.uiautomator2.server' is installed
[debug] &amp#27;[35m[ADB]&amp#27;[39m Getting package info for 'io.appium.uiautomator2.server'
[debug] &amp#27;[35m[ADB]&amp#27;[39m Running '/Users/jqorri/Library/Android/sdk/platform-tools/adb -P 5037 -s 192.168.56.101\:5555 shell dumpsys package io.appium.uiautomator2.server'
[debug] &amp#27;[35m[ADB]&amp#27;[39m Getting install status for io.appium.uiautomator2.server
[debug] &amp#27;[35m[ADB]&amp#27;[39m Running '/Users/jqorri/Library/Android/sdk/platform-tools/adb -P 5037 -s 192.168.56.101\:5555 shell dumpsys package io.appium.uiautomator2.server'
[debug] &amp#27;[35m[ADB]&amp#27;[39m Running '/Users/jqorri/Library/Android/sdk/platform-tools/adb -P 5037 -s 192.168.56.101\:5555 shell pgrep \^appium\\.settings\$'
[debug] &amp#27;[35m[ADB]&amp#27;[39m Starting '/Users/jqorri/Library/Android/sdk/tools/bin/apkanalyzer' with args ["manifest","print","/usr/local/lib/node_modules/appium/node_modules/appium-uiautomator2-server/apks/appium-uiautomator2-server-v4.3.0.apk"]
[debug] &amp#27;[35m[ADB]&amp#27;[39m Starting '/Users/jqorri/Library/Android/sdk/tools/bin/apkanalyzer' with args ["manifest","print","/usr/local/lib/node_modules/appium/node_modules/appium-uiautomator2-server/apks/appium-uiautomator2-server-v4.3.0.apk"]
[debug] &amp#27;[35m[ADB]&amp#27;[39m Running '/Users/jqorri/Library/Android/sdk/platform-tools/adb -P 5037 -s 192.168.56.101\:5555 shell pgrep \^appium\\.settings\$'
[debug] &amp#27;[35m[ADB]&amp#27;[39m Getting install status for io.appium.uiautomator2.server
[debug] &amp#27;[35m[ADB]&amp#27;[39m Running '/Users/jqorri/Library/Android/sdk/platform-tools/adb -P 5037 -s 192.168.56.101\:5555 shell dumpsys package io.appium.uiautomator2.server'
[debug] &amp#27;[35m[ADB]&amp#27;[39m 'io.appium.uiautomator2.server' is installed
[debug] &amp#27;[35m[ADB]&amp#27;[39m Getting package info for 'io.appium.uiautomator2.server'
[debug] &amp#27;[35m[ADB]&amp#27;[39m Running '/Users/jqorri/Library/Android/sdk/platform-tools/adb -P 5037 -s 192.168.56.101\:5555 shell dumpsys package io.appium.uiautomator2.server'
[debug] &amp#27;[35m[AndroidDriver]&amp#27;[39m io.appium.settings is already running. There is no need to reset its permissions.
[debug] &amp#27;[35m[ADB]&amp#27;[39m Running '/Users/jqorri/Library/Android/sdk/platform-tools/adb -P 5037 -s 192.168.56.101\:5555 shell appops set io.appium.settings android\:mock_location allow'
[debug] &amp#27;[35m[AndroidDriver]&amp#27;[39m io.appium.settings is already running. There is no need to reset its permissions.
[debug] &amp#27;[35m[ADB]&amp#27;[39m Running '/Users/jqorri/Library/Android/sdk/platform-tools/adb -P 5037 -s 192.168.56.101\:5555 shell appops set io.appium.settings android\:mock_location allow'
[debug] &amp#27;[35m[ADB]&amp#27;[39m 'io.appium.uiautomator2.server' is installed
[debug] &amp#27;[35m[ADB]&amp#27;[39m Getting package info for 'io.appium.uiautomator2.server'
[debug] &amp#27;[35m[ADB]&amp#27;[39m Running '/Users/jqorri/Library/Android/sdk/platform-tools/adb -P 5037 -s 192.168.56.101\:5555 shell dumpsys package io.appium.uiautomator2.server'
[debug] &amp#27;[35m[ADB]&amp#27;[39m The version name of the installed 'io.appium.settings' is greater or equal to the application version name ('2.14.2' >= '2.14.2')
[debug] &amp#27;[35m[ADB]&amp#27;[39m There is no need to install/upgrade '/usr/local/lib/node_modules/appium/node_modules/io.appium.settings/apks/settings_apk-debug.apk'
[debug] &amp#27;[35m[ADB]&amp#27;[39m Getting IDs of all 'io.appium.settings' processes
[debug] &amp#27;[35m[ADB]&amp#27;[39m Running '/Users/jqorri/Library/Android/sdk/platform-tools/adb -P 5037 -s 192.168.56.101\:5555 shell 'pgrep --help; echo $?''
[debug] &amp#27;[35m[ADB]&amp#27;[39m Starting '/Users/jqorri/Library/Android/sdk/tools/bin/apkanalyzer' with args ["manifest","print","/usr/local/lib/node_modules/appium/node_modules/appium-uiautomator2-server/apks/appium-uiautomator2-server-v4.3.0.apk"]
[debug] &amp#27;[35m[Logcat]&amp#27;[39m Starting logcat capture
[debug] &amp#27;[35m[Logcat]&amp#27;[39m Starting logcat capture
[debug] &amp#27;[35m[ADB]&amp#27;[39m Starting '/Users/jqorri/Library/Android/sdk/tools/bin/apkanalyzer' with args ["manifest","print","/usr/local/lib/node_modules/appium/node_modules/appium-uiautomator2-server/apks/appium-uiautomator2-server-v4.3.0.apk"]
[debug] &amp#27;[35m[ADB]&amp#27;[39m Running '/Users/jqorri/Library/Android/sdk/platform-tools/adb -P 5037 -s 192.168.56.101\:5555 shell pgrep \^appium\\.settings\$'
[debug] &amp#27;[35m[ADB]&amp#27;[39m Getting install status for io.appium.uiautomator2.server
[debug] &amp#27;[35m[ADB]&amp#27;[39m Running '/Users/jqorri/Library/Android/sdk/platform-tools/adb -P 5037 -s 192.168.56.101\:5555 shell dumpsys package io.appium.uiautomator2.server'
[debug] &amp#27;[35m[AndroidDriver]&amp#27;[39m io.appium.settings is already running. There is no need to reset its permissions.
[debug] &amp#27;[35m[ADB]&amp#27;[39m Running '/Users/jqorri/Library/Android/sdk/platform-tools/adb -P 5037 -s 192.168.56.101\:5555 shell appops set io.appium.settings android\:mock_location allow'
[debug] &amp#27;[35m[ADB]&amp#27;[39m Getting install status for io.appium.uiautomator2.server
[debug] &amp#27;[35m[ADB]&amp#27;[39m Running '/Users/jqorri/Library/Android/sdk/platform-tools/adb -P 5037 -s 192.168.56.101\:5555 shell dumpsys package io.appium.uiautomator2.server'
[debug] &amp#27;[35m[ADB]&amp#27;[39m 'io.appium.uiautomator2.server' is installed
[debug] &amp#27;[35m[ADB]&amp#27;[39m Getting package info for 'io.appium.uiautomator2.server'
[debug] &amp#27;[35m[ADB]&amp#27;[39m Running '/Users/jqorri/Library/Android/sdk/platform-tools/adb -P 5037 -s 192.168.56.101\:5555 shell dumpsys package io.appium.uiautomator2.server'
[debug] &amp#27;[35m[ADB]&amp#27;[39m 'io.appium.uiautomator2.server' is installed
[debug] &amp#27;[35m[ADB]&amp#27;[39m Getting package info for 'io.appium.uiautomator2.server'
[debug] &amp#27;[35m[ADB]&amp#27;[39m Running '/Users/jqorri/Library/Android/sdk/platform-tools/adb -P 5037 -s 192.168.56.101\:5555 shell dumpsys package io.appium.uiautomator2.server'
[debug] &amp#27;[35m[Logcat]&amp#27;[39m Starting logcat capture
[debug] &amp#27;[35m[ADB]&amp#27;[39m Starting '/Users/jqorri/Library/Android/sdk/tools/bin/apkanalyzer' with args ["manifest","print","/usr/local/lib/node_modules/appium/node_modules/appium-uiautomator2-server/apks/appium-uiautomator2-server-v4.3.0.apk"]
[debug] &amp#27;[35m[ADB]&amp#27;[39m Starting '/Users/jqorri/Library/Android/sdk/tools/bin/apkanalyzer' with args ["manifest","print","/usr/local/lib/node_modules/appium/node_modules/appium-uiautomator2-server/apks/appium-uiautomator2-server-v4.3.0.apk"]
[debug] &amp#27;[35m[ADB]&amp#27;[39m Getting install status for io.appium.uiautomator2.server
[debug] &amp#27;[35m[ADB]&amp#27;[39m Running '/Users/jqorri/Library/Android/sdk/platform-tools/adb -P 5037 -s 192.168.56.101\:5555 shell dumpsys package io.appium.uiautomator2.server'
[debug] &amp#27;[35m[ADB]&amp#27;[39m 'io.appium.uiautomator2.server' is installed
[debug] &amp#27;[35m[ADB]&amp#27;[39m Getting package info for 'io.appium.uiautomator2.server'
[debug] &amp#27;[35m[ADB]&amp#27;[39m Running '/Users/jqorri/Library/Android/sdk/platform-tools/adb -P 5037 -s 192.168.56.101\:5555 shell dumpsys package io.appium.uiautomator2.server'
[debug] &amp#27;[35m[ADB]&amp#27;[39m Starting '/Users/jqorri/Library/Android/sdk/tools/bin/apkanalyzer' with args ["manifest","print","/usr/local/lib/node_modules/appium/node_modules/appium-uiautomator2-server/apks/appium-uiautomator2-server-v4.3.0.apk"]
[debug] &amp#27;[35m[ADB]&amp#27;[39m The version name of the installed 'io.appium.uiautomator2.server' is greater or equal to the application version name ('4.3.0' >= '4.3.0')
[debug] &amp#27;[35m[UiAutomator2]&amp#27;[39m io.appium.uiautomator2.server installation state: sameVersionInstalled
[debug] &amp#27;[35m[ADB]&amp#27;[39m Checking app cert for /usr/local/lib/node_modules/appium/node_modules/appium-uiautomator2-server/apks/appium-uiautomator2-server-v4.3.0.apk
&amp#27;[35m[ADB]&amp#27;[39m Using 'apksigner' from '/Users/jqorri/Library/Android/sdk/build-tools/29.0.2/apksigner'
[debug] &amp#27;[35m[ADB]&amp#27;[39m Starting '/Users/jqorri/Library/Android/sdk/build-tools/29.0.2/apksigner' with args '["verify","--print-certs","/usr/local/lib/node_modules/appium/node_modules/appium-uiautomator2-server/apks/appium-uiautomator2-server-v4.3.0.apk"]'
[debug] &amp#27;[35m[ADB]&amp#27;[39m The version name of the installed 'io.appium.uiautomator2.server' is greater or equal to the application version name ('4.3.0' >= '4.3.0')
[debug] &amp#27;[35m[UiAutomator2]&amp#27;[39m io.appium.uiautomator2.server installation state: sameVersionInstalled
[debug] &amp#27;[35m[ADB]&amp#27;[39m Checking app cert for /usr/local/lib/node_modules/appium/node_modules/appium-uiautomator2-server/apks/appium-uiautomator2-server-v4.3.0.apk
&amp#27;[35m[ADB]&amp#27;[39m Using 'apksigner' from '/Users/jqorri/Library/Android/sdk/build-tools/29.0.2/apksigner'
[debug] &amp#27;[35m[ADB]&amp#27;[39m Starting '/Users/jqorri/Library/Android/sdk/build-tools/29.0.2/apksigner' with args '["verify","--print-certs","/usr/local/lib/node_modules/appium/node_modules/appium-uiautomator2-server/apks/appium-uiautomator2-server-v4.3.0.apk"]'
[debug] &amp#27;[35m[ADB]&amp#27;[39m The version name of the installed 'io.appium.uiautomator2.server' is greater or equal to the application version name ('4.3.0' >= '4.3.0')
[debug] &amp#27;[35m[UiAutomator2]&amp#27;[39m io.appium.uiautomator2.server installation state: sameVersionInstalled
[debug] &amp#27;[35m[ADB]&amp#27;[39m Checking app cert for /usr/local/lib/node_modules/appium/node_modules/appium-uiautomator2-server/apks/appium-uiautomator2-server-v4.3.0.apk
&amp#27;[35m[ADB]&amp#27;[39m Using 'apksigner' from '/Users/jqorri/Library/Android/sdk/build-tools/29.0.2/apksigner'
[debug] &amp#27;[35m[ADB]&amp#27;[39m Starting '/Users/jqorri/Library/Android/sdk/build-tools/29.0.2/apksigner' with args '["verify","--print-certs","/usr/local/lib/node_modules/appium/node_modules/appium-uiautomator2-server/apks/appium-uiautomator2-server-v4.3.0.apk"]'
[debug] &amp#27;[35m[ADB]&amp#27;[39m The version name of the installed 'io.appium.uiautomator2.server' is greater or equal to the application version name ('4.3.0' >= '4.3.0')
[debug] &amp#27;[35m[UiAutomator2]&amp#27;[39m io.appium.uiautomator2.server installation state: sameVersionInstalled
[debug] &amp#27;[35m[ADB]&amp#27;[39m Checking app cert for /usr/local/lib/node_modules/appium/node_modules/appium-uiautomator2-server/apks/appium-uiautomator2-server-v4.3.0.apk
&amp#27;[35m[ADB]&amp#27;[39m Using 'apksigner' from '/Users/jqorri/Library/Android/sdk/build-tools/29.0.2/apksigner'
[debug] &amp#27;[35m[ADB]&amp#27;[39m Starting '/Users/jqorri/Library/Android/sdk/build-tools/29.0.2/apksigner' with args '["verify","--print-certs","/usr/local/lib/node_modules/appium/node_modules/appium-uiautomator2-server/apks/appium-uiautomator2-server-v4.3.0.apk"]'
[debug] &amp#27;[35m[ADB]&amp#27;[39m The version name of the installed 'io.appium.uiautomator2.server' is greater or equal to the application version name ('4.3.0' >= '4.3.0')
[debug] &amp#27;[35m[UiAutomator2]&amp#27;[39m io.appium.uiautomator2.server installation state: sameVersionInstalled
[debug] &amp#27;[35m[ADB]&amp#27;[39m Checking app cert for /usr/local/lib/node_modules/appium/node_modules/appium-uiautomator2-server/apks/appium-uiautomator2-server-v4.3.0.apk
&amp#27;[35m[ADB]&amp#27;[39m Using 'apksigner' from '/Users/jqorri/Library/Android/sdk/build-tools/29.0.2/apksigner'
[debug] &amp#27;[35m[ADB]&amp#27;[39m Starting '/Users/jqorri/Library/Android/sdk/build-tools/29.0.2/apksigner' with args '["verify","--print-certs","/usr/local/lib/node_modules/appium/node_modules/appium-uiautomator2-server/apks/appium-uiautomator2-server-v4.3.0.apk"]'
[debug] &amp#27;[35m[ADB]&amp#27;[39m The version name of the installed 'io.appium.uiautomator2.server' is greater or equal to the application version name ('4.3.0' >= '4.3.0')
[debug] &amp#27;[35m[UiAutomator2]&amp#27;[39m io.appium.uiautomator2.server installation state: sameVersionInstalled
[debug] &amp#27;[35m[ADB]&amp#27;[39m Checking app cert for /usr/local/lib/node_modules/appium/node_modules/appium-uiautomator2-server/apks/appium-uiautomator2-server-v4.3.0.apk
&amp#27;[35m[ADB]&amp#27;[39m Using 'apksigner' from '/Users/jqorri/Library/Android/sdk/build-tools/29.0.2/apksigner'
[debug] &amp#27;[35m[ADB]&amp#27;[39m Starting '/Users/jqorri/Library/Android/sdk/build-tools/29.0.2/apksigner' with args '["verify","--print-certs","/usr/local/lib/node_modules/appium/node_modules/appium-uiautomator2-server/apks/appium-uiautomator2-server-v4.3.0.apk"]'
[debug] &amp#27;[35m[ADB]&amp#27;[39m The version name of the installed 'io.appium.uiautomator2.server' is greater or equal to the application version name ('4.3.0' >= '4.3.0')
[debug] &amp#27;[35m[UiAutomator2]&amp#27;[39m io.appium.uiautomator2.server installation state: sameVersionInstalled
[debug] &amp#27;[35m[ADB]&amp#27;[39m Checking app cert for /usr/local/lib/node_modules/appium/node_modules/appium-uiautomator2-server/apks/appium-uiautomator2-server-v4.3.0.apk
&amp#27;[35m[ADB]&amp#27;[39m Using 'apksigner' from '/Users/jqorri/Library/Android/sdk/build-tools/29.0.2/apksigner'
[debug] &amp#27;[35m[ADB]&amp#27;[39m Starting '/Users/jqorri/Library/Android/sdk/build-tools/29.0.2/apksigner' with args '["verify","--print-certs","/usr/local/lib/node_modules/appium/node_modules/appium-uiautomator2-server/apks/appium-uiautomator2-server-v4.3.0.apk"]'
[debug] &amp#27;[35m[ADB]&amp#27;[39m apksigner stdout: Signer #1 certificate DN: EMAILADDRESS=android@android.com, CN=Android, OU=Android, O=Android, L=Mountain View, ST=California, C=US
[debug] &amp#27;[35m[ADB]&amp#27;[39m Signer #1 certificate SHA-256 digest: a40da80a59d170caa950cf15c18c454d47a39b26989d8b640ecd745ba71bf5dc
[debug] &amp#27;[35m[ADB]&amp#27;[39m Signer #1 certificate SHA-1 digest: 61ed377e85d386a8dfee6b864bd85b0bfaa5af81
[debug] &amp#27;[35m[ADB]&amp#27;[39m Signer #1 certificate MD5 digest: e89b158e4bcf988ebd09eb83f5378e87
[debug] &amp#27;[35m[ADB]&amp#27;[39m 
[debug] &amp#27;[35m[ADB]&amp#27;[39m '/usr/local/lib/node_modules/appium/node_modules/appium-uiautomator2-server/apks/appium-uiautomator2-server-v4.3.0.apk' is already signed.
[debug] &amp#27;[35m[ADB]&amp#27;[39m Getting install status for io.appium.uiautomator2.server.test
[debug] &amp#27;[35m[ADB]&amp#27;[39m Running '/Users/jqorri/Library/Android/sdk/platform-tools/adb -P 5037 -s 192.168.56.101\:5555 shell dumpsys package io.appium.uiautomator2.server.test'
[debug] &amp#27;[35m[ADB]&amp#27;[39m apksigner stdout: Signer #1 certificate DN: EMAILADDRESS=android@android.com, CN=Android, OU=Android, O=Android, L=Mountain View, ST=California, C=US
[debug] &amp#27;[35m[ADB]&amp#27;[39m Signer #1 certificate SHA-256 digest: a40da80a59d170caa950cf15c18c454d47a39b26989d8b640ecd745ba71bf5dc
[debug] &amp#27;[35m[ADB]&amp#27;[39m Signer #1 certificate SHA-1 digest: 61ed377e85d386a8dfee6b864bd85b0bfaa5af81
[debug] &amp#27;[35m[ADB]&amp#27;[39m Signer #1 certificate MD5 digest: e89b158e4bcf988ebd09eb83f5378e87
[debug] &amp#27;[35m[ADB]&amp#27;[39m 
[debug] &amp#27;[35m[ADB]&amp#27;[39m '/usr/local/lib/node_modules/appium/node_modules/appium-uiautomator2-server/apks/appium-uiautomator2-server-v4.3.0.apk' is already signed.
[debug] &amp#27;[35m[ADB]&amp#27;[39m Getting install status for io.appium.uiautomator2.server.test
[debug] &amp#27;[35m[ADB]&amp#27;[39m Running '/Users/jqorri/Library/Android/sdk/platform-tools/adb -P 5037 -s 192.168.56.101\:5555 shell dumpsys package io.appium.uiautomator2.server.test'
[debug] &amp#27;[35m[ADB]&amp#27;[39m apksigner stdout: Signer #1 certificate DN: EMAILADDRESS=android@android.com, CN=Android, OU=Android, O=Android, L=Mountain View, ST=California, C=US
[debug] &amp#27;[35m[ADB]&amp#27;[39m Signer #1 certificate SHA-256 digest: a40da80a59d170caa950cf15c18c454d47a39b26989d8b640ecd745ba71bf5dc
[debug] &amp#27;[35m[ADB]&amp#27;[39m Signer #1 certificate SHA-1 digest: 61ed377e85d386a8dfee6b864bd85b0bfaa5af81
[debug] &amp#27;[35m[ADB]&amp#27;[39m Signer #1 certificate MD5 digest: e89b158e4bcf988ebd09eb83f5378e87
[debug] &amp#27;[35m[ADB]&amp#27;[39m 
[debug] &amp#27;[35m[ADB]&amp#27;[39m '/usr/local/lib/node_modules/appium/node_modules/appium-uiautomator2-server/apks/appium-uiautomator2-server-v4.3.0.apk' is already signed.
[debug] &amp#27;[35m[ADB]&amp#27;[39m Getting install status for io.appium.uiautomator2.server.test
[debug] &amp#27;[35m[ADB]&amp#27;[39m Running '/Users/jqorri/Library/Android/sdk/platform-tools/adb -P 5037 -s 192.168.56.101\:5555 shell dumpsys package io.appium.uiautomator2.server.test'
[debug] &amp#27;[35m[ADB]&amp#27;[39m 'io.appium.uiautomator2.server.test' is installed
[debug] &amp#27;[35m[ADB]&amp#27;[39m Checking app cert for /usr/local/lib/nod[debug] &amp#27;[35m[ADB]&amp#27;[e_modu39m aples/aksigner stdout:ppi Sium/nodegne_mor #1dules/a certippium-uiautomficate DN: EMAILADDRESator2-seS=arvendroid@r/apkandroid.com, CN=Android, OU=Android, O=Andrs/appium-uioid, Laut=Mountaioman Viewtor2-server-, ST=Cdebualifornia, C=US
[debug] &amp#27;[35m[Ag-androidTest.apk
[debug] &amp#27;[35m[ADB]&amp#27;[39m Starting '/Users/jqorriDB]&amp#27;[39m Signer #1 certif/Libricate SHA-256 digesary/Andt: a40da8ro0a59d170caaid/s950cf15cdk/build-tools/29.0.2/ap18c454d47a39b2ksigner' with args '["v6989erify","d8b640e--print-cecd745rts","/usba71bf5dcr/local/lib/node_m
[debug] &amp#27;[odules/appiu35m[ADB]&amp#27;[39m Signer m/node_modules/appium-uiautomator2-serv#1 er/apks/cerappium-uiautomatortificate SH2-seA-1rver-debug-androi digdTestest: 61ed37.apk"]'
7e85d386a8dfee6b864bd85b0bfaa5af81
[debug] &amp#27;[35m[ADB]&amp#27;[39m Signer #1 certificate MD5 digest: e89b158e4bcf988ebd09eb83f5378e87
[debug] &amp#27;[35m[ADB]&amp#27;[39m 
[debug] &amp#27;[35m[ADB]&amp#27;[39m '/usr/local/lib/node_modules/appium/node_modules/appium-uiautomator2-server/apks/appium-uiautomator2-server-v4.3.0.apk' is already signed.
[debug] &amp#27;[35m[ADB]&amp#27;[39m Getting install status for io.appium.uiautomator2.server.test
[debug] &amp#27;[35m[ADB]&amp#27;[39m Running '/Users/jqorri/Library/Android/sdk/platform-tools/adb -P 5037 -[debug]s 192.16 &amp#27;[358.56.m[ADB]10&amp#27;[39m 'io.appium.u1\:5555 shell iaudumpstomays package io.appium.uiauttor2.somatoervr2.ser.terver.tesest' is installed
t'
[debug] &amp#27;[35m[ADB]&amp#27;[39m Checking app cert for /usr/local/lib/node_modules/appium/node_modules/appium-uiautomator2-server/apks/appium-uiautomator2-server-debug-androidTest.apk
[debug] &amp#27;[35m[ADB]&amp#27;[39m Starting '/Users/jqorri/Library/Android/sdk/build-tools/29.0.2/apksigner' with args '["verify","--print-certs","/usr/local/lib/node_modules/appium/node_modules/appium-uiautomator2-server/apks/appium-uiautomator2-server-debug-androidTest.apk"]'
[debug] &amp#27;[35m[ADB]&amp#27;[39m 'io.appium.uiautomator2.server.test' is installed
[debug] &amp#27;[35m[ADB]&amp#27;[39m Checking app cert for /usr/local/lib/node_modules/appium/node_modules/appium-uiautomator2-server/apks/appium-uiautomator2-server-debug-androidTest.apk
[debug] &amp#27;[35m[ADB]&amp#27;[39m Starting '/Users/jqorri/Library/Android/sdk/build-tools/29.0.2/apksigner' with args '["verify","--print-certs","/usr/local/lib/node_modules/appium/node_modules/appium-uiautomator2-server/apks/appium-uiautomator2-server-debug-androidTest.apk"]'
[debug] &amp#27;[35m[ADB]&amp#27;[39m 'io.appium.uiautomator2.server.test' is installed
[debug] &amp#27;[35m[ADB]&amp#27;[39m Checking app cert for /usr/local/lib/node_modules/appium/node_modules/appium-uiautomator2-server/apks/appium-uiautomator2-server-debug-androidTest.apk
[debug] &amp#27;[35m[ADB]&amp#27;[39m Starting '/Users/jqorri/Library/Android/sdk/build-tools/29.0.2/apksigner' with args '["verify","--print-certs","/usr/local/lib/node_modules/appium/node_modules/appium-uiautomator2-server/apks/appium-uiautomator2-server-debug-androidTest.apk"]'
[debug] &amp#27;[35m[ADB]&amp#27;[39m apksigner stdout: Signer #1 certificate DN: EMAILADDRESS=android@android.com, CN=Android, OU=Android, O=Android, L=Mountain View, ST=California, C=US
[debug] &amp#27;[35m[ADB]&amp#27;[39m Signer #1 certificate SHA-256 digest: a40da80a59d170caa950cf15c18c454d47a39b26989d8b640ecd745ba71bf5dc
[debug] &amp#27;[35m[ADB]&amp#27;[39m Signer #1 certificate SHA-1 digest: 61ed377e85d386a8dfee6b864bd85b0bfaa5af81
[debug] &amp#27;[35m[ADB]&amp#27;[39m Signer #1 certificate MD5 digest: e89b158e4bcf988ebd09eb83f5378e87
[debug] &amp#27;[35m[ADB]&amp#27;[39m 
[debug] &amp#27;[35m[ADB]&amp#27;[39m '/usr/local/lib/node_modules/appium/node_modules/appium-uiautomator2-server/apks/appium-uiautomator2-server-v4.3.0.apk' is already signed.
[debug] &amp#27;[35m[ADB]&amp#27;[39m Getting install status for io.appium.uiautomator2.server.test
[debug] &amp#27;[35m[ADB]&amp#27;[39m Running '/Users/jqorri/Library/Android/sdk/platform-tools/adb -P 5037 -s 192.168.56.101\:5555 shell dumpsys package io.appium.uiautomator2.server.test'
[debug] &amp#27;[35m[ADB]&amp#27;[39m apksigner stdout: Signer #1 certificate DN: EMAILADDRESS=android@android.com, CN=Android, OU=Android, O=Android, L=Mountain View, ST=California, C=US
[debug] &amp#27;[35m[ADB]&amp#27;[39m Signer #1 certificate SHA-256 digest: a40da80a59d170caa950cf15c18c454d47a39b26989d8b640ecd745ba71bf5dc
[debug] &amp#27;[35m[ADB]&amp#27;[39m Signer #1 certificate SHA-1 digest: 61ed377e85d386a8dfee6b864bd85b0bfaa5af81
[debug] &amp#27;[35m[ADB]&amp#27;[39m Signer #1 certificate MD5 digest: e89b158e4bcf988ebd09eb83f5378e87
[debug] &amp#27;[35m[ADB]&amp#27;[39m 
[debug] &amp#27;[35m[ADB]&amp#27;[39m '/usr/local/lib/node_modules/appium/node_modules/appium-uiautomator2-server/apks/appium-uiautomator2-server-v4.3.0.apk' is already signed.
[debug] &amp#27;[35m[ADB]&amp#27;[39m Getting install status for io.appium.uiautomator2.server.test
[debug] &amp#27;[35m[ADB]&amp#27;[39m Running '/Users/jqorri/Library/Android/sdk/platform-tools/adb -P 5037 -s 192.168.56.101\:5555 shell dumpsys package io.appium.uiautomator2.server.test'
[debug] &amp#27;[35m[ADB]&amp#27;[39m 'io.appium.uiautomator2.server.test' is installed
[debug] &amp#27;[35m[ADB]&amp#27;[39m Checking app cert for /usr/local/lib/node_modules/appium/node_modules/appium-uiautomator2-server/apks/appium-uiautomator2-server-debug-androidTest.apk
[debug] &amp#27;[35m[ADB]&amp#27;[39m Starting '/Users/jqorri/Library/Android/sdk/build-tools/29.0.2/apksigner' with args '["verify","--print-certs","/usr/local/lib/node_modules/appium/node_modules/appium-uiautomator2-server/apks/appium-uiautomator2-server-debug-androidTest.apk"]'
[debug] &amp#27;[35m[ADB]&amp#27;[39m 'io.appium.uiautomator2.server.test' is installed
[debug] &amp#27;[35m[ADB]&amp#27;[39m Checking app cert for /usr/local/lib/node_modules/appium/node_modules/appium-uiautomator2-server/apks/appium-uiautomator2-server-debug-androidTest.apk
[debug] &amp#27;[35m[ADB]&amp#27;[39m Starting '/Users/jqorri/Library/Android/sdk/build-tools/29.0.2/apksigner' with args '["verify","--print-certs","/usr/local/lib/node_modules/appium/node_modules/appium-uiautomator2-server/apks/appium-uiautomator2-server-debug-androidTest.apk"]'
[debug] &amp#27;[35m[ADB]&amp#27;[39m apksigner stdout: Signer #1 certificate DN: EMAILADDRESS=android@android.com, CN=Android, OU=Android, O=Android, L=Mountain View, ST=California, C=US
[debug] &amp#27;[35m[ADB]&amp#27;[39m Signer #1 certificate SHA-256 digest: a40da80a59d170caa950cf15c18c454d47a39b26989d8b640ecd745ba71bf5dc
[debug] &amp#27;[35m[ADB]&amp#27;[39m Signer #1 certificate SHA-1 digest: 61ed377e85d386a8dfee6b864bd85b0bfaa5af81
[debug] &amp#27;[35m[ADB]&amp#27;[39m Signer #1 certificate MD5 digest: e89b158e4bcf988ebd09eb83f5378e87
[debug] &amp#27;[35m[ADB]&amp#27;[39m 
[debug] &amp#27;[35m[ADB]&amp#27;[39m '/usr/local/lib/node_modules/appium/node_modules/appium-uiautomator2-server/apks/appium-uiautomator2-server-v4.3.0.apk' is already signed.
[debug] &amp#27;[35m[ADB]&amp#27;[39m Getting install status for io.appium.uiautomator2.server.test
[debug] &amp#27;[35m[ADB]&amp#27;[39m Running '/Users/jqorri/Library/Android/sdk/platform-tools/adb -P 5037 -s 192.168.56.101\:5555 shell dumpsys package io.appium.uiautomator2.server.test'
[debug] &amp#27;[35m[ADB]&amp#27;[39m 'io.appium.uiautomator2.server.test' is installed
[debug] &amp#27;[35m[ADB]&amp#27;[39m Checking app cert for /usr/local/lib/node_modules/appium/node_modules/appium-uiautomator2-server/apks/appium-uiautomator2-server-debug-androidTest.apk
[debug] &amp#27;[35m[ADB]&amp#27;[39m Starting '/Users/jqorri/Library/Android/sdk/build-tools/29.0.2/apksigner' with args '["verify","--print-certs","/usr/local/lib/node_modules/appium/node_modules/appium-uiautomator2-server/apks/appium-uiautomator2-server-debug-androidTest.apk"]'
[debug] &amp#27;[35m[ADB]&amp#27;[39m apksigner stdout: Signer #1 certificate DN: EMAILADDRESS=android@android.com, CN=Android, OU=Android, O=Android, L=Mountain View, ST=California, C=US
[debug] &amp#27;[35m[ADB]&amp#27;[39m Signer #1 certificate SHA-256 digest: a40da80a59d170caa950cf15c18c454d47a39b26989d8b640ecd745ba71bf5dc
[debug] &amp#27;[35m[ADB]&amp#27;[39m Signer #1 certificate SHA-1 digest: 61ed377e85d386a8dfee6b864bd85b0bfaa5af81
[debug] &amp#27;[35m[ADB]&amp#27;[39m Signer #1 certificate MD5 digest: e89b158e4bcf988ebd09eb83f5378e87
[debug] &amp#27;[35m[ADB]&amp#27;[39m 
[debug] &amp#27;[35m[ADB]&amp#27;[39m '/usr/local/lib/node_modules/appium/node_modules/appium-uiautomator2-server/apks/appium-uiautomator2-server-debug-androidTest.apk' is already signed.
&amp#27;[35m[UiAutomator2]&amp#27;[39m Server packages are not going to be (re)installed
[debug] &amp#27;[35m[UiAutomator2]&amp#27;[39m Waiting up to 30000ms for services to be available
[debug] &amp#27;[35m[ADB]&amp#27;[39m Running '/Users/jqorri/Library/Android/sdk/platform-tools/adb -P 5037 -s 192.168.56.101\:5555 shell pm list instrumentation'
[debug] &amp#27;[35m[ADB]&amp#27;[39m apksigner stdout: Signer #1 certificate DN: EMAILADDRESS=android@android.com, CN=Android, OU=Android, O=Android, L=Mountain View, ST=California, C=US
[debug] &amp#27;[35m[ADB]&amp#27;[39m Signer #1 certificate SHA-256 digest: a40da80a59d170caa950cf15c18c454d47a39b26989d8b640ecd745ba71bf5dc
[debug] &amp#27;[35m[ADB]&amp#27;[39m Signer #1 certificate SHA-1 digest: 61ed377e85d386a8dfee6b864bd85b0bfaa5af81
[debug] &amp#27;[35m[ADB]&amp#27;[39m Signer #1 certificate MD5 digest: e89b158e4bcf988ebd09eb83f5378e87
[debug] &amp#27;[35m[ADB]&amp#27;[39m 
[debug] &amp#27;[35m[ADB]&amp#27;[39m '/usr/local/lib/node_modules/appium/node_modules/appium-uiautomator2-server/apks/appium-uiautomator2-server-debug-androidTest.apk' is already signed.
&amp#27;[35m[UiAutomator2]&amp#27;[39m Server packages are not going to be (re)installed
[debug] &amp#27;[35m[UiAutomator2]&amp#27;[39m Waiting up to 30000ms for services to be available
[debug] &amp#27;[35m[ADB]&amp#27;[39m Running '/Users/jqorri/Library/Android/sdk/platform-tools/adb -P 5037 -s 192.168.56.101\:5555 shell pm list instrumentation'
[debug] &amp#27;[35m[ADB]&amp#27;[39m apksigner stdout: Signer #1 certificate DN: EMAILADDRESS=android@android.com, CN=Android, OU=Android, O=Android, L=Mountain View, ST=California, C=US
[debug] &amp#27;[35m[ADB]&amp#27;[39m Signer #1 certificate SHA-256 digest: a40da80a59d170caa950cf15c18c454d47a39b26989d8b640ecd745ba71bf5dc
[debug] &amp#27;[35m[ADB]&amp#27;[39m Signer #1 certificate SHA-1 digest: 61ed377e85d386a8dfee6b864bd85b0bfaa5af81
[debug] &amp#27;[35m[ADB]&amp#27;[39m Signer #1 certificate MD5 digest: e89b158e4bcf988ebd09eb83f5378e87
[debug] &amp#27;[35m[ADB]&amp#27;[39m 
[debug] &amp#27;[35m[ADB]&amp#27;[39m '/usr/local/lib/node_modules/appium/node_modules/appium-uiautomator2-server/apks/appium-uiautomator2-server-debug-androidTest.apk' is already signed.
&amp#27;[35m[UiAutomator2]&amp#27;[39m Server packages are not going to be (re)installed
[debug] &amp#27;[35m[UiAutomator2]&amp#27;[39m Waiting up to 30000ms for services to be available
[debug] &amp#27;[35m[ADB]&amp#27;[39m Running '/Users/jqorri/Library/Android/sdk/platform-tools/adb -P 5037 -s 192.168.56.101\:5555 shell pm list instrumentation'
[debug] &amp#27;[35m[ADB]&amp#27;[39m apksigner stdout: Signer #1 certificate DN: EMAILADDRESS=android@android.com, CN=Android, OU=Android, O=Android, L=Mountain View, ST=California, C=US
[debug] &amp#27;[35m[ADB]&amp#27;[39m Signer #1 certificate SHA-256 digest: a40da80a59d170caa950cf15c18c454d47a39b26989d8b640ecd745ba71bf5dc
[debug] &amp#27;[35m[ADB]&amp#27;[39m Signer #1 certificate SHA-1 digest: 61ed377e85d386a8dfee6b864bd85b0bfaa5af81
[debug] &amp#27;[35m[ADB]&amp#27;[39m Signer #1 certificate MD5 digest: e89b158e4bcf988ebd09eb83f5378e87
[debug] &amp#27;[35m[ADB]&amp#27;[39m 
[debug] &amp#27;[35m[ADB]&amp#27;[39m '/usr/local/lib/node_modules/appium/node_modules/appium-uiautomator2-server/apks/appium-uiautomator2-server-debug-androidTest.apk' is already signed.
&amp#27;[35m[UiAutomator2]&amp#27;[39m Server packages are not going to be (re)installed
[debug] &amp#27;[35m[UiAutomator2]&amp#27;[39m Waiting up to 30000ms for services to be available
[debug] &amp#27;[35m[ADB]&amp#27;[39m Running '/Users/jqorri/Library/Android/sdk/platform-tools/adb -P 5037 -s 192.168.56.101\:5555 shell pm list instrumentation'
[debug] &amp#27;[35m[ADB]&amp#27;[39m apksigner stdout: Signer #1 certificate DN: EMAILADDRESS=android@android.com, CN=Android, OU=Android, O=Android, L=Mountain View, ST=California, C=US
[debug] &amp#27;[35m[ADB]&amp#27;[39m Signer #1 certificate SHA-256 digest: a40da80a59d170caa950cf15c18c454d47a39b26989d8b640ecd745ba71bf5dc
[debug] &amp#27;[35m[ADB]&amp#27;[39m Signer #1 certificate SHA-1 digest: 61ed377e85d386a8dfee6b864bd85b0bfaa5af81
[debug] &amp#27;[35m[ADB]&amp#27;[39m Signer #1 certificate MD5 digest: e89b158e4bcf988ebd09eb83f5378e87
[debug] &amp#27;[35m[ADB]&amp#27;[39m 
[debug] &amp#27;[35m[ADB]&amp#27;[39m '/usr/local/lib/node_modules/appium/node_modules/appium-uiautomator2-server/apks/appium-uiautomator2-server-debug-androidTest.apk' is already signed.
&amp#27;[35m[UiAutomator2]&amp#27;[39m Server packages are not going to be (re)installed
[debug] &amp#27;[35m[UiAutomator2]&amp#27;[39m Waiting up to 30000ms for services to be available
[debug] &amp#27;[35m[ADB]&amp#27;[39m Running '/Users/jqorri/Library/Android/sdk/platform-tools/adb -P 5037 -s 192.168.56.101\:5555 shell pm list instrumentation'
[debug] &amp#27;[35m[ADB]&amp#27;[39m apksigner stdout: Signer #1 certificate DN: EMAILADDRESS=android@android.com, CN=Android, OU=Android, O=Android, L=Mountain View, ST=California, C=US
[debug] &amp#27;[35m[ADB]&amp#27;[39m Signer #1 certificate SHA-256 digest: a40da80a59d170caa950cf15c18c454d47a39b26989d8b640ecd745ba71bf5dc
[debug] &amp#27;[35m[ADB]&amp#27;[39m Signer #1 certificate SHA-1 digest: 61ed377e85d386a8dfee6b864bd85b0bfaa5af81
[debug] &amp#27;[35m[ADB]&amp#27;[39m Signer #1 certificate MD5 digest: e89b158e4bcf988ebd09eb83f5378e87
[debug] &amp#27;[35m[ADB]&amp#27;[39m 
[debug] &amp#27;[35m[ADB]&amp#27;[39m '/usr/local/lib/node_modules/appium/node_modules/appium-uiautomator2-server/apks/appium-uiautomator2-server-debug-androidTest.apk' is already signed.
&amp#27;[35m[UiAutomator2]&amp#27;[39m Server packages are not going to be (re)installed
[debug] &amp#27;[35m[UiAutomator2]&amp#27;[39m Waiting up to 30000ms for services to be available
[debug] &amp#27;[35m[ADB]&amp#27;[39m Running '/Users/jqorri/Library/Android/sdk/platform-tools/adb -P 5037 -s 192.168.56.101\:5555 shell pm list instrumentation'
[debug] &amp#27;[35m[ADB]&amp#27;[39m apksigner stdout: Signer #1 certificate DN: EMAILADDRESS=android@android.com, CN=Android, OU=Android, O=Android, L=Mountain View, ST=California, C=US
[debug] &amp#27;[35m[ADB]&amp#27;[39m Signer #1 certificate SHA-256 digest: a40da80a59d170caa950cf15c18c454d47a39b26989d8b640ecd745ba71bf5dc
[debug] &amp#27;[35m[ADB]&amp#27;[39m Signer #1 certificate SHA-1 digest: 61ed377e85d386a8dfee6b864bd85b0bfaa5af81
[debug] &amp#27;[35m[ADB]&amp#27;[39m Signer #1 certificate MD5 digest: e89b158e4bcf988ebd09eb83f5378e87
[debug] &amp#27;[35m[ADB]&amp#27;[39m 
[debug] &amp#27;[35m[ADB]&amp#27;[39m '/usr/local/lib/node_modules/appium/node_modules/appium-uiautomator2-server/apks/appium-uiautomator2-server-debug-androidTest.apk' is already signed.
&amp#27;[35m[UiAutomator2]&amp#27;[39m Server packages are not going to be (re)installed
[debug] &amp#27;[35m[UiAutomator2]&amp#27;[39m Waiting up to 30000ms for services to be available
[debug] &amp#27;[35m[ADB]&amp#27;[39m Running '/Users/jqorri/Library/Android/sdk/platform-tools/adb -P 5037 -s 192.168.56.101\:5555 shell pm list instrumentation'
[debug] &amp#27;[35m[UiAutomator2]&amp#27;[39m Instrumentation target 'io.appium.uiautomator2.server.test/androidx.test.runner.AndroidJUnitRunner' is available
[debug] &amp#27;[35m[UiAutomator2]&amp#27;[39m Forwarding UiAutomator2 Server port 6790 to 8200
[debug] &amp#27;[35m[ADB]&amp#27;[39m Forwarding system: 8200 to device: 6790
[debug] &amp#27;[35m[ADB]&amp#27;[39m Running '/Users/jqorri/Library/Android/sdk/platform-tools/adb -P 5037 -s 192.168.56.101\:5555 forward tcp\:8200 tcp\:6790'
[debug] &amp#27;[35m[UiAutomator2]&amp#27;[39m No app capability. Assuming it is already on the device
[debug] &amp#27;[35m[ADB]&amp#27;[39m Getting install status for com.android.chrome
[debug] &amp#27;[35m[ADB]&amp#27;[39m Running '/Users/jqorri/Library/Android/sdk/platform-tools/adb -P 5037 -s 192.168.56.101\:5555 shell dumpsys package com.android.chrome'
[debug] &amp#27;[35m[UiAutomator2]&amp#27;[39m Instrumentation target 'io.appium.uiautomator2.server.test/androidx.test.runner.AndroidJUnitRunner' is available
[debug] &amp#27;[35m[UiAutomator2]&amp#27;[39m Forwarding UiAutomator2 Server port 6790 to 8200
[debug] &amp#27;[35m[ADB]&amp#27;[39m Forwarding system: 8200 to device: 6790
[debug] &amp#27;[35m[ADB]&amp#27;[39m Running '/Users/jqorri/Library/Android/sdk/platform-tools/adb -P 5037 -s 192.168.56.101\:5555 forward tcp\:8200 tcp\:6790'
[debug] &amp#27;[35m[UiAutomator2]&amp#27;[39m No app capability. Assuming it is already on the device
[debug] &amp#27;[35m[ADB]&amp#27;[39m Getting install status for com.android.chrome
[debug] &amp#27;[35m[ADB]&amp#27;[39m Running '/Users/jqorri/Library/Android/sdk/platform-tools/adb -P 5037 -s 192.168.56.101\:5555 shell dumpsys package com.android.chrome'
[debug] &amp#27;[35m[UiAutomator2]&amp#27;[39m Instrumentation target 'io.appium.uiautomator2.server.test/androidx.test.runner.AndroidJUnitRunner' is available
[debug] &amp#27;[35m[UiAutomator2]&amp#27;[39m Forwarding UiAutomator2 Server port 6790 to 8200
[debug] &amp#27;[35m[ADB]&amp#27;[39m Forwarding system: 8200 to device: 6790
[debug] &amp#27;[35m[ADB]&amp#27;[39m Running '/Users/jqorri/Library/Android/sdk/platform-tools/adb -P 5037 -s 192.168.56.101\:5555 forward tcp\:8200 tcp\:6790'
[debug] &amp#27;[debug] &amp#27;[35m[35m[ADB]&amp#27;[3[Ui9m Automa'comtor.android.chrome' is installe2]&amp#27;[39m No app capability. Assumingd
 [debug] &amp#27;[35m[ADB]&amp#27;[39m Ruit is already on nning '/Users/jqthe device
[debug] &amp#27;[35orri/Library/Android/sdk/platform-tm[ADB]&amp#27;[39m Getting install status for com.anools/adb -P 5037 -s 192.168.56.101\:5555 shell am force-stop com.android.chrome'
droid.chrome
[debug] &amp#27;[35m[ADB]&amp#27;[39m Running '/Users/jqorri/Library/Android/sdk/platform-tools/adb -P 5037 -s 192.168.56.101\:5555 shell dumpsys package com.android.chrome'
[debug] &amp#27;[35m[UiAutomator2]&amp#27;[39m Instrumentation target 'io.appium.uiautomator2.server.test/androidx.test.runner.AndroidJUnitRunner' is available
[debug] &amp#27;[35m[UiAutomator2]&amp#27;[39m Forwarding UiAutomator2 Server port 6790 to 8200
[debug] &amp#27;[35m[ADB]&amp#27;[39m Forwarding system: 8200 to device: 6790
[debug] &amp#27;[35m[ADB]&amp#27;[39m Running '/Users/jqorri/Library/Android/sdk/platform-tools/adb -P 5037 -s 192.168.56.101\:5555 forward tcp\:8200 tcp\:6790'
[debug] &amp#27;[35m[UiAutomator2]&amp#27;[39m No app capability. Assuming it is already on the device
[debug] &amp#27;[35m[ADB]&amp#27;[39m Getting install status for com.android.chrome
[debug] &amp#27;[35m[ADB]&amp#27;[39m Running '/Users/jqorri/Library/Android/sdk/platform-tools/adb -P 5037 -s 192.168.56.101\:5555 shell dumpsys package com.android.chrome'
[debug] &amp#27;[35m[ADB]&amp#27;[39m 'com.android.chrome' is installed
[debug] &amp#27;[35m[ADB]&amp#27;[39m Running '/Users/jqorri/Library/Android/sdk/platform-tools/adb -P 5037 -s 192.168.56.101\:5555 shell am force-stop com.android.chrome'
[debug] &amp#27;[35m[UiAutomator2]&amp#27;[39m Instrumentation target 'io.appium.uiautomator2.server.test/androidx.test.runner.AndroidJUnitRunner' is available
[debug] &amp#27;[35m[UiAutomator2]&amp#27;[39m Forwarding UiAutomator2 Server port 6790 to 8200
[debug] &amp#27;[35m[ADB]&amp#27;[39m Forwarding system: 8200 to device: 6790
[debug] &amp#27;[35m[ADB]&amp#27;[39m Running '/Users/jqorri/Library/Android/sdk/platform-tools/adb -P 5037 -s 192.168.56.101\:5555 forward tcp\:8200 tcp\:6790'
[debug] &amp#27;[35m[ADB]&amp#27;[39m 'com.android.chrome' is installed
[debug] &amp#27;[35m[ADB]&amp#27;[39m Running '/Users/jqorri/Library/Android/sdk/platform-tools/adb -P 5037 -s 192.168.56.101\:5555 shell am force-stop com.android.chrome'
[debug] &amp#27;[35m[UiAutomator2]&amp#27;[39m No app capability. Assuming it is already on the device
[debug] &amp#27;[35m[ADB]&amp#27;[39m Getting install status for com.android.chrome
[debug] &amp#27;[35m[ADB]&amp#27;[39m Running '/Users/jqorri/Library/Android/sdk/platform-tools/adb -P 5037 -s 192.168.56.101\:5555 shell dumpsys package com.android.chrome'
[debug] &amp#27;[35m[ADB]&amp#27;[39m 'com.android.chrome' is installed
[debug] &amp#27;[35m[ADB]&amp#27;[39m Running '/Users/jqorri/Library/Android/sdk/platform-tools/adb -P 5037 -s 192.168.56.101\:5555 shell am force-stop com.android.chrome'
[debug] &amp#27;[35m[ADB]&amp#27;[39m 'com.android.chrome' is installed
[debug] &amp#27;[35m[ADB]&amp#27;[39m Running '/Users/jqorri/Library/Android/sdk/platform-tools/adb -P 5037 -s 192.168.56.101\:5555 shell am force-stop com.android.chrome'
[debug] &amp#27;[35m[UiAutomator2]&amp#27;[39m Instrumentation target 'io.appium.uiautomator2.server.test/androidx.test.runner.AndroidJUnitRunner' is available
[debug] &amp#27;[35m[UiAutomator2]&amp#27;[39m Forwarding UiAutomator2 Server port 6790 to 8200
[debug] &amp#27;[35m[ADB]&amp#27;[39m Forwarding system: 8200 to device: 6790
[debug] &amp#27;[35m[ADB]&amp#27;[39m Running '/Users/jqorri/Library/Android/sdk/platform-tools/adb -P 5037 -s 192.168.56.101\:5555 forward tcp\:8200 tcp\:6790'
[debug] &amp#27;[35m[UiAutomator2]&amp#27;[39m No app capability. Assuming it is already on the device
[debug] &amp#27;[35m[ADB]&amp#27;[39m Getting install status for com.android.chrome
[debug] &amp#27;[35m[ADB]&amp#27;[39m Running '/Users/jqorri/Library/Android/sdk/platform-tools/adb -P 5037 -s 192.168.56.101\:5555 shell dumpsys package com.android.chrome'
[debug] &amp#27;[35m[ADB]&amp#27;[39m 'com.android.chrome' is installed
[debug] &amp#27;[35m[ADB]&amp#27;[39m Running '/Users/jqorri/Library/Android/sdk/platform-tools/adb -P 5037 -s 192.168.56.101\:5555 shell am force-stop com.android.chrome'
[debug] &amp#27;[35m[UiAutomator2]&amp#27;[39m Instrumentation target 'io.appium.uiautomator2.server.test/androidx.test.runner.AndroidJUnitRunner' is available
[debug] &amp#27;[35m[UiAutomator2]&amp#27;[39m Forwarding UiAutomator2 Server port 6790 to 8200
[debug] &amp#27;[35m[ADB]&amp#27;[39m Forwarding system: 8200 to device: 6790
[debug] &amp#27;[35m[ADB]&amp#27;[39m Running '/Users/jqorri/Library/Android/sdk/platform-tools/adb -P 5037 -s 192.168.56.101\:5555 forward tcp\:8200 tcp\:6790'
[debug] &amp#27;[35m[UiAutomator2]&amp#27;[39m No app capability. Assuming it is already on the device
[debug] &amp#27;[35m[ADB]&amp#27;[39m Getting install status for com.android.chrome
[debug] &amp#27;[35m[ADB]&amp#27;[39m Running '/Users/jqorri/Library/Android/sdk/platform-tools/adb -P 5037 -s 192.168.56.101\:5555 shell dumpsys package com.android.chrome'
[debug] &amp#27;[35m[ADB]&amp#27;[39m 'com.android.chrome' is installed
[debug] &amp#27;[35m[ADB]&amp#27;[39m Running '/Users/jqorri/Library/Android/sdk/platform-tools/adb -P 5037 -s 192.168.56.101\:5555 shell am force-stop com.android.chrome'
[debug] &amp#27;[35m[ADB]&amp#27;[39m Running '/Users/jqorri/Library/Android/sdk/platform-tools/adb -P 5037 -s 192.168.56.101\:5555 shell pm clear com.android.chrome'
[debug] &amp#27;[35m[ADB]&amp#27;[39m Running '/Users/jqorri/Library/Android/sdk/platform-tools/adb -P 5037 -s 192.168.56.101\:5555 shell pm clear com.android.chrome'
[debug] &amp#27;[35m[ADB]&amp#27;[39m Running '/Users/jqorri/Library/Android/sdk/platform-tools/adb -P 5037 -s 192.168.56.101\:5555 shell pm clear com.android.chrome'
[debug] &amp#27;[35m[ADB]&amp#27;[39m Running '/Users/jqorri/Library/Android/sdk/platform-tools/adb -P 5037 -s 192.168.56.101\:5555 shell pm clear com.android.chrome'
[debug] &amp#27;[35m[ADB]&amp#27;[39m Running '/Users/jqorri/Library/Android/sdk/platform-tools/adb -P 5037 -s 192.168.56.101\:5555 shell pm clear com.android.chrome'
[debug] &amp#27;[35m[ADB]&amp#27;[39m Running '/Users/jqorri/Library/Android/sdk/platform-tools/adb -P 5037 -s 192.168.56.101\:5555 shell pm clear com.android.chrome'
[debug] &amp#27;[35m[AndroidDriver]&amp#27;[39m Performed fast reset on the installed 'com.android.chrome' application (stop and clear)
[debug] &amp#27;[35m[UiAutomator2]&amp#27;[39m Performing shallow cleanup of automation leftovers
[debug] &amp#27;[35m[UiAutomator2]&amp#27;[39m No obsolete sessions have been detected
[debug] &amp#27;[35m[ADB]&amp#27;[39m Running '/Users/jqorri/Library/Android/sdk/platform-tools/adb -P 5037 -s 192.168.56.101\:5555 shell am force-stop io.appium.uiautomator2.server.test'
[debug] &amp#27;[35m[ADB]&amp#27;[39m Running '/Users/jqorri/Library/Android/sdk/platform-tools/adb -P 5037 -s 192.168.56.101\:5555 shell pm clear com.android.chrome'
[debug] &amp#27;[35m[AndroidDriver]&amp#27;[39m Performed fast reset on the installed 'com.android.chrome' application (stop and clear)
[debug] &amp#27;[35m[UiAutomator2]&amp#27;[39m Performing shallow cleanup of automation leftovers
[debug] &amp#27;[35m[UiAutomator2]&amp#27;[39m No obsolete sessions have been detected
[debug] &amp#27;[35m[ADB]&amp#27;[39m Running '/Users/jqorri/Library/Android/sdk/platform-tools/adb -P 5037 -s 192.168.56.101\:5555 shell am force-stop io.appium.uiautomator2.server.test'
[debug] &amp#27;[35m[AndroidDriver]&amp#27;[39m Performed fast reset on the installed 'com.android.chrome' application (stop and clear)
[debug] &amp#27;[35m[UiAutomator2]&amp#27;[39m Performing shallow cleanup of automation leftovers
[debug] &amp#27;[35m[UiAutomator2]&amp#27;[39m No obsolete sessions have been detected
[debug] &amp#27;[35m[ADB]&amp#27;[39m Running '/Users/jqorri/Library/Android/sdk/platform-tools/adb -P 5037 -s 192.168.56.101\:5555 shell am force-stop io.appium.uiautomator2.server.test'
[debug] &amp#27;[35m[AndroidDriver]&amp#27;[39m Performed fast reset on the installed 'com.android.chrome' application (stop and clear)
[debug] &amp#27;[35m[UiAutomator2]&amp#27;[39m Performing shallow cleanup of automation leftovers
[debug] &amp#27;[35m[UiAutomator2]&amp#27;[39m No obsolete sessions have been detected
[debug] &amp#27;[35m[ADB]&amp#27;[39m Running '/Users/jqorri/Library/Android/sdk/platform-tools/adb -P 5037 -s 192.168.56.101\:5555 shell am force-stop io.appium.uiautomator2.server.test'
[debug] &amp#27;[35m[AndroidDriver]&amp#27;[39m Performed fast reset on the installed 'com.android.chrome' application (stop and clear)
[debug] &amp#27;[35m[UiAutomator2]&amp#27;[39m Performing shallow cleanup of automation leftovers
[debug] &amp#27;[35m[UiAutomator2]&amp#27;[39m No obsolete sessions have been detected
[debug] &amp#27;[35m[ADB]&amp#27;[39m Running '/Users/jqorri/Library/Android/sdk/platform-tools/adb -P 5037 -s 192.168.56.101\:5555 shell am force-stop io.appium.uiautomator2.server.test'
[debug] &amp#27;[35m[AndroidDriver]&amp#27;[39m Performed fast reset on the installed 'com.android.chrome' application (stop and clear)
[debug] &amp#27;[35m[UiAutomator2]&amp#27;[39m Performing shallow cleanup of automation leftovers
[debug] &amp#27;[35m[UiAutomator2]&amp#27;[39m No obsolete sessions have been detected
[debug] &amp#27;[35m[ADB]&amp#27;[39m Running '/Users/jqorri/Library/Android/sdk/platform-tools/adb -P 5037 -s 192.168.56.101\:5555 shell am force-stop io.appium.uiautomator2.server.test'
&amp#27;[35m[UiAutomator2]&amp#27;[39m Starting UIAutomator2 server 4.3.0
&amp#27;[35m[UiAutomator2]&amp#27;[39m Using UIAutomator2 server from '/usr/local/lib/node_modules/appium/node_modules/appium-uiautomator2-server/apks/appium-uiautomator2-server-v4.3.0.apk' and test from '/usr/local/lib/node_modules/appium/node_modules/appium-uiautomator2-server/apks/appium-uiautomator2-server-debug-androidTest.apk'
&amp#27;[35m[UiAutomator2]&amp#27;[39m Waiting up to 30000ms for UiAutomator2 to be online...
[debug] &amp#27;[35m[ADB]&amp#27;[39m Creating ADB subprocess with args: ["-P",5037,"-s","192.168.56.101:5555","shell","am","instrument","-w","io.appium.uiautomator2.server.test/androidx.test.runner.AndroidJUnitRunner"]
[debug] &amp#27;[35m[AndroidDriver]&amp#27;[39m Performed fast reset on the installed 'com.android.chrome' application (stop and clear)
[debug] &amp#27;[35m[UiAutomator2]&amp#27;[39m Performing shallow cleanup of automation leftovers
[debug] &amp#27;[35m[UiAutomator2]&amp#27;[39m No obsolete sessions have been detected
[debug] &amp#27;[35m[ADB]&amp#27;[39m Running '/Users/jqorri/Library/Android/sdk/platform-tools/adb -P 5037 -s 192.168.56.101\:5555 shell am force-stop io.appium.uiautomator2.server.test'
&amp#27;[35m[UiAutomator2]&amp#27;[39m Starting UIAutomator2 server 4.3.0
&amp#27;[35m[UiAutomator2]&amp#27;[39m Using UIAutomator2 server from '/usr/local/lib/node_modules/appium/node_modules/appium-uiautomator2-server/apks/appium-uiautomator2-server-v4.3.0.apk' and test from '/usr/local/lib/node_modules/appium/node_modules/appium-uiautomator2-server/apks/appium-uiautomator2-server-debug-androidTest.apk'
&amp#27;[35m[UiAutomator2]&amp#27;[39m Waiting up to 30000ms for UiAutomator2 to be online...
[debug] &amp#27;[35m[ADB]&amp#27;[39m Creating ADB subprocess with args: ["-P",5037,"-s","192.168.56.101:5555","shell","am","instrument","-w","io.appium.uiautomator2.server.test/androidx.test.runner.AndroidJUnitRunner"]
&amp#27;[35m[UiAutomator2]&amp#27;[39m Starting UIAutomator2 server 4.3.0
&amp#27;[35m[UiAutomator2]&amp#27;[39m Using UIAutomator2 server from '/usr/local/lib/node_modules/appium/node_modules/appium-uiautomator2-server/apks/appium-uiautomator2-server-v4.3.0.apk' and test from '/usr/local/lib/node_modules/appium/node_modules/appium-uiautomator2-server/apks/appium-uiautomator2-server-debug-androidTest.apk'
&amp#27;[35m[UiAutomator2]&amp#27;[39m Waiting up to 30000ms for UiAutomator2 to be online...
[debug] &amp#27;[35m[ADB]&amp#27;[39m Creating ADB subprocess with args: ["-P",5037,"-s","192.168.56.101:5555","shell","am","instrument","-w","io.appium.uiautomator2.server.test/androidx.test.runner.AndroidJUnitRunner"]
&amp#27;[35m[UiAutomator2]&amp#27;[39m Starting UIAutomator2 server 4.3.0
&amp#27;[35m[UiAutomator2]&amp#27;[39m Using UIAutomator2 server from '/usr/local/lib/node_modules/appium/node_modules/appium-uiautomator2-server/apks/appium-uiautomator2-server-v4.3.0.apk' and test from '/usr/local/lib/node_modules/appium/node_modules/appium-uiautomator2-server/apks/appium-uiautomator2-server-debug-androidTest.apk'
&amp#27;[35m[UiAutomator2]&amp#27;[39m Waiting up to 30000ms for UiAutomator2 to be online...
[debug] &amp#27;[35m[ADB]&amp#27;[39m Creating ADB subprocess with args: ["-P",5037,"-s","192.168.56.101:5555","shell","am","instrument","-w","io.appium.uiautomator2.server.test/androidx.test.runner.AndroidJUnitRunner"]
&amp#27;[35m[UiAutomator2]&amp#27;[39m Starting UIAutomator2 server 4.3.0
&amp#27;[35m[UiAutomator2]&amp#27;[39m Using UIAutomator2 server from '/usr/local/lib/node_modules/appium/node_modules/appium-uiautomator2-server/apks/appium-uiautomator2-server-v4.3.0.apk' and test from '/usr/local/lib/node_modules/appium/node_modules/appium-uiautomator2-server/apks/appium-uiautomator2-server-debug-androidTest.apk'
&amp#27;[35m[UiAutomator2]&amp#27;[39m Waiting up to 30000ms for UiAutomator2 to be online...
[debug] &amp#27;[35m[ADB]&amp#27;[39m Creating ADB subprocess with args: ["-P",5037,"-s","192.168.56.101:5555","shell","am","instrument","-w","io.appium.uiautomator2.server.test/androidx.test.runner.AndroidJUnitRunner"]
&amp#27;[35m[UiAutomator2]&amp#27;[39m Starting UIAutomator2 server 4.3.0
&amp#27;[35m[UiAutomator2]&amp#27;[39m Using UIAutomator2 server from '/usr/local/lib/node_modules/appium/node_modules/appium-uiautomator2-server/apks/appium-uiautomator2-server-v4.3.0.apk' and test from '/usr/local/lib/node_modules/appium/node_modules/appium-uiautomator2-server/apks/appium-uiautomator2-server-debug-androidTest.apk'
&amp#27;[35m[UiAutomator2]&amp#27;[39m Waiting up to 30000ms for UiAutomator2 to be online...
[debug] &amp#27;[35m[ADB]&amp#27;[39m Creating ADB subprocess with args: ["-P",5037,"-s","192.168.56.101:5555","shell","am","instrument","-w","io.appium.uiautomator2.server.test/androidx.test.runner.AndroidJUnitRunner"]
&amp#27;[35m[UiAutomator2]&amp#27;[39m Starting UIAutomator2 server 4.3.0
&amp#27;[35m[UiAutomator2]&amp#27;[39m Using UIAutomator2 server from '/usr/local/lib/node_modules/appium/node_modules/appium-uiautomator2-server/apks/appium-uiautomator2-server-v4.3.0.apk' and test from '/usr/local/lib/node_modules/appium/node_modules/appium-uiautomator2-server/apks/appium-uiautomator2-server-debug-androidTest.apk'
&amp#27;[35m[UiAutomator2]&amp#27;[39m Waiting up to 30000ms for UiAutomator2 to be online...
[debug] &amp#27;[35m[ADB]&amp#27;[39m Creating ADB subprocess with args: ["-P",5037,"-s","192.168.56.101:5555","shell","am","instrument","-w","io.appium.uiautomator2.server.test/androidx.test.runner.AndroidJUnitRunner"]
[debug] &amp#27;[35m[Instrumentation]&amp#27;[39m INSTRUMENTATION_RESULT: shortMsg=Process crashed.
[debug] &amp#27;[35m[Instrumentation]&amp#27;[39m INSTRUMENTATION_CODE: 0
[debug] &amp#27;[35m[Instrumentation]&amp#27;[39m The process has exited with code 0
[debug] &amp#27;[35m[Instrumentation]&amp#27;[39m INSTRUMENTATION_RESULT: shortMsg=Process crashed.
[debug] &amp#27;[35m[Instrumentation]&amp#27;[39m INSTRUMENTATION_CODE: 0
[debug] &amp#27;[35m[Instrumentation]&amp#27;[39m The process has exited with code 0
&amp#27;[35m[UiAutomator2]&amp#27;[39m The instrumentation process has been unexpectedly terminated. Retrying UiAutomator2 startup (#1 of 1)
[debug] &amp#27;[35m[UiAutomator2]&amp#27;[39m Performing strict cleanup of automation leftovers
[debug] &amp#27;[35m[UiAutomator2]&amp#27;[39m No obsolete sessions have been detected (Error: socket hang up)
[debug] &amp#27;[35m[ADB]&amp#27;[39m Running '/Users/jqorri/Library/Android/sdk/platform-tools/adb -P 5037 -s 192.168.56.101\:5555 shell am force-stop io.appium.uiautomator2.server.test'
[debug] &amp#27;[35m[Instrumentation]&amp#27;[39m INSTRUMENTATION_RESULT: shortMsg=Process crashed.
[debug] &amp#27;[35m[Instrumentation]&amp#27;[39m INSTRUMENTATION_CODE: 0
[debug] &amp#27;[35m[Instrumentation]&amp#27;[39m The process has exited with code 0
[debug] &amp#27;[35m[Instrumentation]&amp#27;[39m INSTRUMENTATION_RESULT: shortMsg=Process crashed.
[debug] &amp#27;[35m[Instrumentation]&amp#27;[39m INSTRUMENTATION_CODE: 0
&amp#27;[35m[UiAutomator2]&amp#27;[39m The instrumentation process has been unexpectedly terminated. Retrying UiAutomator2 startup (#1 of 1)
[debug] &amp#27;[35m[UiAutomator2]&amp#27;[39m Performing strict cleanup of automation leftovers
[debug] &amp#27;[35m[UiAutomator2]&amp#27;[39m No obsolete sessions have been detected (Error: socket hang up)
[debug] &amp#27;[35m[ADB]&amp#27;[39m Running '/Users/jqorri/Library/Android/sdk/platform-tools/adb -P 5037 -s 192.168.56.101\:5555 shell am force-stop io.appium.uiautomator2.server.test'
[debug] &amp#27;[35m[Instrumentation]&amp#27;[39m The process has exited with code 0
&amp#27;[35m[UiAutomator2]&amp#27;[39m The instrumentation process has been unexpectedly terminated. Retrying UiAutomator2 startup (#1 of 1)
[debug] &amp#27;[35m[UiAutomator2]&amp#27;[39m Performing strict cleanup of automation leftovers
[debug] &amp#27;[35m[UiAutomator2]&amp#27;[39m No obsolete sessions have been detected (Error: socket hang up)
[debug] &amp#27;[35m[ADB]&amp#27;[39m Running '/Users/jqorri/Library/Android/sdk/platform-tools/adb -P 5037 -s 192.168.56.101\:5555 shell am force-stop io.appium.uiautomator2.server.test'
[debug] &amp#27;[35m[Instrumentation]&amp#27;[39m INSTRUMENTATION_RESULT: shortMsg=Process crashed.
[debug] &amp#27;[35m[Instrumentation]&amp#27;[39m INSTRUMENTATION_CODE: 0
[debug] &amp#27;[35m[Instrumentation]&amp#27;[39m The process has exited with code 0
[debug] &amp#27;[35m[Instrumentation]&amp#27;[39m INSTRUMENTATION_RESULT: shortMsg=Process crashed.
[debug] &amp#27;[35m[Instrumentation]&amp#27;[39m INSTRUMENTATION_CODE: 0
[debug] &amp#27;[35m[Instrumentation]&amp#27;[39m The process has exited with code 0
&amp#27;[35m[UiAutomator2]&amp#27;[39m The instrumentation process has been unexpectedly terminated. Retrying UiAutomator2 startup (#1 of 1)
[debug] &amp#27;[35m[UiAutomator2]&amp#27;[39m Performing strict cleanup of automation leftovers
[debug] &amp#27;[35m[UiAutomator2]&amp#27;[39m No obsolete sessions have been detected (Error: socket hang up)
[debug] &amp#27;[35m[ADB]&amp#27;[39m Running '/Users/jqorri/Library/Android/sdk/platform-tools/adb -P 5037 -s 192.168.56.101\:5555 shell am force-stop io.appium.uiautomator2.server.test'
[debug] &amp#27;[35m[Instrumentation]&amp#27;[39m io.appium.uiautomator2.server.test.AppiumUiAutomator2Server:
&amp#27;[35m[UiAutomator2]&amp#27;[39m The instrumentation process has been unexpectedly terminated. Retrying UiAutomator2 startup (#1 of 1)
[debug] &amp#27;[35m[UiAutomator2]&amp#27;[39m Performing strict cleanup of automation leftovers
[debug] &amp#27;[35m[UiAutomator2]&amp#27;[39m No obsolete sessions have been detected (Error: socket hang up)
[debug] &amp#27;[35m[ADB]&amp#27;[39m Running '/Users/jqorri/Library/Android/sdk/platform-tools/adb -P 5037 -s 192.168.56.101\:5555 shell am force-stop io.appium.uiautomator2.server.test'
[debug] &amp#27;[35m[ADB]&amp#27;[39m Attempting to kill all uiautomator processes
[debug] &amp#27;[35m[ADB]&amp#27;[39m Getting IDs of all 'uiautomator' processes
[debug] &amp#27;[35m[ADB]&amp#27;[39m Running '/Users/jqorri/Library/Android/sdk/platform-tools/adb -P 5037 -s 192.168.56.101\:5555 shell pgrep \^uiautomator\$'
&amp#27;[35m[ADB]&amp#27;[39m No 'uiautomator' process has been found
[debug] &amp#27;[35m[WD Proxy]&amp#27;[39m Matched '/status' to command name 'getStatus'
[debug] &amp#27;[35m[WD Proxy]&amp#27;[39m Proxying [GET /status] to [GET http://localhost:8200/wd/hub/status] with no body
&amp#27;[35m[WD Proxy]&amp#27;[39m Got an unexpected response with status undefined: {"code":"ECONNRESET"}
[debug] &amp#27;[35m[ADB]&amp#27;[39m Attempting to kill all uiautomator processes
[debug] &amp#27;[35m[ADB]&amp#27;[39m Getting IDs of all 'uiautomator' processes
[debug] &amp#27;[35m[ADB]&amp#27;[39m Running '/Users/jqorri/Library/Android/sdk/platform-tools/adb -P 5037 -s 192.168.56.101\:5555 shell pgrep \^uiautomator\$'
&amp#27;[35m[UiAutomator2]&amp#27;[39m The instrumentation process has been unexpectedly terminated. Retrying UiAutomator2 startup (#1 of 1)
[debug] &amp#27;[35m[UiAutomator2]&amp#27;[39m Performing strict cleanup of automation leftovers
[debug] &amp#27;[35m[UiAutomator2]&amp#27;[39m No obsolete sessions have been detected (Error: socket hang up)
[debug] &amp#27;[35m[ADB]&amp#27;[39m Running '/Users/jqorri/Library/Android/sdk/platform-tools/adb -P 5037 -s 192.168.56.101\:5555 shell am force-stop io.appium.uiautomator2.server.test'
[debug] &amp#27;[35m[ADB]&amp#27;[39m Attempting to kill all uiautomator processes
[debug] &amp#27;[35m[ADB]&amp#27;[39m Getting IDs of all 'uiautomator' processes
[debug] &amp#27;[35m[ADB]&amp#27;[39m Running '/Users/jqorri/Library/Android/sdk/platform-tools/adb -P 5037 -s 192.168.56.101\:5555 shell pgrep \^uiautomator\$'
&amp#27;[35m[ADB]&amp#27;[39m No 'uiautomator' process has been found
[debug] &amp#27;[35m[ADB]&amp#27;[39m Attempting to kill all uiautomator processes
[debug] &amp#27;[35m[ADB]&amp#27;[39m Getting IDs of all 'uiautomator' processes
[debug] &amp#27;[35m[ADB]&amp#27;[39m Running '/Users/jqorri/Library/Android/sdk/platform-tools/adb -P 5037 -s 192.168.56.101\:5555 shell pgrep \^uiautomator\$'
&amp#27;[35m[ADB]&amp#27;[39m No 'uiautomator' process has been found
&amp#27;[35m[ADB]&amp#27;[39m No 'uiautomator' process has been found
[debug] &amp#27;[35m[ADB]&amp#27;[39m Attempting to kill all uiautomator processes
[debug] &amp#27;[35m[ADB]&amp#27;[39m Getting IDs of all 'uiautomator' processes
[debug] &amp#27;[35m[ADB]&amp#27;[39m Running '/Users/jqorri/Library/Android/sdk/platform-tools/adb -P 5037 -s 192.168.56.101\:5555 shell pgrep \^uiautomator\$'
&amp#27;[35m[ADB]&amp#27;[39m No 'uiautomator' process has been found
[debug] &amp#27;[35m[ADB]&amp#27;[39m Attempting to kill all uiautomator processes
[debug] &amp#27;[35m[ADB]&amp#27;[39m Getting IDs of all 'uiautomator' processes
[debug] &amp#27;[35m[ADB]&amp#27;[39m Running '/Users/jqorri/Library/Android/sdk/platform-tools/adb -P 5037 -s 192.168.56.101\:5555 shell pgrep \^uiautomator\$'
&amp#27;[35m[ADB]&amp#27;[39m No 'uiautomator' process has been found
[debug] &amp#27;[35m[WD Proxy]&amp#27;[39m Matched '/status' to command name 'getStatus'
[debug] &amp#27;[35m[WD Proxy]&amp#27;[39m Proxying [GET /status] to [GET http://localhost:8200/wd/hub/status] with no body
[debug] &amp#27;[35m[WD Proxy]&amp#27;[39m Got response with status 200: {"sessionId":"None","value":{"ready":true,"message":"UiAutomator2 Server is ready to accept commands"}}
[debug] &amp#27;[35m[UiAutomator2]&amp#27;[39m The initialization of the instrumentation process took 2035ms
[debug] &amp#27;[35m[WD Proxy]&amp#27;[39m Matched '/session' to command name 'createSession'
[debug] &amp#27;[35m[WD Proxy]&amp#27;[39m Proxying [POST /session] to [POST http://localhost:8200/wd/hub/session] with body: {"capabilities":{"firstMatch":[{"platform":"LINUX","webStorageEnabled":false,"takesScreenshot":true,"javascriptEnabled":true,"databaseEnabled":false,"networkConnectionEnabled":true,"locationContextEnabled":false,"warnings":{},"desired":{"browserName":"chrome","platformName":"android","chromedriverExecutable":"/Users/jqorri/.m2/repository/webdriver/chromedriver/mac64/79.0.3945.36/chromedriver","deviceName":"GalaxyS8-2","newCommandTimeout":90},"browserName":"chrome","platformName":"android","chromedriverExecutable":"/Users/jqorri/.m2/repository/webdriver/chromedriver/mac64/79.0.3945.36/chromedriver","deviceName":"192.168.56.101:5555","newCommandTimeout":90,"appPackage":"com.android.chrome","appActivity":"com.google.android.apps.chrome.Main","deviceUDID":"192.168.56.101:5555"}],"alwaysMatch":{}}}
[debug] &amp#27;[35m[WD Proxy]&amp#27;[39m Got response with status 200: {"sessionId":"1b7562d1-9b96-4ed6-8ab1-407a88a8aa14","value":{"sessionId":"1b7562d1-9b96-4ed6-8ab1-407a88a8aa14","capabilities":{"firstMatch":[{"platform":"LINUX","webStorageEnabled":false,"takesScreenshot":true,"javascriptEnabled":true,"databaseEnabled":false,"networkConnectionEnabled":true,"locationContextEnabled":false,"warnings":{},"desired":{"browserName":"chrome","platformName":"android","chromedriverExecutable":"/Users/jqorri/.m2/repository/webdriver/chromedriver/mac64/79.0.3945.36/chromedriver","deviceName":"GalaxyS8-2","newCommandTimeout":90},"browserName":"chrome","platformName":"android","chromedriverExecutable":"/Users/jqorri/.m2/repository/webdriver/chromedriver/mac64/79.0.3945.36/chromedriver","deviceName":"192.168.56.101:5555","newCommandTimeout":90,"appPackage":"com.android.chrome","appActivity":"com.google.android.apps.chrome.Main","deviceUDID":"192.168.56.101:5555"}],"alwaysMatch":{}}}}
&amp#27;[35m[WD Proxy]&amp#27;[39m Determined the downstream protocol as 'W3C'
[debug] &amp#27;[35m[WD Proxy]&amp#27;[39m Proxying [GET /appium/device/info] to [GET http://localhost:8200/wd/hub/session/1b7562d1-9b96-4ed6-8ab1-407a88a8aa14/appium/device/info] with no body
[debug] &amp#27;[35m[WD Proxy]&amp#27;[39m Got response with status 200: {"sessionId":"1b7562d1-9b96-4ed6-8ab1-407a88a8aa14","value":{"androidId":"f69a523075aa8a5f","manufacturer":"Genymotion","model":"GalaxyS8-2","brand":"Android","apiVersion":"24","platformVersion":"7.0","carrierName":"Android","realDisplaySize":"1440x2960","displayDensity":480,"networks":[{"type":1,"typeName":"WIFI","subtype":0,"subtypeName":"","isConnected":true,"detailedState":"CONNECTED","state":"CONNECTED","extraInfo":"\"WiredSSID\"","isAvailable":true,"isFailover":false,"isRoaming":false,"capabilities":{"transportTypes":"NET_CAPABILITY_SUPL","networkCapabilities":"","linkUpstreamBandwidthKbps":1048576,"linkDownBandwidthKbps":1048576,"signalStrength":-55,"networkSpecifier":null,"SSID":null}}],"locale":"en_US","timeZone":"America\/New_York"}}
[debug] &amp#27;[35m[ADB]&amp#27;[39m Running '/Users/jqorri/Library/Android/sdk/platform-tools/adb -P 5037 -s 192.168.56.101\:5555 shell dumpsys window'
&amp#27;[35m[AndroidDriver]&amp#27;[39m Screen already unlocked, doing nothing
&amp#27;[35m[AndroidDriver]&amp#27;[39m Starting a chrome-based browser session
[debug] &amp#27;[35m[AndroidDriver]&amp#27;[39m A port was not given, using random free port: 8000
[debug] &amp#27;[35m[AndroidDriver]&amp#27;[39m Automated Chromedriver download is disabled. Use 'chromedriver_autodownload' server feature to enable it
[debug] &amp#27;[35m[AndroidDriver]&amp#27;[39m Before starting chromedriver, androidPackage is 'com.android.chrome'
[debug] &amp#27;[35m[Chromedriver]&amp#27;[39m Changed state to 'starting'
&amp#27;[35m[Chromedriver]&amp#27;[39m Set chromedriver binary as: /Users/jqorri/.m2/repository/webdriver/chromedriver/mac64/79.0.3945.36/chromedriver
[debug] &amp#27;[35m[Chromedriver]&amp#27;[39m Killing any old chromedrivers, running: pkill -15 -f "/Users/jqorri/.m2/repository/webdriver/chromedriver/mac64/79.0.3945.36/chromedriver.*--port=8000"
&amp#27;[35m[Chromedriver]&amp#27;[39m No old chromedrivers seem to exist
[debug] &amp#27;[35m[Chromedriver]&amp#27;[39m Cleaning any old adb forwarded port socket connections
[debug] &amp#27;[35m[ADB]&amp#27;[39m List forwarding ports
[debug] &amp#27;[35m[ADB]&amp#27;[39m Running '/Users/jqorri/Library/Android/sdk/platform-tools/adb -P 5037 -s 192.168.56.101\:5555 forward --list'
&amp#27;[35m[Chromedriver]&amp#27;[39m Spawning chromedriver with: /Users/jqorri/.m2/repository/webdriver/chromedriver/mac64/79.0.3945.36/chromedriver --url-base=wd/hub --port=8000 --adb-port=5037 --verbose
[debug] &amp#27;[35m[Chromedriver]&amp#27;[39m Chromedriver version: '79.0.3945.36'
[debug] &amp#27;[35m[WD Proxy]&amp#27;[39m Matched '/status' to command name 'getStatus'
[debug] &amp#27;[35m[WD Proxy]&amp#27;[39m Proxying [GET /status] to [GET http://127.0.0.1:8000/wd/hub/status] with no body
&amp#27;[35m[WD Proxy]&amp#27;[39m Got an unexpected response with status undefined: {"errno":"ECONNREFUSED","code":"ECONNREFUSED","syscall":"connect","address":"127.0.0.1","port":8000}
[debug] &amp#27;[35m[WD Proxy]&amp#27;[39m Matched '/status' to command name 'getStatus'
[debug] &amp#27;[35m[WD Proxy]&amp#27;[39m Proxying [GET /status] to [GET http://127.0.0.1:8000/wd/hub/status] with no body
[debug] &amp#27;[35m[WD Proxy]&amp#27;[39m Got response with status 200: {"value":{"build":{"version":"79.0.3945.36 (3582db32b33893869b8c1339e8f4d9ed1816f143-refs/branch-heads/3945@{#614})"},"message":"ChromeDriver ready for new sessions.","os":{"arch":"x86_64","name":"Mac OS X","version":"10.14.6"},"ready":true}}
&amp#27;[35m[Chromedriver]&amp#27;[39m Starting W3C Chromedriver session with capabilities: {
&amp#27;[35m[Chromedriver]&amp#27;[39m   "capabilities": {
&amp#27;[35m[Chromedriver]&amp#27;[39m     "alwaysMatch": {
&amp#27;[35m[Chromedriver]&amp#27;[39m       "goog:chromeOptions": {
&amp#27;[35m[Chromedriver]&amp#27;[39m         "androidPackage": "com.android.chrome",
&amp#27;[35m[Chromedriver]&amp#27;[39m         "androidDeviceSerial": "192.168.56.101:5555"
&amp#27;[35m[Chromedriver]&amp#27;[39m       },
&amp#27;[35m[Chromedriver]&amp#27;[39m       "goog:loggingPrefs": {
&amp#27;[35m[Chromedriver]&amp#27;[39m         "browser": "ALL"
&amp#27;[35m[Chromedriver]&amp#27;[39m       }
&amp#27;[35m[Chromedriver]&amp#27;[39m     }
&amp#27;[35m[Chromedriver]&amp#27;[39m   }
&amp#27;[35m[Chromedriver]&amp#27;[39m }
[debug] &amp#27;[35m[WD Proxy]&amp#27;[39m Matched '/session' to command name 'createSession'
[debug] &amp#27;[35m[WD Proxy]&amp#27;[39m Proxying [POST /session] to [POST http://127.0.0.1:8000/wd/hub/session] with body: {"capabilities":{"alwaysMatch":{"goog:chromeOptions":{"androidPackage":"com.android.chrome","androidDeviceSerial":"192.168.56.101:5555"},"goog:loggingPrefs":{"browser":"ALL"}}}}
&amp#27;[35m[UiAutomator2]&amp#27;[39m Waiting up to 30000ms for UiAutomator2 to be online...
[debug] &amp#27;[35m[ADB]&amp#27;[39m Creating ADB subprocess with args: ["-P",5037,"-s","192.168.56.101:5555","shell","am","instrument","-w","io.appium.uiautomator2.server.test/androidx.test.runner.AndroidJUnitRunner"]
&amp#27;[35m[UiAutomator2]&amp#27;[39m Waiting up to 30000ms for UiAutomator2 to be online...
[debug] &amp#27;[35m[ADB]&amp#27;[39m Creating ADB subprocess with args: ["-P",5037,"-s","192.168.56.101:5555","shell","am","instrument","-w","io.appium.uiautomator2.server.test/androidx.test.runner.AndroidJUnitRunner"]
&amp#27;[35m[UiAutomator2]&amp#27;[39m Waiting up to 30000ms for UiAutomator2 to be online...
[debug] &amp#27;[35m[ADB]&amp#27;[39m Creating ADB subprocess with args: ["-P",5037,"-s","192.168.56.101:5555","shell","am","instrument","-w","io.appium.uiautomator2.server.test/androidx.test.runner.AndroidJUnitRunner"]
&amp#27;[35m[UiAutomator2]&amp#27;[39m Waiting up to 30000ms for UiAutomator2 to be online...
[debug] &amp#27;[35m[ADB]&amp#27;[39m Creating ADB subprocess with args: ["-P",5037,"-s","192.168.56.101:5555","shell","am","instrument","-w","io.appium.uiautomator2.server.test/androidx.test.runner.AndroidJUnitRunner"]
[debug] &amp#27;[35m[Instrumentation]&amp#27;[39m INSTRUMENTATION_RESULT: shortMsg=Process crashed.
[debug] &amp#27;[35m[Instrumentation]&amp#27;[39m INSTRUMENTATION_CODE: 0
&amp#27;[35m[UiAutomator2]&amp#27;[39m Waiting up to 30000ms for UiAutomator2 to be online...
[debug] &amp#27;[35m[ADB]&amp#27;[39m Creating ADB subprocess with args: ["-P",5037,"-s","192.168.56.101:5555","shell","am","instrument","-w","io.appium.uiautomator2.server.test/androidx.test.runner.AndroidJUnitRunner"]
[debug] &amp#27;[35m[Instrumentation]&amp#27;[39m The process has exited with code 0
&amp#27;[35m[UiAutomator2]&amp#27;[39m Waiting up to 30000ms for UiAutomator2 to be online...
[debug] &amp#27;[35m[ADB]&amp#27;[39m Creating ADB subprocess with args: ["-P",5037,"-s","192.168.56.101:5555","shell","am","instrument","-w","io.appium.uiautomator2.server.test/androidx.test.runner.AndroidJUnitRunner"]
[debug] &amp#27;[35m[Instrumentation]&amp#27;[39m io.appium.uiautomator2.server.test.AppiumUiAutomator2Server:
[debug] &amp#27;[35m[Instrumentation]&amp#27;[39m INSTRUMENTATION_RESULT: shortMsg=Process crashed.
[debug] &amp#27;[35m[Instrumentation]&amp#27;[39m INSTRUMENTATION_CODE: 0
[debug] &amp#27;[35m[Instrumentation]&amp#27;[39m The process has exited with code 0
[debug] &amp#27;[35m[Instrumentation]&amp#27;[39m INSTRUMENTATION_RESULT: shortMsg=Process crashed.
[debug] &amp#27;[35m[Instrumentation]&amp#27;[39m INSTRUMENTATION_CODE: 0
[debug] &amp#27;[35m[Instrumentation]&amp#27;[39m The process has exited with code 0
[debug] &amp#27;[35m[Instrumentation]&amp#27;[39m INSTRUMENTATION_RESULT: shortMsg=Process crashed.
[debug] &amp#27;[35m[Instrumentation]&amp#27;[39m INSTRUMENTATION_CODE: 0
[debug] &amp#27;[35m[Instrumentation]&amp#27;[39m INSTRUMENTATION_RESULT: shortMsg=Process crashed.
[debug] &amp#27;[35m[Instrumentation]&amp#27;[39m INSTRUMENTATION_CODE: 0
[debug] &amp#27;[35m[Instrumentation]&amp#27;[39m The process has exited with code 0
[debug] &amp#27;[35m[Instrumentation]&amp#27;[39m The process has exited with code 0
&amp#27;[35m[UiAutomator2]&amp#27;[39m Error: The instrumentation process cannot be initialized. Make sure the application under test does not crash and investigate the logcat output.
&amp#27;[35m[UiAutomator2]&amp#27;[39m     at Object.wrappedLogger.errorAndThrow (/usr/local/lib/node_modules/appium/node_modules/appium-support/lib/logging.js:79:13)
&amp#27;[35m[UiAutomator2]&amp#27;[39m     at UiAutomator2Server.errorAndThrow [as startSession] (/usr/local/lib/node_modules/appium/node_modules/appium-uiautomator2-driver/lib/uiautomator2.js:227:13)
&amp#27;[35m[UiAutomator2]&amp#27;[39m     at AndroidUiautomator2Driver.startUiAutomator2Session (/usr/local/lib/node_modules/appium/node_modules/appium-uiautomator2-driver/lib/driver.js:340:5)
&amp#27;[35m[UiAutomator2]&amp#27;[39m     at AndroidUiautomator2Driver.createSession (/usr/local/lib/node_modules/appium/node_modules/app[deium-uiautomator2-driver/lib/budriver.js:21g] &amp#27;1:7)
[35m[Ui&amp#27;[3Automator2]&amp#27;[39m Deleting 5m[UiUiAutAoutomator2 session
mator2]&amp#27;[debug] &amp#27;[35m[39m     a[UiAutomator2t ]&amp#27;[39mAppiumDriver. DecreateleSession (/usr/locting Uial/lib/node_modAutulomator2 sees/arveppr seium/ssion
lib/appium.js:353:35)
&amp#27;[35m[UiAutomator2]&amp#27;[39m     at AppiumDriver.executeCommand (/usr/local/lib/node_modules/appium/node_modules/appium-base-driver/lib/basedriver/driver.js:376:13)
&amp#27;[35m[UiAutomator2]&amp#27;[39m     at AppiumDriver.executeCommand (/usr/local/lib/node_modules/appium/lib/appium.js:482:14)
&amp#27;[35m[UiAutomator2]&amp#27;[39m     at [debug] &amp#27;[asyncH35mandler [WD(/usr Prox/local/lib/noy]de_module&amp#27;[39m s/appium/nMatched '/'ode to c_moommand dulename 'deleteSession'
s/appium-base-driver/lib/protocol/protocol.js:306:21)
&amp#27;[35m[UiAutomator2]&amp#27;[39m Did not get confirmation UiAutomator2 deleteSession worked; Error was: UnknownError: An unknown server-side error occurred while processing the command. Original error: Trying to proxy a session command without session id
[debug] &amp#27;[35m[Logcat]&amp#27;[39m Stopping logcat capture
[debug] &amp#27;[35m[ADB]&amp#27;[39m Removing forwarded port socket connection: 8200 
[debug] &amp#27;[35m[ADB]&amp#27;[39m Running '/Users/jqorri/Library/Android/sdk/platform-tools/adb -P 5037 -s 192.168.56.101\:5555 forward --remove tcp\:8200'
[debug] &amp#27;[35m[BaseDriver]&amp#27;[39m Event 'newSessionStarted' logged at 1579729632685 (16:47:12 GMT-0500 (Eastern Standard Time))
[debug] &amp#27;[35m[W3C]&amp#27;[39m Encountered internal error running command: Error: The instrumentation process cannot be initialized. Make sure the application under test does not crash and investigate the logcat output.
[debug] &amp#27;[35m[W3C]&amp#27;[39m     at Object.wrappedLogger.errorAndThrow (/usr/local/lib/node_modules/appium/node_modules/appium-support/lib/logging.js:79:13)
[debug] &amp#27;[35m[W3C]&amp#27;[39m     at UiAutomator2Server.errorAndThrow [as startSession] (/usr/local/lib/node_modules/appium/node_modules/appium-uiautomator2-driver/lib/uiautomator2.js:227:13)
[debug] &amp#27;[35m[W3C]&amp#27;[39m     at AndroidUiautomator2Driver.startUiAutomator2Session (/usr/local/lib/node_modules/appium/node_modules/appium-uiautomator2-driver/lib/driver.js:340:5)
[debug] &amp#27;[35m[W3C]&amp#27;[39m     at AndroidUiautomator2Driver.createSession (/usr/local/lib/node_modules/appium/node_modules/appium-uiautomator2-driver/lib/driver.js:211:7)
[debug] &amp#27;[35m[W3C]&amp#27;[39m     at AppiumDriver.createSession (/usr/local/lib/node_modules/appium/lib/appium.js:353:35)
[debug] &amp#27;[35m[W3C]&amp#27;[39m     at AppiumDriver.executeCommand (/usr/local/lib/node_modules/appium/node_modules/appium-base-driver/lib/basedriver/driver.js:376:13)
[debug] &amp#27;[35m[W3C]&amp#27;[39m     at AppiumDriver.executeCommand (/usr/local/lib/node_modules/appium/lib/appium.js:482:14)
[debug] &amp#27;[35m[W3C]&amp#27;[39m     at asyncHandler (/usr/local/lib/node_modules/appium/node_modules/appium-base-driver/lib/protocol/protocol.js:306:21)
&amp#27;[35m[HTTP]&amp#27;[39m &amp#27;[37m<-- POST /wd/hub/session &amp#27;[39m&amp#27;[31m500&amp#27;[39m &amp#27;[90m15044 ms - 771&amp#27;[39m
&amp#27;[35m[HTTP]&amp#27;[39m &amp#27;[90m&amp#27;[39m
]]></system-out>
    <system-err><![CDATA[Jan 22, 2020 4:46:54 PM cucumber.runtime.java.ObjectFactoryLoader loadSelectedObjectFactory
INFO: Loading ObjectFactory via reflection: controllers.CustomPicoFactory
Jan 22, 2020 4:46:54 PM cucumber.runtime.java.ObjectFactoryLoader loadSelectedObjectFactory
INFO: Loading ObjectFactory via reflection: controllers.CustomPicoFactory
Jan 22, 2020 4:46:54 PM cucumber.runtime.java.ObjectFactoryLoader loadSelectedObjectFactory
INFO: Loading ObjectFactory via reflection: controllers.CustomPicoFactory
Jan 22, 2020 4:46:54 PM cucumber.runtime.java.ObjectFactoryLoader loadSelectedObjectFactory
INFO: Loading ObjectFactory via reflection: controllers.CustomPicoFactory
Jan 22, 2020 4:46:54 PM cucumber.runtime.java.ObjectFactoryLoader loadSelectedObjectFactory
INFO: Loading ObjectFactory via reflection: controllers.CustomPicoFactory
Jan 22, 2020 4:46:54 PM cucumber.runtime.java.ObjectFactoryLoader loadSelectedObjectFactory
INFO: Loading ObjectFactory via reflection: controllers.CustomPicoFactory
Jan 22, 2020 4:46:54 PM cucumber.runtime.java.ObjectFactoryLoader loadSelectedObjectFactory
INFO: Loading ObjectFactory via reflection: controllers.CustomPicoFactory
SLF4J: Failed to load class "org.slf4j.impl.StaticLoggerBinder".
SLF4J: Defaulting to no-operation (NOP) logger implementation
SLF4J: See http://www.slf4j.org/codes.html#StaticLoggerBinder for further details.
]]></system-err>
  </testcase>
  <testcase name="runScenario" classname="RunCucumberTest" time="18.201">
    <failure message="Unable to create a new remote session. Please check the server log for more details. Original error: An unknown server-side error occurred while processing the command. Original error: The instrumentation process cannot be initialized. Make sure the application under test does not crash and investigate the logcat output.&#10;Build info: version: &apos;3.141.59&apos;, revision: &apos;e82be7d358&apos;, time: &apos;2018-11-14T08:17:03&apos;&#10;System info: host: &apos;COV-JQORRI-MBP.fios-router.home&apos;, ip: &apos;192.168.1.151&apos;, os.name: &apos;Mac OS X&apos;, os.arch: &apos;x86_64&apos;, os.version: &apos;10.14.6&apos;, java.version: &apos;1.8.0_221&apos;&#10;Driver info: driver.version: AndroidDriver&#10;remote stacktrace: UnknownError: An unknown server-side error occurred while processing the command. Original error: The instrumentation process cannot be initialized. Make sure the application under test does not crash and investigate the logcat output.&#10;    at getResponseForW3CError (/usr/local/lib/node_modules/appium/node_modules/appium-base-driver/lib/protocol/errors.js:804:9)&#10;    at asyncHandler (/usr/local/lib/node_modules/appium/node_modules/appium-base-driver/lib/protocol/protocol.js:388:37)&#10;Build info: version: &apos;3.141.59&apos;, revision: &apos;e82be7d358&apos;, time: &apos;2018-11-14T08:17:03&apos;&#10;System info: host: &apos;COV-JQORRI-MBP.fios-router.home&apos;, ip: &apos;192.168.1.151&apos;, os.name: &apos;Mac OS X&apos;, os.arch: &apos;x86_64&apos;, os.version: &apos;10.14.6&apos;, java.version: &apos;1.8.0_221&apos;&#10;Driver info: driver.version: AndroidDriver" type="org.openqa.selenium.SessionNotCreatedException">org.openqa.selenium.SessionNotCreatedException: 
Unable to create a new remote session. Please check the server log for more details. Original error: An unknown server-side error occurred while processing the command. Original error: The instrumentation process cannot be initialized. Make sure the application under test does not crash and investigate the logcat output.
Build info: version: '3.141.59', revision: 'e82be7d358', time: '2018-11-14T08:17:03'
System info: host: 'COV-JQORRI-MBP.fios-router.home', ip: '192.168.1.151', os.name: 'Mac OS X', os.arch: 'x86_64', os.version: '10.14.6', java.version: '1.8.0_221'
Driver info: driver.version: AndroidDriver
remote stacktrace: UnknownError: An unknown server-side error occurred while processing the command. Original error: The instrumentation process cannot be initialized. Make sure the application under test does not crash and investigate the logcat output.
    at getResponseForW3CError (/usr/local/lib/node_modules/appium/node_modules/appium-base-driver/lib/protocol/errors.js:804:9)
    at asyncHandler (/usr/local/lib/node_modules/appium/node_modules/appium-base-driver/lib/protocol/protocol.js:388:37)
Build info: version: '3.141.59', revision: 'e82be7d358', time: '2018-11-14T08:17:03'
System info: host: 'COV-JQORRI-MBP.fios-router.home', ip: '192.168.1.151', os.name: 'Mac OS X', os.arch: 'x86_64', os.version: '10.14.6', java.version: '1.8.0_221'
Driver info: driver.version: AndroidDriver
Caused by: java.lang.reflect.InvocationTargetException
Caused by: org.openqa.selenium.WebDriverException: 
An unknown server-side error occurred while processing the command. Original error: The instrumentation process cannot be initialized. Make sure the application under test does not crash and investigate the logcat output.
Build info: version: '3.141.59', revision: 'e82be7d358', time: '2018-11-14T08:17:03'
System info: host: 'COV-JQORRI-MBP.fios-router.home', ip: '192.168.1.151', os.name: 'Mac OS X', os.arch: 'x86_64', os.version: '10.14.6', java.version: '1.8.0_221'
Driver info: driver.version: AndroidDriver
remote stacktrace: UnknownError: An unknown server-side error occurred while processing the command. Original error: The instrumentation process cannot be initialized. Make sure the application under test does not crash and investigate the logcat output.
    at getResponseForW3CError (/usr/local/lib/node_modules/appium/node_modules/appium-base-driver/lib/protocol/errors.js:804:9)
    at asyncHandler (/usr/local/lib/node_modules/appium/node_modules/appium-base-driver/lib/protocol/protocol.js:388:37)
</failure>
    <system-out><![CDATA[&amp#27;[35m[UiAutomator2]&amp#27;[39m Error: The instrumentation process cannot be initialized. Make sure the application under test does not crash and investigate the logcat output.
&amp#27;[35m[UiAutomator2]&amp#27;[39m     at Object.wrappedLogger.errorAndThrow (/usr/local/lib/node_modules/appium/node_modules/appium-support/lib/logging.js:79:13)
&amp#27;[35m[UiAutomator2]&amp#27;[39m     at UiAutomator2Server.errorAndThrow [as startSession] (/usr/local/lib/node_modules/appium/node_modules/appium-uiautomator2-driver/lib/uiautomator2.js:227:13)
&amp#27;[35m[UiAutomator2]&amp#27;[39m     at AndroidUiautomator2Driver.startUiAutomator2Session (/usr/local/lib/node_modules/appium/node_modules/appium-uiautomator2-[debug] &amp#27;[35m[UiAutomator2]&amp#27;[39m Deleting UiAutomator2 session
driver/lib/driver.js:340:5)
&amp#27;[35m[UiAutomator2]&amp#27;[39m     at AndroidUiautomator2Driver.createSession (/usr/local/lib/node_modules/appium/node_modules/appium-uiautomator2-driver/lib/driver.js:211:7)
&amp#27;[35m[UiAutomator2]&amp#27;[39m     at AppiumDriver.createSession (/usr/local/lib/node_modules/appium/lib/appium.js:353:35)
&amp#27;[35m[UiAutomator2]&amp#27;[39m     at AppiumDriver.executeCommand (/usr/local/lib/node_modules/appium/node_modules/appium-base-driver/lib/basedriver/driver.js:376:13)
&amp#27;[35m[UiAutomator2]&amp#27;[39m     at AppiumDriver.executeCommand (/usr/local/lib/node_modules/appium/lib/appium.js:482:14)
&amp#27;[35m[UiAutomator2]&amp#27;[39m     at asyncHandler (/usr/local/lib/node_modules/appium/node_modules/appium-base-driver/lib/protocol/protocol.js:306:21)
[debug] &amp#27;[35m[UiAutomator2]&amp#27;[39m Deleting UiAutomator2 server session
[debug] &amp#27;[35m[WD Proxy]&amp#27;[39m Matched '/' to command name 'deleteSession'
&amp#27;[35m[UiAutomator2]&amp#27;[39m Did not get confirmation UiAutomator2 deleteSession worked; Error was: UnknownError: An unknown server-side error occurred while processing the command. Original error: Trying to proxy a session command without session id
[debug] &amp#27;[35m[Logcat]&amp#27;[39m Stopping logcat capture
[debug] &amp#27;[35m[ADB]&amp#27;[39m Removing forwarded port socket connection: 8200 
[debug] &amp#27;[35m[ADB]&amp#27;[39m Running '/Users/jqorri/Library/Android/sdk/platform-tools/adb -P 5037 -s 192.168.56.101\:5555 forward --remove tcp\:8200'
&amp#27;[35m[UiAutomator2]&amp#27;[39m Error: The instrumentation process cannot be initialized. Make sure the application under test does not crash and investigate the logcat output.
&amp#27;[35m[UiAutomator2]&amp#27;[39m     at Object.wrappedLogger.errorAndThrow (/usr/local/lib/node_modules/appium/node_modules/appium-support/lib/logging.js:79:13)
&amp#27;[35m[UiAutomator2]&amp#27;[39m     at UiAutomator2Server.errorAndThrow [as startSession] (/usr/local/lib/node_modules/appium/node_modules/appium-uiautomator2-driver/lib/uiautomator2.js:227:13)
&amp#27;[35m[UiAutomator2]&amp#27;[39m     at AndroidUiautomator2Driver.startUiAutomator2Session (/usr/local/lib/node_modules/appium/node_modules/appium-uiautomator2-driver/lib/driver.js:340:5)
&amp#27;[35m[UiAutomator2]&amp#27;[39m     at AndroidUiautomator2Driver.createSession (/usr/local/lib/node_modules/appium/node_modules/appium-uiautomator2-driver/lib/driver.js:211:7)
&amp#27;[35m[UiAutomator2]&amp#27;[39m     at AppiumDriver.createSession (/usr/local/lib/node_modules/appium/lib/appium.js:353:35)
&amp#27;[35m[UiAutomator2]&amp#27;[39m     at AppiumDriver.executeCommand (/usr/local/lib/node_modules/appium/node_modules/appium-base-driver/lib/basedriver/driver.js:376:13)
&amp#27;[35m[UiAutomator2]&amp#27;[39m     at AppiumDriver.executeCommand (/usr/local/lib/node_modules/appium/lib/appium.js:482:14)
&amp#27;[35m[UiAutomator2]&amp#27;[39m     at asyncHandler (/usr/local/lib/node_modules/appium/node_modules/appium-base-driver/lib/protocol/protocol.js:306:21)
[debug] &amp#27;[35m[UiAutomator2]&amp#27;[39m Deleting UiAutomator2 session
[debug] &amp#27;[35m[UiAutomator2]&amp#27;[39m Deleting UiAutomator2 server session
[debug] &amp#27;[35m[WD Proxy]&amp#27;[39m Matched '/' to command name 'deleteSession'
&amp#27;[35m[UiAutomator2]&amp#27;[39m Did not get confirmation UiAutomator2 deleteSession worked; Error was: UnknownError: An unknown server-side error occurred while processing the command. Original error: Trying to proxy a session command without session id
[debug] &amp#27;[35m[Logcat]&amp#27;[39m Stopping logcat capture
[debug] &amp#27;[35m[ADB]&amp#27;[39m Removing forwarded port socket connection: 8200 
[debug] &amp#27;[35m[ADB]&amp#27;[39m Running '/Users/jqorri/Library/Android/sdk/platform-tools/adb -P 5037 -s 192.168.56.101\:5555 forward --remove tcp\:8200'
&amp#27;[35m[UiAutomator2]&amp#27;[39m Unable to remove port forward 'Error executing adbExec. Original error: 'Command '/Users/jqorri/Library/Android/sdk/platform-tools/adb -P 5037 -s 192.168.56.101\:5555 forward --remove tcp\:8200' exited with code 1'; Stderr: 'adb: error: listener 'tcp:8200' not found'; Code: '1''
[debug] &amp#27;[35m[BaseDriver]&amp#27;[39m Event 'newSessionStarted' logged at 1579729632884 (16:47:12 GMT-0500 (Eastern Standard Time))
[debug] &amp#27;[35m[W3C]&amp#27;[39m Encountered internal error running command: Error: The instrumentation process cannot be initialized. Make sure the application under test does not crash and investigate the logcat output.
[debug] &amp#27;[35m[W3C]&amp#27;[39m     at Object.wrappedLogger.errorAndThrow (/usr/local/lib/node_modules/appium/node_modules/appium-support/lib/logging.js:79:13)
[debug] &amp#27;[35m[W3C]&amp#27;[39m     at UiAutomator2Server.errorAndThrow [as startSession] (/usr/local/lib/node_modules/appium/node_modules/appium-uiautomator2-driver/lib/uiautomator2.js:227:13)
[debug] &amp#27;[35m[W3C]&amp#27;[39m     at AndroidUiautomator2Driver.startUiAutomator2Session (/usr/local/lib/node_modules/appium/node_modules/appium-uiautomator2-driver/lib/driver.js:340:5)
[debug] &amp#27;[35m[W3C]&amp#27;[39m     at AndroidUiautomator2Driver.createSession (/usr/local/lib/node_modules/appium/node_modules/appium-uiautomator2-driver/lib/driver.js:211:7)
[debug] &amp#27;[35m[W3C]&amp#27;[39m     at AppiumDriver.createSession (/usr/local/lib/node_modules/appium/lib/appium.js:353:35)
[debug] &amp#27;[35m[W3C]&amp#27;[39m     at AppiumDriver.executeCommand (/usr/local/lib/node_modules/appium/node_modules/appium-base-driver/lib/basedriver/driver.js:376:13)
[debug] &amp#27;[35m[W3C]&amp#27;[39m     at AppiumDriver.executeCommand (/usr/local/lib/node_modules/appium/lib/appium.js:482:14)
[debug] &amp#27;[35m[W3C]&amp#27;[39m     at asyncHandler (/usr/local/lib/node_modules/appium/node_modules/appium-base-driver/lib/protocol/protocol.js:306:21)
&amp#27;[35m[UiAutomator2]&amp#27;[39m Error: The instrumentation process cannot be initialized. Make sure the application under test does not crash and investigate the logcat output.
&amp#27;[35m[UiAutomator2]&amp#27;[39m Unable to remove port forward 'Error executing adbExec. Original error: 'Command '/Users/jqorri/Library/Android/sdk/platform-tools/adb -P 5037 -s 192.168.56.101\:5555 forward --remove tcp\:8200' exited with code 1'; Stderr: 'adb: error: listener 'tcp:8200' not found'; Code: '1''
[debug] &amp#27;[35m[BaseDriver]&amp#27;[39m Event 'newSessionStarted' logged at 1579729632894 (16:47:12 GMT-0500 (Eastern Standard Time))
[debug] &amp#27;[35m[W3C]&amp#27;[39m Encountered internal error running command: Error: The instrumentation process cannot be initialized. Make sure the application under test does not crash and investigate the logcat output.
[debug] &amp#27;[35m[W3C]&amp#27;[39m     at Object.wrappedLogger.errorAndThrow (/usr/local/lib/node_modules/appium/node_modules/appium-support/lib/logging.js:79:13)
[debug] &amp#27;[35m[W3C]&amp#27;[39m     at UiAutomator2Server.errorAndThrow [as startSession] (/usr/local/lib/node_modules/appium/node_modules/appium-uiautomator2-driver/lib/uiautomator2.js:227:13)
[debug] &amp#27;[35m[W3C]&amp#27;[39m     at AndroidUiautomator2Driver.startUiAutomator2Session (/usr/local/lib/node_modules/appium/node_modules/appium-uiautomator2-driver/lib/driver.js:340:5)
[debug] &amp#27;[35m[W3C]&amp#27;[39m     at AndroidUiautomator2Driver.createSession (/usr/local/lib/node_modules/appium/node_modules/appium-uiautomator2-driver/lib/driver.js:211:7)
[debug] &amp#27;[35m[W3C]&amp#27;[39m     at AppiumDriver.createSession (/usr/local/lib/node_modules/appium/lib/appium.js:353:35)
[debug] &amp#27;[35m[W3C]&amp#27;[39m     at AppiumDriver.executeCommand (/usr/local/lib/node_modules/appium/node_modules/appium-base-driver/lib/basedriver/driver.js:376:13)
[debug] &amp#27;[35m[W3C]&amp#27;[39m     at AppiumDriver.executeCommand (/usr/local/lib/node_modules/appium/lib/appium.js:482:14)
[debug] &amp#27;[35m[W3C]&amp#27;[39m     at asyncHandler (/usr/local/lib/node_modules/appium/node_modules/appium-base-driver/lib/protocol/protocol.js:306:21)
&amp#27;[35m[UiAutomator2]&amp#27;[39m     at Object.wrappedLogger.errorAndThrow (/usr/local/lib/node_modules/appium/node_modules/appium-support/lib/logging.js:79:13)
&amp#27;[35m[UiAutomator2]&amp#27;[39m     at UiAutomator2Server.errorAndThrow [as startSession] (/usr/local/lib/node_modules/appium/node_modules/appium-uiautomator2-driver/lib/uiautomator2.js:227:13)
&amp#27;&amp#27;[3[35m[HT5m[UTP]&amp#27;[39m &amp#27;[37m<-- POST /wd/hub/session &amp#27;[39m&amp#27;[31m5iAuto00&amp#27;[39m &amp#27;[90m15mator2]&amp#27;[39m 303 ms - 771&amp#27;[39m
    at AndroidUiautomator2Driver.startUiAutomator2Session (/usr/local/lib/node_modules/appium/node_modules/appium-uiautomator2-driver/lib/driver.js:340:5)
&amp#27;[35m[HTTP]&amp#27;[39m &amp#27;[90m&amp#27;[39m
&amp#27;[35m[UiAutomator2]&amp#27;[39m     at AndroidUiautomator2Driver.createSession (/usr/local/lib/node_modules/appium/node]]></system-out>
  </testcase>
  <testcase name="runScenario" classname="RunCucumberTest" time="18.221">
    <failure message="Unable to create a new remote session. Please check the server log for more details. Original error: An unknown server-side error occurred while processing the command. Original error: The instrumentation process cannot be initialized. Make sure the application under test does not crash and investigate the logcat output.&#10;Build info: version: &apos;3.141.59&apos;, revision: &apos;e82be7d358&apos;, time: &apos;2018-11-14T08:17:03&apos;&#10;System info: host: &apos;COV-JQORRI-MBP.fios-router.home&apos;, ip: &apos;192.168.1.151&apos;, os.name: &apos;Mac OS X&apos;, os.arch: &apos;x86_64&apos;, os.version: &apos;10.14.6&apos;, java.version: &apos;1.8.0_221&apos;&#10;Driver info: driver.version: AndroidDriver&#10;remote stacktrace: UnknownError: An unknown server-side error occurred while processing the command. Original error: The instrumentation process cannot be initialized. Make sure the application under test does not crash and investigate the logcat output.&#10;    at getResponseForW3CError (/usr/local/lib/node_modules/appium/node_modules/appium-base-driver/lib/protocol/errors.js:804:9)&#10;    at asyncHandler (/usr/local/lib/node_modules/appium/node_modules/appium-base-driver/lib/protocol/protocol.js:388:37)&#10;Build info: version: &apos;3.141.59&apos;, revision: &apos;e82be7d358&apos;, time: &apos;2018-11-14T08:17:03&apos;&#10;System info: host: &apos;COV-JQORRI-MBP.fios-router.home&apos;, ip: &apos;192.168.1.151&apos;, os.name: &apos;Mac OS X&apos;, os.arch: &apos;x86_64&apos;, os.version: &apos;10.14.6&apos;, java.version: &apos;1.8.0_221&apos;&#10;Driver info: driver.version: AndroidDriver" type="org.openqa.selenium.SessionNotCreatedException">org.openqa.selenium.SessionNotCreatedException: 
Unable to create a new remote session. Please check the server log for more details. Original error: An unknown server-side error occurred while processing the command. Original error: The instrumentation process cannot be initialized. Make sure the application under test does not crash and investigate the logcat output.
Build info: version: '3.141.59', revision: 'e82be7d358', time: '2018-11-14T08:17:03'
System info: host: 'COV-JQORRI-MBP.fios-router.home', ip: '192.168.1.151', os.name: 'Mac OS X', os.arch: 'x86_64', os.version: '10.14.6', java.version: '1.8.0_221'
Driver info: driver.version: AndroidDriver
remote stacktrace: UnknownError: An unknown server-side error occurred while processing the command. Original error: The instrumentation process cannot be initialized. Make sure the application under test does not crash and investigate the logcat output.
    at getResponseForW3CError (/usr/local/lib/node_modules/appium/node_modules/appium-base-driver/lib/protocol/errors.js:804:9)
    at asyncHandler (/usr/local/lib/node_modules/appium/node_modules/appium-base-driver/lib/protocol/protocol.js:388:37)
Build info: version: '3.141.59', revision: 'e82be7d358', time: '2018-11-14T08:17:03'
System info: host: 'COV-JQORRI-MBP.fios-router.home', ip: '192.168.1.151', os.name: 'Mac OS X', os.arch: 'x86_64', os.version: '10.14.6', java.version: '1.8.0_221'
Driver info: driver.version: AndroidDriver
Caused by: java.lang.reflect.InvocationTargetException
Caused by: org.openqa.selenium.WebDriverException: 
An unknown server-side error occurred while processing the command. Original error: The instrumentation process cannot be initialized. Make sure the application under test does not crash and investigate the logcat output.
Build info: version: '3.141.59', revision: 'e82be7d358', time: '2018-11-14T08:17:03'
System info: host: 'COV-JQORRI-MBP.fios-router.home', ip: '192.168.1.151', os.name: 'Mac OS X', os.arch: 'x86_64', os.version: '10.14.6', java.version: '1.8.0_221'
Driver info: driver.version: AndroidDriver
remote stacktrace: UnknownError: An unknown server-side error occurred while processing the command. Original error: The instrumentation process cannot be initialized. Make sure the application under test does not crash and investigate the logcat output.
    at getResponseForW3CError (/usr/local/lib/node_modules/appium/node_modules/appium-base-driver/lib/protocol/errors.js:804:9)
    at asyncHandler (/usr/local/lib/node_modules/appium/node_modules/appium-base-driver/lib/protocol/protocol.js:388:37)
</failure>
    <system-out><![CDATA[_modules/appium-uiautomator2-driver/lib/driver.js:211:7)
&amp#27;[35m[UiAutomator2]&amp#27;[39m     at AppiumDriver.createSession (/usr/local/lib/node_modules/appium/lib/appium.js:353:35)
&amp#27;[35m[UiAutomator2]&amp#27;[39m     at AppiumDriver.executeCommand (/usr/local/lib/node_modules/appium/node_modules/appium-base-driver/lib/basedriver/driver.js:376:13)
&amp#27;[35m[UiAutomator2]&amp#27;[39m     at AppiumDriver.executeCommand (/usr/local/lib/node_modules/appium/lib/appium.js:482:14)
&amp#27;[35m[UiAutomator2]&amp#27;[39m     at asyncHandler (/usr/local/lib/node_modules/appium/node_modules/appium-base-driver/lib/protocol/protocol.js:306:21)
[debug] &amp#27;[35m[UiAutomator2]&amp#27;[39m Deleting UiAutomator2 session
[debug] &amp#27;[35m[UiAutomator2]&amp#27;[39m Deleting UiAutomator2 server session
[debug] &amp#27;[35m[WD Proxy]&amp#27;[39m Matched '/' to command name 'deleteSession'
]]></system-out>
  </testcase>
  <testcase name="runScenario" classname="RunCucumberTest" time="18.31">
    <failure message="Unable to create a new remote session. Please check the server log for more details. Original error: An unknown server-side error occurred while processing the command. Original error: The instrumentation process cannot be initialized. Make sure the application under test does not crash and investigate the logcat output.&#10;Build info: version: &apos;3.141.59&apos;, revision: &apos;e82be7d358&apos;, time: &apos;2018-11-14T08:17:03&apos;&#10;System info: host: &apos;COV-JQORRI-MBP.fios-router.home&apos;, ip: &apos;192.168.1.151&apos;, os.name: &apos;Mac OS X&apos;, os.arch: &apos;x86_64&apos;, os.version: &apos;10.14.6&apos;, java.version: &apos;1.8.0_221&apos;&#10;Driver info: driver.version: AndroidDriver&#10;remote stacktrace: UnknownError: An unknown server-side error occurred while processing the command. Original error: The instrumentation process cannot be initialized. Make sure the application under test does not crash and investigate the logcat output.&#10;    at getResponseForW3CError (/usr/local/lib/node_modules/appium/node_modules/appium-base-driver/lib/protocol/errors.js:804:9)&#10;    at asyncHandler (/usr/local/lib/node_modules/appium/node_modules/appium-base-driver/lib/protocol/protocol.js:388:37)&#10;Build info: version: &apos;3.141.59&apos;, revision: &apos;e82be7d358&apos;, time: &apos;2018-11-14T08:17:03&apos;&#10;System info: host: &apos;COV-JQORRI-MBP.fios-router.home&apos;, ip: &apos;192.168.1.151&apos;, os.name: &apos;Mac OS X&apos;, os.arch: &apos;x86_64&apos;, os.version: &apos;10.14.6&apos;, java.version: &apos;1.8.0_221&apos;&#10;Driver info: driver.version: AndroidDriver" type="org.openqa.selenium.SessionNotCreatedException">org.openqa.selenium.SessionNotCreatedException: 
Unable to create a new remote session. Please check the server log for more details. Original error: An unknown server-side error occurred while processing the command. Original error: The instrumentation process cannot be initialized. Make sure the application under test does not crash and investigate the logcat output.
Build info: version: '3.141.59', revision: 'e82be7d358', time: '2018-11-14T08:17:03'
System info: host: 'COV-JQORRI-MBP.fios-router.home', ip: '192.168.1.151', os.name: 'Mac OS X', os.arch: 'x86_64', os.version: '10.14.6', java.version: '1.8.0_221'
Driver info: driver.version: AndroidDriver
remote stacktrace: UnknownError: An unknown server-side error occurred while processing the command. Original error: The instrumentation process cannot be initialized. Make sure the application under test does not crash and investigate the logcat output.
    at getResponseForW3CError (/usr/local/lib/node_modules/appium/node_modules/appium-base-driver/lib/protocol/errors.js:804:9)
    at asyncHandler (/usr/local/lib/node_modules/appium/node_modules/appium-base-driver/lib/protocol/protocol.js:388:37)
Build info: version: '3.141.59', revision: 'e82be7d358', time: '2018-11-14T08:17:03'
System info: host: 'COV-JQORRI-MBP.fios-router.home', ip: '192.168.1.151', os.name: 'Mac OS X', os.arch: 'x86_64', os.version: '10.14.6', java.version: '1.8.0_221'
Driver info: driver.version: AndroidDriver
Caused by: java.lang.reflect.InvocationTargetException
Caused by: org.openqa.selenium.WebDriverException: 
An unknown server-side error occurred while processing the command. Original error: The instrumentation process cannot be initialized. Make sure the application under test does not crash and investigate the logcat output.
Build info: version: '3.141.59', revision: 'e82be7d358', time: '2018-11-14T08:17:03'
System info: host: 'COV-JQORRI-MBP.fios-router.home', ip: '192.168.1.151', os.name: 'Mac OS X', os.arch: 'x86_64', os.version: '10.14.6', java.version: '1.8.0_221'
Driver info: driver.version: AndroidDriver
remote stacktrace: UnknownError: An unknown server-side error occurred while processing the command. Original error: The instrumentation process cannot be initialized. Make sure the application under test does not crash and investigate the logcat output.
    at getResponseForW3CError (/usr/local/lib/node_modules/appium/node_modules/appium-base-driver/lib/protocol/errors.js:804:9)
    at asyncHandler (/usr/local/lib/node_modules/appium/node_modules/appium-base-driver/lib/protocol/protocol.js:388:37)
</failure>
    <system-out><![CDATA[&amp#27;[35m[UiAutomator2]&amp#27;[39m Did not get confirmation UiAutomator2 deleteSession worked; Error was: UnknownError: An unknown server-side error occurred while processing the command. Original error: Trying to proxy a session command without session id
[debug] &amp#27;[35m[Logcat]&amp#27;[39m Stopping logcat capture
[debug] &amp#27;[35m[ADB]&amp#27;[39m Removing forwarded port socket connection: 8200 
[debug] &amp#27;[35m[ADB]&amp#27;[39m Running '/Users/jqorri/Library/Android/sdk/platform-tools/adb -P 5037 -s 192.168.56.101\:5555 forward --remove tcp\:8200'
&amp#27;[35m[HTTP]&amp#27;[39m &amp#27;[37m<-- POST /wd/hub/session &amp#27;[39m&amp#27;[31m500&amp#27;[39m &amp#27;[90m15132 ms - 771&amp#27;[39m
&amp#27;[35m[HTTP]&amp#27;[39m &amp#27;[90m&amp#27;[39m
&amp#27;[35m[UiAutomator2]&amp#27;[39m Unable to remove port forward 'Error executing adbExec. Original error: 'Command '/Users/jqorri/Library/Android/sdk/platform-tools/adb -P 5037 -s 192.168.56.101\:5555 forward --remove tcp\:8200' exited with code 1'; Stderr: 'adb: error: listener 'tcp:8200' not found'; Code: '1''
[debug] &amp#27;[35m[BaseDriver]&amp#27;[39m Event 'newSessionStarted' logged at 1579729633003 (16:47:13 GMT-0500 (Eastern Standard Time))
[debug] &amp#27;[35m[W3C]&amp#27;[39m Encountered internal error running command: Error: The instrumentation process cannot be initialized. Make sure the application under test does not crash and investigate the logcat output.
[debug] &amp#27;[35m[W3C]&amp#27;[39m     at Object.wrappedLogger.errorAndThrow (/usr/local/lib/node_modules/appium/node_modules/appium-support/lib/logging.js:79:13)
[debug] &amp#27;[35m[W3C]&amp#27;[39m     at UiAutomator2Server.errorAndThrow [as startSession] (/usr/local/lib/node_modules/appium/node_modules/appium-uiautomator2-driver/lib/uiautomator2.js:227:13)
[debug] &amp#27;[35m[W3C]&amp#27;[39m     at AndroidUiautomator2Driver.startUiAutomator2Session (/usr/local/lib/node_modules/appium/node_modules/appium-uiautomator2-driver/lib/driver.js:340:5)
[debug] &amp#27;[35m[W3C]&amp#27;[39m     at AndroidUiautomator2Driver.createSession (/usr/local/lib/node_modules/appium/node_modules/appium-uiautomator2-driver/lib/driver.js:211:7)
[debug] &amp#27;[35m[W3C]&amp#27;[39m     at AppiumDriver.createSession (/usr/local/lib/node_modules/appium/lib/appium.js:353:35)
[debug] &amp#27;[35m[W3C]&amp#27;[39m     at AppiumDriver.executeCommand (/usr/local/lib/node_modules/appium/node_modules/appium-base-driver/lib/basedriver/driver.js:376:13)
[debug] &amp#27;[35m[W3C]&amp#27;[39m     at AppiumDriver.executeCommand (/usr/local/lib/node_modules/appium/lib/appium.js:482:14)
[debug] &amp#27;[35m[W3C]&amp#27;[39m     at asyncHandler (/usr/local/lib/node_modules/appium/node_modules/appium-base-driver/lib/protocol/protocol.js:306:21)
&amp#27;[35m[HTTP]&amp#27;[39m &amp#27;[37m<-- POST /wd/hub/session &amp#27;[39m&amp#27;[31m500&amp#27;[39m &amp#27;[90m15414 ms - 771&amp#27;[39m
&amp#27;[35m[HTTP]&amp#27;[39m &amp#27;[90m&amp#27;[39m
[debug] &amp#27;[35m[Instrumentation]&amp#27;[39m INSTRUMENTATION_RESULT: shortMsg=Process crashed.
[debug] &amp#27;[35m[Instrumentation]&amp#27;[39m INSTRUMENTATION_CODE: 0
]]></system-out>
  </testcase>
  <testcase name="runScenario" classname="RunCucumberTest" time="19.411">
    <failure message="Unable to create a new remote session. Please check the server log for more details. Original error: An unknown server-side error occurred while processing the command. Original error: The instrumentation process cannot be initialized. Make sure the application under test does not crash and investigate the logcat output.&#10;Build info: version: &apos;3.141.59&apos;, revision: &apos;e82be7d358&apos;, time: &apos;2018-11-14T08:17:03&apos;&#10;System info: host: &apos;COV-JQORRI-MBP.fios-router.home&apos;, ip: &apos;192.168.1.151&apos;, os.name: &apos;Mac OS X&apos;, os.arch: &apos;x86_64&apos;, os.version: &apos;10.14.6&apos;, java.version: &apos;1.8.0_221&apos;&#10;Driver info: driver.version: AndroidDriver&#10;remote stacktrace: UnknownError: An unknown server-side error occurred while processing the command. Original error: The instrumentation process cannot be initialized. Make sure the application under test does not crash and investigate the logcat output.&#10;    at getResponseForW3CError (/usr/local/lib/node_modules/appium/node_modules/appium-base-driver/lib/protocol/errors.js:804:9)&#10;    at asyncHandler (/usr/local/lib/node_modules/appium/node_modules/appium-base-driver/lib/protocol/protocol.js:388:37)&#10;Build info: version: &apos;3.141.59&apos;, revision: &apos;e82be7d358&apos;, time: &apos;2018-11-14T08:17:03&apos;&#10;System info: host: &apos;COV-JQORRI-MBP.fios-router.home&apos;, ip: &apos;192.168.1.151&apos;, os.name: &apos;Mac OS X&apos;, os.arch: &apos;x86_64&apos;, os.version: &apos;10.14.6&apos;, java.version: &apos;1.8.0_221&apos;&#10;Driver info: driver.version: AndroidDriver" type="org.openqa.selenium.SessionNotCreatedException">org.openqa.selenium.SessionNotCreatedException: 
Unable to create a new remote session. Please check the server log for more details. Original error: An unknown server-side error occurred while processing the command. Original error: The instrumentation process cannot be initialized. Make sure the application under test does not crash and investigate the logcat output.
Build info: version: '3.141.59', revision: 'e82be7d358', time: '2018-11-14T08:17:03'
System info: host: 'COV-JQORRI-MBP.fios-router.home', ip: '192.168.1.151', os.name: 'Mac OS X', os.arch: 'x86_64', os.version: '10.14.6', java.version: '1.8.0_221'
Driver info: driver.version: AndroidDriver
remote stacktrace: UnknownError: An unknown server-side error occurred while processing the command. Original error: The instrumentation process cannot be initialized. Make sure the application under test does not crash and investigate the logcat output.
    at getResponseForW3CError (/usr/local/lib/node_modules/appium/node_modules/appium-base-driver/lib/protocol/errors.js:804:9)
    at asyncHandler (/usr/local/lib/node_modules/appium/node_modules/appium-base-driver/lib/protocol/protocol.js:388:37)
Build info: version: '3.141.59', revision: 'e82be7d358', time: '2018-11-14T08:17:03'
System info: host: 'COV-JQORRI-MBP.fios-router.home', ip: '192.168.1.151', os.name: 'Mac OS X', os.arch: 'x86_64', os.version: '10.14.6', java.version: '1.8.0_221'
Driver info: driver.version: AndroidDriver
Caused by: java.lang.reflect.InvocationTargetException
Caused by: org.openqa.selenium.WebDriverException: 
An unknown server-side error occurred while processing the command. Original error: The instrumentation process cannot be initialized. Make sure the application under test does not crash and investigate the logcat output.
Build info: version: '3.141.59', revision: 'e82be7d358', time: '2018-11-14T08:17:03'
System info: host: 'COV-JQORRI-MBP.fios-router.home', ip: '192.168.1.151', os.name: 'Mac OS X', os.arch: 'x86_64', os.version: '10.14.6', java.version: '1.8.0_221'
Driver info: driver.version: AndroidDriver
remote stacktrace: UnknownError: An unknown server-side error occurred while processing the command. Original error: The instrumentation process cannot be initialized. Make sure the application under test does not crash and investigate the logcat output.
    at getResponseForW3CError (/usr/local/lib/node_modules/appium/node_modules/appium-base-driver/lib/protocol/errors.js:804:9)
    at asyncHandler (/usr/local/lib/node_modules/appium/node_modules/appium-base-driver/lib/protocol/protocol.js:388:37)
</failure>
    <system-out><![CDATA[[debug] &amp#27;[35m[WD Proxy]&amp#27;[39m Matched '/status' to command name 'getStatus'
[debug] &amp#27;[35m[WD Proxy]&amp#27;[39m Proxying [GET /status] to [GET http://localhost:8200/wd/hub/status] with no body
&amp#27;[35m[WD Proxy]&amp#27;[39m Got an unexpected response with status undefined: {"errno":"ECONNREFUSED","code":"ECONNREFUSED","syscall":"connect","address":"127.0.0.1","port":8200}
[debug] &amp#27;[35m[Instrumentation]&amp#27;[39m The process has exited with code 0
[debug] &amp#27;[35m[WD Proxy]&amp#27;[39m Matched '/status' to command name 'getStatus'
[debug] &amp#27;[35m[WD Proxy]&amp#27;[39m Proxying [GET /status] to [GET http://localhost:8200/wd/hub/status] with no body
&amp#27;[35m[WD Proxy]&amp#27;[39m Got an unexpected response with status undefined: {"errno":"ECONNREFUSED","code":"ECONNREFUSED","syscall":"connect","address":"127.0.0.1","port":8200}
[debug] &amp#27;[35m[Instrumentation]&amp#27;[39m io.appium.uiautomator2.server.test.AppiumUiAutomator2Server:
[debug] &amp#27;[35m[WD Proxy]&amp#27;[39m Matched '/status' to command name 'getStatus'
[debug] &amp#27;[35m[WD Proxy]&amp#27;[39m Proxying [GET /status] to [GET http://localhost:8200/wd/hub/status] with no body
&amp#27;[35m[WD Proxy]&amp#27;[39m Got an unexpected response with status undefined: {"errno":"ECONNREFUSED","code":"ECONNREFUSED","syscall":"connect","address":"127.0.0.1","port":8200}
&amp#27;[35m[UiAutomator2]&amp#27;[39m Error: The instrumentation process cannot be initialized. Make sure the application under test does not crash and investigate the logcat output.
&amp#27;[35m[UiAutomator2]&amp#27;[39m     at Object.wrappedLogger.errorAndThrow (/usr/local/lib/node_modules/appium/node_modules/appium-support/lib/logging.js:79:13)
&amp#27;[35m[UiAutomator2]&amp#27;[39m     at UiAutomator2Server.errorAndThrow [as startSession] (/usr/local/lib/node_modules/appium/node_modules/appium-uiautomator2-driver/lib/uiautomator2.js:227:13)
&amp#27;[35m[UiAutomator2]&amp#27;[39m     at AndroidUiautomator2Driver.startUiAutomator2Session (/usr/local/lib/node_modules/appium/node_modules/appium-uiautomator2-driver/lib/driver.js:340:5)
&amp#27;[35m[UiAutomator2]&amp#27;[39m     at AndroidUiautomator2Driver.createSession (/usr/local/lib/node_modules/appium/node_modules/appium-uiautomator2-driver/lib/driver.js:211:7)
&amp#27;[35m[UiAutomator2]&amp#27;[39m     at AppiumDri[debug] &amp#27;[ver.createSession (/usr/local/lib/node_modules35m[Ui/appium/lib/appium.Automator2]&amp#27;[39m Deleting Ujs:353:35)
&amp#27;[35m[UiAutomatoiAutomator2 session
[debug] &amp#27;[35m[UiAutomator2]&amp#27;[39m Deleting UiAutomator2 sr2er]&amp#27;[39m ver se  ssion
  at AppiumDriver.executeCommand (/usr/local/lib/node_modules/appium/node_modules/appium-base-d[debug] &amp#27;[35m[WD riveProxy]&amp#27;[3r/li9m Matched '/' to command nameb/basedriver 'deleteSession'
/driver.js:376:13)
&amp#27;[35m[UiAutomator2]&amp#27;[39m     at AppiumDriver.executeCommand (/usr/local/lib/node_&amp#27;[35m[modules/appium/lib/appium.js:48Ui2:14)
&amp#27;[35mAutomator2]&amp#27;[39m Did not g[Uet confirmation UiAuiAutomator2]&amp#27;[39mtomator2 deleteSession worked; Error    was: UnknownEr  atror: A n unknownasyncHandler (/usr/lo server-side error ocal/lib/nodeccurred w_mohile processindules/appium/node_mg the command. Original errorodules/appium-base-dr: Triver/liying to prb/poxyrotocol/protocol.js:306:21)
 a session command without session id
[debug] &amp#27;[35m[Logcat]&amp#27;[39m Stopping logcat capture
[debug] &amp#27;[35m[ADB]&amp#27;[39m Removing forwarded port socket connection: 8200 
[debug] &amp#27;[35m[ADB]&amp#27;[39m Running '/Users/jqorri/Library/Android/sdk/platform-tools/adb -P 5037 -s 192.168.56.101\:5555 forward --remove tcp\:8200'
&amp#27;[35m[UiAutomator2]&amp#27;[39m Unable to remove port forward 'Error executing adbExec. Original error: 'Command '/Users/jqorri/Library/Android/sdk/platform-tools/adb -P 5037 -s 192.168.56.101\:5555 forward --remove tcp\:8200' exited with code 1'; Stderr: 'adb: error: listener 'tcp:8200' not found'; Code: '1''
[debug] &amp#27;[35m[BaseDriver]&amp#27;[39m Event 'newSessionStarted' logged at 1579729634123 (16:47:14 GMT-0500 (Eastern Standard Time))
[debug] &amp#27;[35m[W3C]&amp#27;[39m Encountered internal error running command: Error: The instrumentation process cannot be initialized. Make sure the application under test does not crash and investigate the logcat output.
[debug] &amp#27;[35m[W3C]&amp#27;[39m     at Object.wrappedLogger.errorAndThrow (/usr/local/lib/node_modules/appium/node_modules/appium-support/lib/logging.js:79:13)
[debug] &amp#27;[35m[W3C]&amp#27;[39m     at UiAutomator2Server.errorAndThrow [as startSession] (/usr/local/lib/node_modules/appium/node_modules/appium-uiautomator2-driver/lib/uiautomator2.js:227:13)
[debug] &amp#27;[35m[W3C]&amp#27;[39m     at AndroidUiautomator2Driver.startUiAutomator2Session (/usr/local/lib/node_modules/appium/node_modules/appium-uiautomator2-driver/lib/driver.js:340:5)
[debug] &amp#27;[35m[W3C]&amp#27;[39m     at AndroidUiautomator2Driver.createSession (/usr/local/lib/node_modules/appium/node_modules/appium-uiautomator2-driver/lib/driver.js:211:7)
[debug] &amp#27;[35m[W3C]&amp#27;[39m     at AppiumDriver.createSession (/usr/local/lib/node_modules/appium/lib/appium.js:353:35)
[debug] &amp#27;[35m[W3C]&amp#27;[39m     at AppiumDriver.executeCommand (/usr/local/lib/node_modules/appium/node_modules/appium-base-driver/lib/basedriver/driver.js:376:13)
[debug] &amp#27;[35m[W3C]&amp#27;[39m     at AppiumDriver.executeCommand (/usr/local/lib/node_modules/appium/lib/appium.js:482:14)
[debug] &amp#27;[35m[W3C]&amp#27;[39m     at asyncHandler (/usr/local/lib/node_modules/appium/node_modules/appium-base-driver/lib/protocol/protocol.js:306:21)
&amp#27;[35m[HTTP]&amp#27;[39m &amp#27;[37m<-- POST /wd/hub/session &amp#27;[39m&amp#27;[31m500&amp#27;[39m &amp#27;[90m16465 ms - 771&amp#27;[39m
&amp#27;[35m[HTTP]&amp#27;[39m &amp#27;[90m&amp#27;[39m
]]></system-out>
  </testcase>
  <testcase name="runScenario" classname="RunCucumberTest" time="20.851">
    <failure message="Unable to create a new remote session. Please check the server log for more details. Original error: An unknown server-side error occurred while processing the command. Original error: Could not proxy command to remote server. Original error: Error: connect ECONNREFUSED 127.0.0.1:8200&#10;Build info: version: &apos;3.141.59&apos;, revision: &apos;e82be7d358&apos;, time: &apos;2018-11-14T08:17:03&apos;&#10;System info: host: &apos;COV-JQORRI-MBP.fios-router.home&apos;, ip: &apos;192.168.1.151&apos;, os.name: &apos;Mac OS X&apos;, os.arch: &apos;x86_64&apos;, os.version: &apos;10.14.6&apos;, java.version: &apos;1.8.0_221&apos;&#10;Driver info: driver.version: AndroidDriver&#10;remote stacktrace: UnknownError: An unknown server-side error occurred while processing the command. Original error: Could not proxy command to remote server. Original error: Error: connect ECONNREFUSED 127.0.0.1:8200&#10;    at JWProxy.command (/usr/local/lib/node_modules/appium/node_modules/appium-base-driver/lib/jsonwp-proxy/proxy.js:261:13)&#10;Build info: version: &apos;3.141.59&apos;, revision: &apos;e82be7d358&apos;, time: &apos;2018-11-14T08:17:03&apos;&#10;System info: host: &apos;COV-JQORRI-MBP.fios-router.home&apos;, ip: &apos;192.168.1.151&apos;, os.name: &apos;Mac OS X&apos;, os.arch: &apos;x86_64&apos;, os.version: &apos;10.14.6&apos;, java.version: &apos;1.8.0_221&apos;&#10;Driver info: driver.version: AndroidDriver" type="org.openqa.selenium.SessionNotCreatedException">org.openqa.selenium.SessionNotCreatedException: 
Unable to create a new remote session. Please check the server log for more details. Original error: An unknown server-side error occurred while processing the command. Original error: Could not proxy command to remote server. Original error: Error: connect ECONNREFUSED 127.0.0.1:8200
Build info: version: '3.141.59', revision: 'e82be7d358', time: '2018-11-14T08:17:03'
System info: host: 'COV-JQORRI-MBP.fios-router.home', ip: '192.168.1.151', os.name: 'Mac OS X', os.arch: 'x86_64', os.version: '10.14.6', java.version: '1.8.0_221'
Driver info: driver.version: AndroidDriver
remote stacktrace: UnknownError: An unknown server-side error occurred while processing the command. Original error: Could not proxy command to remote server. Original error: Error: connect ECONNREFUSED 127.0.0.1:8200
    at JWProxy.command (/usr/local/lib/node_modules/appium/node_modules/appium-base-driver/lib/jsonwp-proxy/proxy.js:261:13)
Build info: version: '3.141.59', revision: 'e82be7d358', time: '2018-11-14T08:17:03'
System info: host: 'COV-JQORRI-MBP.fios-router.home', ip: '192.168.1.151', os.name: 'Mac OS X', os.arch: 'x86_64', os.version: '10.14.6', java.version: '1.8.0_221'
Driver info: driver.version: AndroidDriver
Caused by: java.lang.reflect.InvocationTargetException
Caused by: org.openqa.selenium.WebDriverException: 
An unknown server-side error occurred while processing the command. Original error: Could not proxy command to remote server. Original error: Error: connect ECONNREFUSED 127.0.0.1:8200
Build info: version: '3.141.59', revision: 'e82be7d358', time: '2018-11-14T08:17:03'
System info: host: 'COV-JQORRI-MBP.fios-router.home', ip: '192.168.1.151', os.name: 'Mac OS X', os.arch: 'x86_64', os.version: '10.14.6', java.version: '1.8.0_221'
Driver info: driver.version: AndroidDriver
remote stacktrace: UnknownError: An unknown server-side error occurred while processing the command. Original error: Could not proxy command to remote server. Original error: Error: connect ECONNREFUSED 127.0.0.1:8200
    at JWProxy.command (/usr/local/lib/node_modules/appium/node_modules/appium-base-driver/lib/jsonwp-proxy/proxy.js:261:13)
</failure>
    <system-out><![CDATA[[debug] &amp#27;[35m[WD Proxy]&amp#27;[39m Matched '/status' to command name 'getStatus'
[debug] &amp#27;[35m[WD Proxy]&amp#27;[39m Proxying [GET /status] to [GET http://localhost:8200/wd/hub/status] with no body
&amp#27;[35m[WD Proxy]&amp#27;[39m Got an unexpected response with status undefined: {"errno":"ECONNREFUSED","code":"ECONNREFUSED","syscall":"connect","address":"127.0.0.1","port":8200}
[debug] &amp#27;[35m[Chromedriver]&amp#27;[39m Webview version: 'Chrome/79.0.3945.116'
[debug] &amp#27;[35m[WD Proxy]&amp#27;[39m Got response with status 200: {"value":{"capabilities":{"acceptInsecureCerts":false,"browserName":"chrome","browserVersion":"79.0.3945.116","chrome":{"chromedriverVersion":"79.0.3945.36 (3582db32b33893869b8c1339e8f4d9ed1816f143-refs/branch-heads/3945@{#614})"},"goog:chromeOptions":{"debuggerAddress":"localhost:64326"},"pageLoadStrategy":"normal","platformName":"android","proxy":{},"setWindowRect":false,"strictFileInteractability":false,"timeouts":{"implicit":0,"pageLoad":300000,"script":30000},"unhandledPromptBehavior":"dismiss and notify"},"sessionId":"05b523e90efea67aae9434500b3781e4"}}
&amp#27;[35m[WD Proxy]&amp#27;[39m Determined the downstream protocol as 'W3C'
[debug] &amp#27;[35m[Chromedriver]&amp#27;[39m Changed state to 'online'
[debug] &amp#27;[35m[WD Proxy]&amp#27;[39m Proxying [GET /appium/device/pixel_ratio] to [GET http://localhost:8200/wd/hub/session/1b7562d1-9b96-4ed6-8ab1-407a88a8aa14/appium/device/pixel_ratio] with body: {}
&amp#27;[35m[WD Proxy]&amp#27;[39m Got an unexpected response with status undefined: {"errno":"ECONNREFUSED","code":"ECONNREFUSED","syscall":"connect","address":"127.0.0.1","port":8200}
[debug] &amp#27;[35m[UiAutomator2]&amp#27;[39m Deleting UiAutomator2 session
[debug] &amp#27;[35m[AndroidDriver]&amp#27;[39m Stopping chromedriver for context CHROMIUM
[debug] &amp#27;[35m[Chromedriver]&amp#27;[39m Changed state to 'stopping'
[debug] &amp#27;[35m[WD Proxy]&amp#27;[39m Proxying [DELETE /] to [DELETE http://127.0.0.1:8000/wd/hub/session/05b523e90efea67aae9434500b3781e4] with no body
[debug] &amp#27;[35m[WD Proxy]&amp#27;[39m Matched '/status' to command name 'getStatus'
[debug] &amp#27;[35m[WD Proxy]&amp#27;[39m Proxying [GET /status] to [GET http://localhost:8200/wd/hub/status] with no body
&amp#27;[35m[WD Proxy]&amp#27;[39m Got an unexpected response with status undefined: {"errno":"ECONNREFUSED","code":"ECONNREFUSED","syscall":"connect","address":"127.0.0.1","port":8200}
[debug] &amp#27;[35m[WD Proxy]&amp#27;[39m Got response with status 200: {"value":null}
[debug] &amp#27;[35m[Chromedriver]&amp#27;[39m Changed state to 'stopped'
[debug] &amp#27;[35m[UiAutomator2]&amp#27;[39m Deleting UiAutomator2 server session
[debug] &amp#27;[35m[WD Proxy]&amp#27;[39m Matched '/' to command name 'deleteSession'
[debug] &amp#27;[35m[WD Proxy]&amp#27;[39m Proxying [DELETE /] to [DELETE http://localhost:8200/wd/hub/session/1b7562d1-9b96-4ed6-8ab1-407a88a8aa14] with no body
&amp#27;[35m[WD Proxy]&amp#27;[39m Got an unexpected response with status undefined: {"errno":"ECONNREFUSED","code":"ECONNREFUSED","syscall":"connect","address":"127.0.0.1","port":8200}
&amp#27;[35m[UiAutomator2]&amp#27;[39m Did not get confirmation UiAutomator2 deleteSession worked; Error was: UnknownError: An unknown server-side error occurred while processing the command. Original error: Could not proxy command to remote server. Original error: Error: connect ECONNREFUSED 127.0.0.1:8200
[debug] &amp#27;[35m[Logcat]&amp#27;[39m Stopping logcat capture
[debug] &amp#27;[35m[ADB]&amp#27;[39m Removing forwarded port socket connection: 8200 
[debug] &amp#27;[35m[ADB]&amp#27;[39m Running '/Users/jqorri/Library/Android/sdk/platform-tools/adb -P 5037 -s 192.168.56.101\:5555 forward --remove tcp\:8200'
&amp#27;[35m[UiAutomator2]&amp#27;[39m Unable to remove port forward 'Error executing adbExec. Original error: 'Command '/Users/jqorri/Library/Android/sdk/platform-tools/adb -P 5037 -s 192.168.56.101\:5555 forward --remove tcp\:8200' exited with code 1'; Stderr: 'adb: error: listener 'tcp:8200' not found'; Code: '1''
[debug] &amp#27;[35m[BaseDriver]&amp#27;[39m Event 'newSessionStarted' logged at 1579729635559 (16:47:15 GMT-0500 (Eastern Standard Time))
[debug] &amp#27;[35m[W3C]&amp#27;[39m Encountered internal error running command: UnknownError: An unknown server-side error occurred while processing the command. Original error: Could not proxy command to remote server. Original error: Error: connect ECONNREFUSED 127.0.0.1:8200
[debug] &amp#27;[35m[W3C]&amp#27;[39m     at JWProxy.command (/usr/local/lib/node_modules/appium/node_modules/appium-base-driver/lib/jsonwp-proxy/proxy.js:261:13)
&amp#27;[35m[HTTP]&amp#27;[39m &amp#27;[37m<-- POST /wd/hub/session &amp#27;[39m&amp#27;[31m500&amp#27;[39m &amp#27;[90m17637 ms - 572&amp#27;[39m
&amp#27;[35m[HTTP]&amp#27;[39m &amp#27;[90m&amp#27;[39m
]]></system-out>
  </testcase>
  <testcase name="runScenario" classname="RunCucumberTest" time="48.76">
    <failure message="Unable to create a new remote session. Please check the server log for more details. Original error: An unknown server-side error occurred while processing the command. Original error: The instrumentation process cannot be initialized within 30000ms timeout. Make sure the application under test does not crash and investigate the logcat output. You could also try to increase the value of &apos;uiautomator2ServerLaunchTimeout&apos; capability. &#10;Build info: version: &apos;3.141.59&apos;, revision: &apos;e82be7d358&apos;, time: &apos;2018-11-14T08:17:03&apos;&#10;System info: host: &apos;COV-JQORRI-MBP.fios-router.home&apos;, ip: &apos;192.168.1.151&apos;, os.name: &apos;Mac OS X&apos;, os.arch: &apos;x86_64&apos;, os.version: &apos;10.14.6&apos;, java.version: &apos;1.8.0_221&apos;&#10;Driver info: driver.version: AndroidDriver&#10;remote stacktrace: UnknownError: An unknown server-side error occurred while processing the command. Original error: The instrumentation process cannot be initialized within 30000ms timeout. Make sure the application under test does not crash and investigate the logcat output. You could also try to increase the value of &apos;uiautomator2ServerLaunchTimeout&apos; capability. &#10;    at getResponseForW3CError (/usr/local/lib/node_modules/appium/node_modules/appium-base-driver/lib/protocol/errors.js:804:9)&#10;    at asyncHandler (/usr/local/lib/node_modules/appium/node_modules/appium-base-driver/lib/protocol/protocol.js:388:37)&#10;Build info: version: &apos;3.141.59&apos;, revision: &apos;e82be7d358&apos;, time: &apos;2018-11-14T08:17:03&apos;&#10;System info: host: &apos;COV-JQORRI-MBP.fios-router.home&apos;, ip: &apos;192.168.1.151&apos;, os.name: &apos;Mac OS X&apos;, os.arch: &apos;x86_64&apos;, os.version: &apos;10.14.6&apos;, java.version: &apos;1.8.0_221&apos;&#10;Driver info: driver.version: AndroidDriver" type="org.openqa.selenium.SessionNotCreatedException">org.openqa.selenium.SessionNotCreatedException: 
Unable to create a new remote session. Please check the server log for more details. Original error: An unknown server-side error occurred while processing the command. Original error: The instrumentation process cannot be initialized within 30000ms timeout. Make sure the application under test does not crash and investigate the logcat output. You could also try to increase the value of 'uiautomator2ServerLaunchTimeout' capability. 
Build info: version: '3.141.59', revision: 'e82be7d358', time: '2018-11-14T08:17:03'
System info: host: 'COV-JQORRI-MBP.fios-router.home', ip: '192.168.1.151', os.name: 'Mac OS X', os.arch: 'x86_64', os.version: '10.14.6', java.version: '1.8.0_221'
Driver info: driver.version: AndroidDriver
remote stacktrace: UnknownError: An unknown server-side error occurred while processing the command. Original error: The instrumentation process cannot be initialized within 30000ms timeout. Make sure the application under test does not crash and investigate the logcat output. You could also try to increase the value of 'uiautomator2ServerLaunchTimeout' capability. 
    at getResponseForW3CError (/usr/local/lib/node_modules/appium/node_modules/appium-base-driver/lib/protocol/errors.js:804:9)
    at asyncHandler (/usr/local/lib/node_modules/appium/node_modules/appium-base-driver/lib/protocol/protocol.js:388:37)
Build info: version: '3.141.59', revision: 'e82be7d358', time: '2018-11-14T08:17:03'
System info: host: 'COV-JQORRI-MBP.fios-router.home', ip: '192.168.1.151', os.name: 'Mac OS X', os.arch: 'x86_64', os.version: '10.14.6', java.version: '1.8.0_221'
Driver info: driver.version: AndroidDriver
Caused by: java.lang.reflect.InvocationTargetException
Caused by: org.openqa.selenium.WebDriverException: 
An unknown server-side error occurred while processing the command. Original error: The instrumentation process cannot be initialized within 30000ms timeout. Make sure the application under test does not crash and investigate the logcat output. You could also try to increase the value of 'uiautomator2ServerLaunchTimeout' capability. 
Build info: version: '3.141.59', revision: 'e82be7d358', time: '2018-11-14T08:17:03'
System info: host: 'COV-JQORRI-MBP.fios-router.home', ip: '192.168.1.151', os.name: 'Mac OS X', os.arch: 'x86_64', os.version: '10.14.6', java.version: '1.8.0_221'
Driver info: driver.version: AndroidDriver
remote stacktrace: UnknownError: An unknown server-side error occurred while processing the command. Original error: The instrumentation process cannot be initialized within 30000ms timeout. Make sure the application under test does not crash and investigate the logcat output. You could also try to increase the value of 'uiautomator2ServerLaunchTimeout' capability. 
    at getResponseForW3CError (/usr/local/lib/node_modules/appium/node_modules/appium-base-driver/lib/protocol/errors.js:804:9)
    at asyncHandler (/usr/local/lib/node_modules/appium/node_modules/appium-base-driver/lib/protocol/protocol.js:388:37)
</failure>
    <system-out><![CDATA[[debug] &amp#27;[35m[WD Proxy]&amp#27;[39m Matched '/status' to command name 'getStatus'
[debug] &amp#27;[35m[WD Proxy]&amp#27;[39m Proxying [GET /status] to [GET http://localhost:8200/wd/hub/status] with no body
&amp#27;[35m[WD Proxy]&amp#27;[39m Got an unexpected response with status undefined: {"errno":"ECONNREFUSED","code":"ECONNREFUSED","syscall":"connect","address":"127.0.0.1","port":8200}
[debug] &amp#27;[35m[WD Proxy]&amp#27;[39m Matched '/status' to command name 'getStatus'
[debug] &amp#27;[35m[WD Proxy]&amp#27;[39m Proxying [GET /status] to [GET http://localhost:8200/wd/hub/status] with no body
&amp#27;[35m[WD Proxy]&amp#27;[39m Got an unexpected response with status undefined: {"errno":"ECONNREFUSED","code":"ECONNREFUSED","syscall":"connect","address":"127.0.0.1","port":8200}
[debug] &amp#27;[35m[WD Proxy]&amp#27;[39m Matched '/status' to command name 'getStatus'
[debug] &amp#27;[35m[WD Proxy]&amp#27;[39m Proxying [GET /status] to [GET http://localhost:8200/wd/hub/status] with no body
&amp#27;[35m[WD Proxy]&amp#27;[39m Got an unexpected response with status undefined: {"errno":"ECONNREFUSED","code":"ECONNREFUSED","syscall":"connect","address":"127.0.0.1","port":8200}
[debug] &amp#27;[35m[WD Proxy]&amp#27;[39m Matched '/status' to command name 'getStatus'
[debug] &amp#27;[35m[WD Proxy]&amp#27;[39m Proxying [GET /status] to [GET http://localhost:8200/wd/hub/status] with no body
&amp#27;[35m[WD Proxy]&amp#27;[39m Got an unexpected response with status undefined: {"errno":"ECONNREFUSED","code":"ECONNREFUSED","syscall":"connect","address":"127.0.0.1","port":8200}
[debug] &amp#27;[35m[WD Proxy]&amp#27;[39m Matched '/status' to command name 'getStatus'
[debug] &amp#27;[35m[WD Proxy]&amp#27;[39m Proxying [GET /status] to [GET http://localhost:8200/wd/hub/status] with no body
&amp#27;[35m[WD Proxy]&amp#27;[39m Got an unexpected response with status undefined: {"errno":"ECONNREFUSED","code":"ECONNREFUSED","syscall":"connect","address":"127.0.0.1","port":8200}
[debug] &amp#27;[35m[WD Proxy]&amp#27;[39m Matched '/status' to command name 'getStatus'
[debug] &amp#27;[35m[WD Proxy]&amp#27;[39m Proxying [GET /status] to [GET http://localhost:8200/wd/hub/status] with no body
&amp#27;[35m[WD Proxy]&amp#27;[39m Got an unexpected response with status undefined: {"errno":"ECONNREFUSED","code":"ECONNREFUSED","syscall":"connect","address":"127.0.0.1","port":8200}
[debug] &amp#27;[35m[WD Proxy]&amp#27;[39m Matched '/status' to command name 'getStatus'
[debug] &amp#27;[35m[WD Proxy]&amp#27;[39m Proxying [GET /status] to [GET http://localhost:8200/wd/hub/status] with no body
&amp#27;[35m[WD Proxy]&amp#27;[39m Got an unexpected response with status undefined: {"errno":"ECONNREFUSED","code":"ECONNREFUSED","syscall":"connect","address":"127.0.0.1","port":8200}
[debug] &amp#27;[35m[WD Proxy]&amp#27;[39m Matched '/status' to command name 'getStatus'
[debug] &amp#27;[35m[WD Proxy]&amp#27;[39m Proxying [GET /status] to [GET http://localhost:8200/wd/hub/status] with no body
&amp#27;[35m[WD Proxy]&amp#27;[39m Got an unexpected response with status undefined: {"errno":"ECONNREFUSED","code":"ECONNREFUSED","syscall":"connect","address":"127.0.0.1","port":8200}
[debug] &amp#27;[35m[WD Proxy]&amp#27;[39m Matched '/status' to command name 'getStatus'
[debug] &amp#27;[35m[WD Proxy]&amp#27;[39m Proxying [GET /status] to [GET http://localhost:8200/wd/hub/status] with no body
&amp#27;[35m[WD Proxy]&amp#27;[39m Got an unexpected response with status undefined: {"errno":"ECONNREFUSED","code":"ECONNREFUSED","syscall":"connect","address":"127.0.0.1","port":8200}
[debug] &amp#27;[35m[WD Proxy]&amp#27;[39m Matched '/status' to command name 'getStatus'
[debug] &amp#27;[35m[WD Proxy]&amp#27;[39m Proxying [GET /status] to [GET http://localhost:8200/wd/hub/status] with no body
&amp#27;[35m[WD Proxy]&amp#27;[39m Got an unexpected response with status undefined: {"errno":"ECONNREFUSED","code":"ECONNREFUSED","syscall":"connect","address":"127.0.0.1","port":8200}
[debug] &amp#27;[35m[WD Proxy]&amp#27;[39m Matched '/status' to command name 'getStatus'
[debug] &amp#27;[35m[WD Proxy]&amp#27;[39m Proxying [GET /status] to [GET http://localhost:8200/wd/hub/status] with no body
&amp#27;[35m[WD Proxy]&amp#27;[39m Got an unexpected response with status undefined: {"errno":"ECONNREFUSED","code":"ECONNREFUSED","syscall":"connect","address":"127.0.0.1","port":8200}
[debug] &amp#27;[35m[WD Proxy]&amp#27;[39m Matched '/status' to command name 'getStatus'
[debug] &amp#27;[35m[WD Proxy]&amp#27;[39m Proxying [GET /status] to [GET http://localhost:8200/wd/hub/status] with no body
&amp#27;[35m[WD Proxy]&amp#27;[39m Got an unexpected response with status undefined: {"errno":"ECONNREFUSED","code":"ECONNREFUSED","syscall":"connect","address":"127.0.0.1","port":8200}
[debug] &amp#27;[35m[WD Proxy]&amp#27;[39m Matched '/status' to command name 'getStatus'
[debug] &amp#27;[35m[WD Proxy]&amp#27;[39m Proxying [GET /status] to [GET http://localhost:8200/wd/hub/status] with no body
&amp#27;[35m[WD Proxy]&amp#27;[39m Got an unexpected response with status undefined: {"errno":"ECONNREFUSED","code":"ECONNREFUSED","syscall":"connect","address":"127.0.0.1","port":8200}
[debug] &amp#27;[35m[WD Proxy]&amp#27;[39m Matched '/status' to command name 'getStatus'
[debug] &amp#27;[35m[WD Proxy]&amp#27;[39m Proxying [GET /status] to [GET http://localhost:8200/wd/hub/status] with no body
&amp#27;[35m[WD Proxy]&amp#27;[39m Got an unexpected response with status undefined: {"errno":"ECONNREFUSED","code":"ECONNREFUSED","syscall":"connect","address":"127.0.0.1","port":8200}
[debug] &amp#27;[35m[WD Proxy]&amp#27;[39m Matched '/status' to command name 'getStatus'
[debug] &amp#27;[35m[WD Proxy]&amp#27;[39m Proxying [GET /status] to [GET http://localhost:8200/wd/hub/status] with no body
&amp#27;[35m[WD Proxy]&amp#27;[39m Got an unexpected response with status undefined: {"errno":"ECONNREFUSED","code":"ECONNREFUSED","syscall":"connect","address":"127.0.0.1","port":8200}
[debug] &amp#27;[35m[WD Proxy]&amp#27;[39m Matched '/status' to command name 'getStatus'
[debug] &amp#27;[35m[WD Proxy]&amp#27;[39m Proxying [GET /status] to [GET http://localhost:8200/wd/hub/status] with no body
&amp#27;[35m[WD Proxy]&amp#27;[39m Got an unexpected response with status undefined: {"errno":"ECONNREFUSED","code":"ECONNREFUSED","syscall":"connect","address":"127.0.0.1","port":8200}
[debug] &amp#27;[35m[WD Proxy]&amp#27;[39m Matched '/status' to command name 'getStatus'
[debug] &amp#27;[35m[WD Proxy]&amp#27;[39m Proxying [GET /status] to [GET http://localhost:8200/wd/hub/status] with no body
&amp#27;[35m[WD Proxy]&amp#27;[39m Got an unexpected response with status undefined: {"errno":"ECONNREFUSED","code":"ECONNREFUSED","syscall":"connect","address":"127.0.0.1","port":8200}
[debug] &amp#27;[35m[WD Proxy]&amp#27;[39m Matched '/status' to command name 'getStatus'
[debug] &amp#27;[35m[WD Proxy]&amp#27;[39m Proxying [GET /status] to [GET http://localhost:8200/wd/hub/status] with no body
&amp#27;[35m[WD Proxy]&amp#27;[39m Got an unexpected response with status undefined: {"errno":"ECONNREFUSED","code":"ECONNREFUSED","syscall":"connect","address":"127.0.0.1","port":8200}
[debug] &amp#27;[35m[WD Proxy]&amp#27;[39m Matched '/status' to command name 'getStatus'
[debug] &amp#27;[35m[WD Proxy]&amp#27;[39m Proxying [GET /status] to [GET http://localhost:8200/wd/hub/status] with no body
&amp#27;[35m[WD Proxy]&amp#27;[39m Got an unexpected response with status undefined: {"errno":"ECONNREFUSED","code":"ECONNREFUSED","syscall":"connect","address":"127.0.0.1","port":8200}
[debug] &amp#27;[35m[WD Proxy]&amp#27;[39m Matched '/status' to command name 'getStatus'
[debug] &amp#27;[35m[WD Proxy]&amp#27;[39m Proxying [GET /status] to [GET http://localhost:8200/wd/hub/status] with no body
&amp#27;[35m[WD Proxy]&amp#27;[39m Got an unexpected response with status undefined: {"errno":"ECONNREFUSED","code":"ECONNREFUSED","syscall":"connect","address":"127.0.0.1","port":8200}
[debug] &amp#27;[35m[WD Proxy]&amp#27;[39m Matched '/status' to command name 'getStatus'
[debug] &amp#27;[35m[WD Proxy]&amp#27;[39m Proxying [GET /status] to [GET http://localhost:8200/wd/hub/status] with no body
&amp#27;[35m[WD Proxy]&amp#27;[39m Got an unexpected response with status undefined: {"errno":"ECONNREFUSED","code":"ECONNREFUSED","syscall":"connect","address":"127.0.0.1","port":8200}
[debug] &amp#27;[35m[WD Proxy]&amp#27;[39m Matched '/status' to command name 'getStatus'
[debug] &amp#27;[35m[WD Proxy]&amp#27;[39m Proxying [GET /status] to [GET http://localhost:8200/wd/hub/status] with no body
&amp#27;[35m[WD Proxy]&amp#27;[39m Got an unexpected response with status undefined: {"errno":"ECONNREFUSED","code":"ECONNREFUSED","syscall":"connect","address":"127.0.0.1","port":8200}
[debug] &amp#27;[35m[WD Proxy]&amp#27;[39m Matched '/status' to command name 'getStatus'
[debug] &amp#27;[35m[WD Proxy]&amp#27;[39m Proxying [GET /status] to [GET http://localhost:8200/wd/hub/status] with no body
&amp#27;[35m[WD Proxy]&amp#27;[39m Got an unexpected response with status undefined: {"errno":"ECONNREFUSED","code":"ECONNREFUSED","syscall":"connect","address":"127.0.0.1","port":8200}
[debug] &amp#27;[35m[WD Proxy]&amp#27;[39m Matched '/status' to command name 'getStatus'
[debug] &amp#27;[35m[WD Proxy]&amp#27;[39m Proxying [GET /status] to [GET http://localhost:8200/wd/hub/status] with no body
&amp#27;[35m[WD Proxy]&amp#27;[39m Got an unexpected response with status undefined: {"errno":"ECONNREFUSED","code":"ECONNREFUSED","syscall":"connect","address":"127.0.0.1","port":8200}
[debug] &amp#27;[35m[WD Proxy]&amp#27;[39m Matched '/status' to command name 'getStatus'
[debug] &amp#27;[35m[WD Proxy]&amp#27;[39m Proxying [GET /status] to [GET http://localhost:8200/wd/hub/status] with no body
&amp#27;[35m[WD Proxy]&amp#27;[39m Got an unexpected response with status undefined: {"errno":"ECONNREFUSED","code":"ECONNREFUSED","syscall":"connect","address":"127.0.0.1","port":8200}
[debug] &amp#27;[35m[WD Proxy]&amp#27;[39m Matched '/status' to command name 'getStatus'
[debug] &amp#27;[35m[WD Proxy]&amp#27;[39m Proxying [GET /status] to [GET http://localhost:8200/wd/hub/status] with no body
&amp#27;[35m[WD Proxy]&amp#27;[39m Got an unexpected response with status undefined: {"errno":"ECONNREFUSED","code":"ECONNREFUSED","syscall":"connect","address":"127.0.0.1","port":8200}
[debug] &amp#27;[35m[WD Proxy]&amp#27;[39m Matched '/status' to command name 'getStatus'
[debug] &amp#27;[35m[WD Proxy]&amp#27;[39m Proxying [GET /status] to [GET http://localhost:8200/wd/hub/status] with no body
&amp#27;[35m[WD Proxy]&amp#27;[39m Got an unexpected response with status undefined: {"errno":"ECONNREFUSED","code":"ECONNREFUSED","syscall":"connect","address":"127.0.0.1","port":8200}
[debug] &amp#27;[35m[WD Proxy]&amp#27;[39m Matched '/status' to command name 'getStatus'
[debug] &amp#27;[35m[WD Proxy]&amp#27;[39m Proxying [GET /status] to [GET http://localhost:8200/wd/hub/status] with no body
&amp#27;[35m[WD Proxy]&amp#27;[39m Got an unexpected response with status undefined: {"errno":"ECONNREFUSED","code":"ECONNREFUSED","syscall":"connect","address":"127.0.0.1","port":8200}
&amp#27;[35m[UiAutomator2]&amp#27;[39m Error: The instrumentation process cannot be initialized within 30000ms timeout. Make sure the application under test does not crash and investigate the logcat output. You could also try to increase the value of 'uiautomator2ServerLaunchTimeout' capability. 
&amp#27;[35m[UiAutomator2]&amp#27;[39m     at Object.wrappedLogger.errorAndThrow (/usr/local/lib/node_modules/[debug] &amp#27;[35m[UiAutomator2]&amp#27;[39appium/node_modules/appim Delum-support/libeting /loggingUiAutomator2 s.js:79:13)e
&amp#27;[3ssion
5m[UiAutomator[deb2]&amp#27;[ug] &amp#27;[35m[UiAutomator2]39m     at UiAutomator2&amp#27;[39Server.errorAm Deleting UindThroAutomatorw [as 2 server sesstartSession] (/usr/local/lib/node_modules/appium/nsion
ode_[debugmodules/appiu] &amp#27;[35mm-uiautomator2-driver/lib/uiautomator2.[WD Proxy]&amp#27;[39m js:216Matched '/' t:15)
o command name 'deleteSession'
&amp#27;[35m[UiAutomator2]&amp#27;[39m Did not get confirmation UiAutomator2 deleteSession worked; Error was: UnknownError: An unknown server-side error occurred while processing the command. Original error: Trying to proxy a session command without session id
[debug] &amp#27;[35m[Logcat]&amp#27;[39m Stopping logcat capture
[debug] &amp#27;[35m[ADB]&amp#27;[39m Removing forwarded port socket connection: 8200 
[debug] &amp#27;[35m[ADB]&amp#27;[39m Running '/Users/jqorri/Library/Android/sdk/platform-tools/adb -P 5037 -s 192.168.56.101\:5555 forward --remove tcp\:8200'
&amp#27;[35m[UiAutomator2]&amp#27;[39m Unable to remove port forward 'Error executing adbExec. Original error: 'Command '/Users/jqorri/Library/Android/sdk/platform-tools/adb -P 5037 -s 192.168.56.101\:5555 forward --remove tcp\:8200' exited with code 1'; Stderr: 'adb: error: listener 'tcp:8200' not found'; Code: '1''
[debug] &amp#27;[35m[BaseDriver]&amp#27;[39m Event 'newSessionStarted' logged at 1579729663465 (16:47:43 GMT-0500 (Eastern Standard Time))
[debug] &amp#27;[35m[W3C]&amp#27;[39m Encountered internal error running command: Error: The instrumentation process cannot be initialized within 30000ms timeout. Make sure the application under test does not crash and investigate the logcat output. You could also try to increase the value of 'uiautomator2ServerLaunchTimeout' capability. 
[debug] &amp#27;[35m[W3C]&amp#27;[39m     at Object.wrappedLogger.errorAndThrow (/usr/local/lib/node_modules/appium/node_modules/appium-support/lib/logging.js:79:13)
[debug] &amp#27;[35m[W3C]&amp#27;[39m     at UiAutomator2Server.errorAndThrow [as startSession] (/usr/local/lib/node_modules/appium/node_modules/appium-uiautomator2-driver/lib/uiautomator2.js:216:15)
&amp#27;[35m[HTTP]&amp#27;[39m &amp#27;[37m<-- POST /wd/hub/session &amp#27;[39m&amp#27;[31m500&amp#27;[39m &amp#27;[90m45871 ms - 999&amp#27;[39m
&amp#27;[35m[HTTP]&amp#27;[39m &amp#27;[90m&amp#27;[39m
]]></system-out>
  </testcase>
</testsuite>